2026-01-08 13:25:43.998 [info] [main] Log level: Info
2026-01-08 13:25:43.998 [info] [main] Validating found git in: "git"
2026-01-08 13:25:43.998 [info] [main] Using git "2.43.0" from "git"
2026-01-08 13:25:43.998 [info] [Model][doInitialScan] Initial repository scan started
2026-01-08 13:25:43.998 [info] > git rev-parse --show-toplevel [3ms]
2026-01-08 13:25:44.006 [info] > git rev-parse --git-dir --git-common-dir --show-superproject-working-tree [10ms]
2026-01-08 13:25:44.018 [info] [Model][openRepository] Opened repository (path): /home/palantir
2026-01-08 13:25:44.018 [info] [Model][openRepository] Opened repository (real path): /home/palantir
2026-01-08 13:25:44.018 [info] [Model][openRepository] Opened repository (kind): repository
2026-01-08 13:25:44.030 [info] > git config --get commit.template [4ms]
2026-01-08 13:25:44.031 [info] > git rev-parse --show-toplevel [3ms]
2026-01-08 13:25:44.040 [info] > git rev-parse --show-toplevel [1ms]
2026-01-08 13:25:44.040 [info] > git for-each-ref --format=%(refname)%00%(upstream:short)%00%(objectname)%00%(upstream:track)%00%(upstream:remotename)%00%(upstream:remoteref) refs/heads/master refs/remotes/master [7ms]
2026-01-08 13:25:44.048 [info] > git rev-parse --show-toplevel [6ms]
2026-01-08 13:25:44.052 [info] > git rev-parse --show-toplevel [2ms]
2026-01-08 13:25:44.052 [info] > git for-each-ref --sort -committerdate --format %(refname)%00%(objectname)%00%(*objectname) [4ms]
2026-01-08 13:25:44.057 [info] > git rev-parse --show-toplevel [0ms]
2026-01-08 13:25:44.059 [info] > git rev-parse --show-toplevel [1ms]
2026-01-08 13:25:44.061 [info] > git rev-parse --show-toplevel [0ms]
2026-01-08 13:25:44.064 [info] > git rev-parse --show-toplevel [1ms]
2026-01-08 13:25:44.066 [info] > git rev-parse --show-toplevel [0ms]
2026-01-08 13:25:44.069 [info] > git rev-parse --show-toplevel [1ms]
2026-01-08 13:25:44.072 [info] > git rev-parse --show-toplevel [1ms]
2026-01-08 13:25:44.079 [info] > git rev-parse --git-dir --git-common-dir --show-superproject-working-tree [5ms]
2026-01-08 13:25:44.083 [info] [Model][openRepository] Opened repository (path): /home/palantir/.nvm
2026-01-08 13:25:44.083 [info] [Model][openRepository] Opened repository (real path): /home/palantir/.nvm
2026-01-08 13:25:44.083 [info] [Model][openRepository] Opened repository (kind): repository
2026-01-08 13:25:44.093 [info] > git config --get commit.template [6ms]
2026-01-08 13:25:44.094 [info] > git rev-parse --show-toplevel [5ms]
2026-01-08 13:25:44.099 [info] > git rev-parse --show-toplevel [0ms]
2026-01-08 13:25:44.101 [info] > git for-each-ref --format %(refname)%00%(objectname)%00%(*objectname) refs/tags [5ms]
2026-01-08 13:25:44.107 [info] > git rev-parse --show-toplevel [7ms]
2026-01-08 13:25:44.109 [info] > git for-each-ref --sort -committerdate --format %(refname)%00%(objectname)%00%(*objectname) [3ms]
2026-01-08 13:25:44.110 [info] > git rev-parse --show-toplevel [1ms]
2026-01-08 13:25:44.115 [info] > git rev-parse --git-dir --git-common-dir --show-superproject-working-tree [3ms]
2026-01-08 13:25:44.120 [info] [Model][openRepository] Opened repository (path): /home/palantir/hwpx
2026-01-08 13:25:44.120 [info] [Model][openRepository] Opened repository (real path): /home/palantir/hwpx
2026-01-08 13:25:44.120 [info] [Model][openRepository] Opened repository (kind): repository
2026-01-08 13:25:44.128 [info] > git config --get commit.template [2ms]
2026-01-08 13:25:44.128 [info] > git rev-parse --show-toplevel [1ms]
2026-01-08 13:25:44.133 [info] > git rev-parse --show-toplevel [1ms]
2026-01-08 13:25:44.140 [info] [Model][doInitialScan] Initial repository scan completed - repositories (3), closed repositories (0), parent repositories (0), unsafe repositories (0)
2026-01-08 13:25:44.142 [info] > git for-each-ref --format=%(refname)%00%(upstream:short)%00%(objectname)%00%(upstream:track)%00%(upstream:remotename)%00%(upstream:remoteref) refs/heads/hwpx refs/remotes/hwpx [11ms]
2026-01-08 13:25:44.151 [info] > git for-each-ref --sort -committerdate --format %(refname)%00%(objectname)%00%(*objectname) [4ms]
2026-01-08 13:25:44.156 [info] > git status -z -uall [11ms]
2026-01-08 13:25:44.181 [info] > git status -z -uall [77ms]
2026-01-08 13:25:44.181 [info] > git for-each-ref --format=%(refname)%00%(upstream:short)%00%(objectname)%00%(upstream:track)%00%(upstream:remotename)%00%(upstream:remoteref) refs/heads/hwpx refs/remotes/hwpx [5ms]
2026-01-08 13:25:44.190 [info] > git config --get --local branch.hwpx.vscode-merge-base [7ms]
2026-01-08 13:25:44.192 [info] > git config --get commit.template [11ms]
2026-01-08 13:25:44.199 [info] > git config --get commit.template [9ms]
2026-01-08 13:25:44.202 [info] > git for-each-ref --format=%(refname)%00%(upstream:short)%00%(objectname)%00%(upstream:track)%00%(upstream:remotename)%00%(upstream:remoteref) refs/heads/origin/main refs/remotes/origin/main [10ms]
2026-01-08 13:25:44.208 [info] > git for-each-ref --format=%(refname)%00%(upstream:short)%00%(objectname)%00%(upstream:track)%00%(upstream:remotename)%00%(upstream:remoteref) refs/heads/hwpx refs/remotes/hwpx [7ms]
2026-01-08 13:25:44.209 [info] > git for-each-ref --format %(refname)%00%(objectname)%00%(*objectname) refs/tags [1ms]
2026-01-08 13:25:44.214 [info] > git merge-base refs/heads/hwpx refs/remotes/origin/hwpx [9ms]
2026-01-08 13:25:44.217 [info] > git for-each-ref --sort -committerdate --format %(refname)%00%(objectname)%00%(*objectname) [4ms]
2026-01-08 13:25:44.218 [info] > git status -z -uall [7ms]
2026-01-08 13:25:44.220 [info] > git diff --name-status -z --diff-filter=ADMR 014888d6f6849d574a1167a6f77101d64926fcf1...refs/remotes/origin/hwpx [4ms]
2026-01-08 13:25:44.225 [info] > git status -z -uall [3ms]
2026-01-08 13:25:44.225 [info] > git for-each-ref --sort -committerdate --format %(refname)%00%(objectname)%00%(*objectname) [1ms]
2026-01-08 13:25:44.417 [info] > git status -z -uall [372ms]
2026-01-08 13:25:44.468 [info] > git config --get commit.template [2ms]
2026-01-08 13:25:44.468 [info] > git for-each-ref --format=%(refname)%00%(upstream:short)%00%(objectname)%00%(upstream:track)%00%(upstream:remotename)%00%(upstream:remoteref) refs/heads/master refs/remotes/master [5ms]
2026-01-08 13:25:44.473 [info] > git config --get --local branch.master.vscode-merge-base [3ms]
2026-01-08 13:25:44.473 [warning] [Git][config] git config failed: Failed to execute git
2026-01-08 13:25:44.476 [info] > git for-each-ref --format=%(refname)%00%(upstream:short)%00%(objectname)%00%(upstream:track)%00%(upstream:remotename)%00%(upstream:remoteref) refs/heads/master refs/remotes/master [3ms]
2026-01-08 13:25:44.481 [info] > git reflog master --grep-reflog=branch: Created from *. [5ms]
2026-01-08 13:25:44.483 [info] > git for-each-ref --sort -committerdate --format %(refname)%00%(objectname)%00%(*objectname) [2ms]
2026-01-08 13:25:44.485 [info] > git symbolic-ref --short refs/remotes/origin/HEAD [1ms]
2026-01-08 13:25:44.485 [info] fatal: ref refs/remotes/origin/HEAD is not a symbolic ref
2026-01-08 13:25:44.485 [warning] [Repository][getDefaultBranch] Failed to get default branch details: Failed to execute git.
2026-01-08 13:25:44.488 [info] > git merge-base refs/heads/master refs/remotes/origin/master [2ms]
2026-01-08 13:25:45.086 [info] > git status -z -uall [607ms]
2026-01-08 13:25:45.086 [info] > git fetch [1069ms]
2026-01-08 13:25:45.086 [info] From https://github.com/park-kyungchan/palantir
   2d5781d1..070af59d  palantir   -> origin/palantir
2026-01-08 13:25:45.087 [info] > git fetch [1004ms]
2026-01-08 13:25:45.088 [info] > git fetch [968ms]
2026-01-08 13:25:45.088 [info] Missing or invalid credentials.
Skip silent fetch commands
Missing or invalid credentials.
Skip silent fetch commands
remote: Repository not found.
fatal: Authentication failed for 'https://github.com/park-kyungchan/hwpx-automation/'
2026-01-08 13:25:45.109 [info] > git check-ignore -v -z --stdin [15ms]
2026-01-08 13:25:45.109 [info] > git check-ignore -v -z --stdin [13ms]
2026-01-08 13:25:45.110 [info] > git rev-parse --show-toplevel [4ms]
2026-01-08 13:25:45.110 [info] > git config --get commit.template [6ms]
2026-01-08 13:25:45.110 [info] > git config --get commit.template [8ms]
2026-01-08 13:25:45.110 [info] > git config --get commit.template [10ms]
2026-01-08 13:25:45.123 [info] > git for-each-ref --format %(refname)%00%(objectname)%00%(*objectname) refs/tags [3ms]
2026-01-08 13:25:45.128 [info] > git for-each-ref --format=%(refname)%00%(upstream:short)%00%(objectname)%00%(upstream:track)%00%(upstream:remotename)%00%(upstream:remoteref) refs/heads/master refs/remotes/master [10ms]
2026-01-08 13:25:45.129 [info] > git for-each-ref --sort -committerdate --format %(refname)%00%(objectname)%00%(*objectname) [1ms]
2026-01-08 13:25:45.130 [info] > git for-each-ref --format=%(refname)%00%(upstream:short)%00%(objectname)%00%(upstream:track)%00%(upstream:remotename)%00%(upstream:remoteref) refs/heads/hwpx refs/remotes/hwpx [8ms]
2026-01-08 13:25:45.140 [info] > git status -z -uall [15ms]
2026-01-08 13:25:45.142 [info] > git status -z -uall [6ms]
2026-01-08 13:25:45.142 [info] > git for-each-ref --sort -committerdate --format %(refname)%00%(objectname)%00%(*objectname) [3ms]
2026-01-08 13:25:45.144 [info] > git for-each-ref --sort -committerdate --format %(refname)%00%(objectname)%00%(*objectname) [10ms]
2026-01-08 13:25:45.179 [info] > git status -z -uall [47ms]
2026-01-08 13:25:45.798 [info] > git rev-parse --show-toplevel [24ms]
2026-01-08 13:25:52.858 [info] > git config --get commit.template [3ms]
2026-01-08 13:25:52.865 [info] > git for-each-ref --format=%(refname)%00%(upstream:short)%00%(objectname)%00%(upstream:track)%00%(upstream:remotename)%00%(upstream:remoteref) refs/heads/master refs/remotes/master [3ms]
2026-01-08 13:25:52.878 [info] > git for-each-ref --sort -committerdate --format %(refname)%00%(objectname)%00%(*objectname) [3ms]
2026-01-08 13:25:52.924 [info] > git status -z -uall [53ms]
2026-01-08 13:25:57.967 [info] > git config --get commit.template [4ms]
2026-01-08 13:25:57.967 [info] > git for-each-ref --format=%(refname)%00%(upstream:short)%00%(objectname)%00%(upstream:track)%00%(upstream:remotename)%00%(upstream:remoteref) refs/heads/master refs/remotes/master [1ms]
2026-01-08 13:25:57.973 [info] > git for-each-ref --sort -committerdate --format %(refname)%00%(objectname)%00%(*objectname) [1ms]
2026-01-08 13:25:58.004 [info] > git status -z -uall [35ms]
2026-01-08 13:26:03.032 [info] > git config --get commit.template [0ms]
2026-01-08 13:26:03.036 [info] > git for-each-ref --format=%(refname)%00%(upstream:short)%00%(objectname)%00%(upstream:track)%00%(upstream:remotename)%00%(upstream:remoteref) refs/heads/master refs/remotes/master [1ms]
2026-01-08 13:26:03.041 [info] > git for-each-ref --sort -committerdate --format %(refname)%00%(objectname)%00%(*objectname) [1ms]
2026-01-08 13:26:03.070 [info] > git status -z -uall [32ms]
2026-01-08 13:26:08.102 [info] > git config --get commit.template [2ms]
2026-01-08 13:26:08.106 [info] > git for-each-ref --format=%(refname)%00%(upstream:short)%00%(objectname)%00%(upstream:track)%00%(upstream:remotename)%00%(upstream:remoteref) refs/heads/master refs/remotes/master [1ms]
2026-01-08 13:26:08.112 [info] > git for-each-ref --sort -committerdate --format %(refname)%00%(objectname)%00%(*objectname) [2ms]
2026-01-08 13:26:08.143 [info] > git status -z -uall [35ms]
2026-01-08 13:26:13.173 [info] > git config --get commit.template [3ms]
2026-01-08 13:26:13.173 [info] > git for-each-ref --format=%(refname)%00%(upstream:short)%00%(objectname)%00%(upstream:track)%00%(upstream:remotename)%00%(upstream:remoteref) refs/heads/master refs/remotes/master [1ms]
2026-01-08 13:26:13.180 [info] > git for-each-ref --sort -committerdate --format %(refname)%00%(objectname)%00%(*objectname) [2ms]
2026-01-08 13:26:13.210 [info] > git status -z -uall [33ms]
2026-01-08 13:26:18.240 [info] > git config --get commit.template [1ms]
2026-01-08 13:26:18.243 [info] > git for-each-ref --format=%(refname)%00%(upstream:short)%00%(objectname)%00%(upstream:track)%00%(upstream:remotename)%00%(upstream:remoteref) refs/heads/master refs/remotes/master [1ms]
2026-01-08 13:26:18.250 [info] > git for-each-ref --sort -committerdate --format %(refname)%00%(objectname)%00%(*objectname) [1ms]
2026-01-08 13:26:18.279 [info] > git status -z -uall [34ms]
2026-01-08 13:26:23.308 [info] > git config --get commit.template [3ms]
2026-01-08 13:26:23.309 [info] > git for-each-ref --format=%(refname)%00%(upstream:short)%00%(objectname)%00%(upstream:track)%00%(upstream:remotename)%00%(upstream:remoteref) refs/heads/master refs/remotes/master [1ms]
2026-01-08 13:26:23.315 [info] > git for-each-ref --sort -committerdate --format %(refname)%00%(objectname)%00%(*objectname) [1ms]
2026-01-08 13:26:23.345 [info] > git status -z -uall [33ms]
2026-01-08 13:26:32.907 [info] > git config --get commit.template [1ms]
2026-01-08 13:26:32.911 [info] > git for-each-ref --format=%(refname)%00%(upstream:short)%00%(objectname)%00%(upstream:track)%00%(upstream:remotename)%00%(upstream:remoteref) refs/heads/master refs/remotes/master [2ms]
2026-01-08 13:26:32.917 [info] > git for-each-ref --sort -committerdate --format %(refname)%00%(objectname)%00%(*objectname) [1ms]
2026-01-08 13:26:32.947 [info] > git status -z -uall [34ms]
2026-01-08 13:26:37.975 [info] > git config --get commit.template [1ms]
2026-01-08 13:26:37.979 [info] > git for-each-ref --format=%(refname)%00%(upstream:short)%00%(objectname)%00%(upstream:track)%00%(upstream:remotename)%00%(upstream:remoteref) refs/heads/master refs/remotes/master [1ms]
2026-01-08 13:26:37.986 [info] > git for-each-ref --sort -committerdate --format %(refname)%00%(objectname)%00%(*objectname) [1ms]
2026-01-08 13:26:38.016 [info] > git status -z -uall [34ms]
2026-01-08 13:26:43.047 [info] > git config --get commit.template [4ms]
2026-01-08 13:26:43.048 [info] > git for-each-ref --format=%(refname)%00%(upstream:short)%00%(objectname)%00%(upstream:track)%00%(upstream:remotename)%00%(upstream:remoteref) refs/heads/master refs/remotes/master [1ms]
2026-01-08 13:26:43.054 [info] > git for-each-ref --sort -committerdate --format %(refname)%00%(objectname)%00%(*objectname) [1ms]
2026-01-08 13:26:43.084 [info] > git status -z -uall [34ms]
2026-01-08 13:26:48.118 [info] > git config --get commit.template [3ms]
2026-01-08 13:26:48.119 [info] > git for-each-ref --format=%(refname)%00%(upstream:short)%00%(objectname)%00%(upstream:track)%00%(upstream:remotename)%00%(upstream:remoteref) refs/heads/master refs/remotes/master [1ms]
2026-01-08 13:26:48.125 [info] > git for-each-ref --sort -committerdate --format %(refname)%00%(objectname)%00%(*objectname) [0ms]
2026-01-08 13:26:48.156 [info] > git status -z -uall [34ms]
2026-01-08 13:26:53.184 [info] > git config --get commit.template [3ms]
2026-01-08 13:26:53.185 [info] > git for-each-ref --format=%(refname)%00%(upstream:short)%00%(objectname)%00%(upstream:track)%00%(upstream:remotename)%00%(upstream:remoteref) refs/heads/master refs/remotes/master [1ms]
2026-01-08 13:26:53.191 [info] > git for-each-ref --sort -committerdate --format %(refname)%00%(objectname)%00%(*objectname) [1ms]
2026-01-08 13:26:53.220 [info] > git status -z -uall [32ms]
2026-01-08 13:26:58.252 [info] > git config --get commit.template [3ms]
2026-01-08 13:26:58.253 [info] > git for-each-ref --format=%(refname)%00%(upstream:short)%00%(objectname)%00%(upstream:track)%00%(upstream:remotename)%00%(upstream:remoteref) refs/heads/master refs/remotes/master [1ms]
2026-01-08 13:26:58.259 [info] > git for-each-ref --sort -committerdate --format %(refname)%00%(objectname)%00%(*objectname) [1ms]
2026-01-08 13:26:58.288 [info] > git status -z -uall [33ms]
2026-01-08 13:27:03.316 [info] > git config --get commit.template [3ms]
2026-01-08 13:27:03.317 [info] > git for-each-ref --format=%(refname)%00%(upstream:short)%00%(objectname)%00%(upstream:track)%00%(upstream:remotename)%00%(upstream:remoteref) refs/heads/master refs/remotes/master [1ms]
2026-01-08 13:27:03.324 [info] > git for-each-ref --sort -committerdate --format %(refname)%00%(objectname)%00%(*objectname) [2ms]
2026-01-08 13:27:03.355 [info] > git status -z -uall [35ms]
2026-01-08 13:27:08.384 [info] > git config --get commit.template [1ms]
2026-01-08 13:27:08.388 [info] > git for-each-ref --format=%(refname)%00%(upstream:short)%00%(objectname)%00%(upstream:track)%00%(upstream:remotename)%00%(upstream:remoteref) refs/heads/master refs/remotes/master [1ms]
2026-01-08 13:27:08.394 [info] > git for-each-ref --sort -committerdate --format %(refname)%00%(objectname)%00%(*objectname) [1ms]
2026-01-08 13:27:08.426 [info] > git status -z -uall [35ms]
2026-01-08 13:27:13.455 [info] > git config --get commit.template [1ms]
2026-01-08 13:27:13.460 [info] > git for-each-ref --format=%(refname)%00%(upstream:short)%00%(objectname)%00%(upstream:track)%00%(upstream:remotename)%00%(upstream:remoteref) refs/heads/master refs/remotes/master [2ms]
2026-01-08 13:27:13.467 [info] > git for-each-ref --sort -committerdate --format %(refname)%00%(objectname)%00%(*objectname) [1ms]
2026-01-08 13:27:13.500 [info] > git status -z -uall [37ms]
2026-01-08 13:27:18.528 [info] > git config --get commit.template [0ms]
2026-01-08 13:27:18.533 [info] > git for-each-ref --format=%(refname)%00%(upstream:short)%00%(objectname)%00%(upstream:track)%00%(upstream:remotename)%00%(upstream:remoteref) refs/heads/master refs/remotes/master [2ms]
2026-01-08 13:27:18.540 [info] > git for-each-ref --sort -committerdate --format %(refname)%00%(objectname)%00%(*objectname) [2ms]
2026-01-08 13:27:18.570 [info] > git status -z -uall [35ms]
2026-01-08 13:27:20.641 [info] > git check-ignore -v -z --stdin [1ms]
2026-01-08 13:27:25.146 [info] > git config --get commit.template [1ms]
2026-01-08 13:27:25.149 [info] > git for-each-ref --format=%(refname)%00%(upstream:short)%00%(objectname)%00%(upstream:track)%00%(upstream:remotename)%00%(upstream:remoteref) refs/heads/master refs/remotes/master [1ms]
2026-01-08 13:27:25.157 [info] > git for-each-ref --sort -committerdate --format %(refname)%00%(objectname)%00%(*objectname) [2ms]
2026-01-08 13:27:25.195 [info] > git status -z -uall [43ms]
2026-01-08 13:27:27.871 [info] > git check-ignore -v -z --stdin [1ms]
2026-01-08 13:27:30.229 [info] > git config --get commit.template [3ms]
2026-01-08 13:27:30.230 [info] > git for-each-ref --format=%(refname)%00%(upstream:short)%00%(objectname)%00%(upstream:track)%00%(upstream:remotename)%00%(upstream:remoteref) refs/heads/master refs/remotes/master [1ms]
2026-01-08 13:27:30.236 [info] > git for-each-ref --sort -committerdate --format %(refname)%00%(objectname)%00%(*objectname) [1ms]
2026-01-08 13:27:30.265 [info] > git status -z -uall [33ms]
2026-01-08 13:27:35.295 [info] > git config --get commit.template [3ms]
2026-01-08 13:27:35.296 [info] > git for-each-ref --format=%(refname)%00%(upstream:short)%00%(objectname)%00%(upstream:track)%00%(upstream:remotename)%00%(upstream:remoteref) refs/heads/master refs/remotes/master [2ms]
2026-01-08 13:27:35.303 [info] > git for-each-ref --sort -committerdate --format %(refname)%00%(objectname)%00%(*objectname) [2ms]
2026-01-08 13:27:35.333 [info] > git status -z -uall [33ms]
2026-01-08 13:27:40.361 [info] > git config --get commit.template [4ms]
2026-01-08 13:27:40.362 [info] > git for-each-ref --format=%(refname)%00%(upstream:short)%00%(objectname)%00%(upstream:track)%00%(upstream:remotename)%00%(upstream:remoteref) refs/heads/master refs/remotes/master [1ms]
2026-01-08 13:27:40.368 [info] > git for-each-ref --sort -committerdate --format %(refname)%00%(objectname)%00%(*objectname) [1ms]
2026-01-08 13:27:40.398 [info] > git status -z -uall [34ms]
2026-01-08 13:27:46.156 [info] > git config --get commit.template [4ms]
2026-01-08 13:27:46.157 [info] > git for-each-ref --format=%(refname)%00%(upstream:short)%00%(objectname)%00%(upstream:track)%00%(upstream:remotename)%00%(upstream:remoteref) refs/heads/master refs/remotes/master [2ms]
2026-01-08 13:27:46.164 [info] > git for-each-ref --sort -committerdate --format %(refname)%00%(objectname)%00%(*objectname) [1ms]
2026-01-08 13:27:46.198 [info] > git status -z -uall [37ms]
2026-01-08 13:27:51.224 [info] > git config --get commit.template [1ms]
2026-01-08 13:27:51.227 [info] > git for-each-ref --format=%(refname)%00%(upstream:short)%00%(objectname)%00%(upstream:track)%00%(upstream:remotename)%00%(upstream:remoteref) refs/heads/master refs/remotes/master [1ms]
2026-01-08 13:27:51.233 [info] > git for-each-ref --sort -committerdate --format %(refname)%00%(objectname)%00%(*objectname) [1ms]
2026-01-08 13:27:51.263 [info] > git status -z -uall [33ms]
2026-01-08 13:27:55.900 [info] > git check-ignore -v -z --stdin [1ms]
2026-01-08 13:27:55.905 [info] > git check-ignore -v -z --stdin [2ms]
2026-01-08 13:27:55.994 [info] > git show --textconv :lib/ingestors/text_action_Ingestor.py [3ms]
2026-01-08 13:27:55.996 [info] > git ls-files --stage -- lib/ingestors/text_action_Ingestor.py [2ms]
2026-01-08 13:27:56.000 [info] > git cat-file -s 9a21c296c59240deed2f94da7678ffbfae06a7ee [1ms]
2026-01-08 13:27:56.292 [info] > git config --get commit.template [2ms]
2026-01-08 13:27:56.292 [info] > git for-each-ref --format=%(refname)%00%(upstream:short)%00%(objectname)%00%(upstream:track)%00%(upstream:remotename)%00%(upstream:remoteref) refs/heads/master refs/remotes/master [1ms]
2026-01-08 13:27:56.299 [info] > git for-each-ref --sort -committerdate --format %(refname)%00%(objectname)%00%(*objectname) [1ms]
2026-01-08 13:27:56.329 [info] > git status -z -uall [34ms]
2026-01-08 13:27:56.815 [info] > git check-ignore -v -z --stdin [9ms]
2026-01-08 13:27:56.822 [info] > git check-ignore -v -z --stdin [13ms]
2026-01-08 13:27:56.822 [info] > git check-ignore -v -z --stdin [2ms]
2026-01-08 13:27:56.906 [info] > git check-ignore -v -z --stdin [1ms]
2026-01-08 13:27:56.910 [info] > git check-ignore -v -z --stdin [1ms]
2026-01-08 13:27:56.928 [info] > git check-ignore -v -z --stdin [1ms]
2026-01-08 13:27:56.932 [info] > git check-ignore -v -z --stdin [1ms]
2026-01-08 13:27:57.122 [info] > git show --textconv :lib/compiler.py [4ms]
2026-01-08 13:27:57.122 [info] > git ls-files --stage -- lib/compiler.py [1ms]
2026-01-08 13:27:57.126 [info] > git cat-file -s 128de2c1ea9d8209b4da9fd59183a56dcc8b314a [1ms]
2026-01-08 13:27:58.761 [info] > git check-ignore -v -z --stdin [1ms]
2026-01-08 13:27:59.553 [info] > git check-ignore -v -z --stdin [2ms]
2026-01-08 13:27:59.561 [info] > git check-ignore -v -z --stdin [2ms]
2026-01-08 13:27:59.817 [info] > git show --textconv :park-kyungchan/palantir/scripts/mcp_manager.py [4ms]
2026-01-08 13:27:59.820 [info] > git ls-files --stage -- park-kyungchan/palantir/scripts/mcp_manager.py [4ms]
2026-01-08 13:27:59.823 [info] > git hash-object -t tree /dev/null [3ms]
2026-01-08 13:27:59.823 [warning] [GitFileSystemProvider][readFile] File not found - git:/home/palantir/park-kyungchan/palantir/scripts/mcp_manager.py.git?%7B%22path%22%3A%22%2Fhome%2Fpalantir%2Fpark-kyungchan%2Fpalantir%2Fscripts%2Fmcp_manager.py%22%2C%22ref%22%3A%22%22%7D
2026-01-08 13:27:59.823 [info] > git hash-object -t tree /dev/null [0ms]
2026-01-08 13:27:59.823 [warning] [GitFileSystemProvider][stat] File not found - git:/home/palantir/park-kyungchan/palantir/scripts/mcp_manager.py.git?%7B%22path%22%3A%22%2Fhome%2Fpalantir%2Fpark-kyungchan%2Fpalantir%2Fscripts%2Fmcp_manager.py%22%2C%22ref%22%3A%22%22%7D
2026-01-08 13:28:00.305 [info] > git check-ignore -v -z --stdin [1ms]
2026-01-08 13:28:01.356 [info] > git config --get commit.template [3ms]
2026-01-08 13:28:01.357 [info] > git for-each-ref --format=%(refname)%00%(upstream:short)%00%(objectname)%00%(upstream:track)%00%(upstream:remotename)%00%(upstream:remoteref) refs/heads/master refs/remotes/master [1ms]
2026-01-08 13:28:01.363 [info] > git for-each-ref --sort -committerdate --format %(refname)%00%(objectname)%00%(*objectname) [1ms]
2026-01-08 13:28:01.396 [info] > git status -z -uall [36ms]
2026-01-08 13:28:06.424 [info] > git config --get commit.template [3ms]
2026-01-08 13:28:06.425 [info] > git for-each-ref --format=%(refname)%00%(upstream:short)%00%(objectname)%00%(upstream:track)%00%(upstream:remotename)%00%(upstream:remoteref) refs/heads/master refs/remotes/master [2ms]
2026-01-08 13:28:06.431 [info] > git for-each-ref --sort -committerdate --format %(refname)%00%(objectname)%00%(*objectname) [2ms]
2026-01-08 13:28:06.461 [info] > git status -z -uall [34ms]
2026-01-08 13:28:14.166 [info] > git config --get commit.template [1ms]
2026-01-08 13:28:14.170 [info] > git for-each-ref --format=%(refname)%00%(upstream:short)%00%(objectname)%00%(upstream:track)%00%(upstream:remotename)%00%(upstream:remoteref) refs/heads/master refs/remotes/master [1ms]
2026-01-08 13:28:14.176 [info] > git for-each-ref --sort -committerdate --format %(refname)%00%(objectname)%00%(*objectname) [1ms]
2026-01-08 13:28:14.206 [info] > git status -z -uall [33ms]
2026-01-08 13:28:15.728 [info] > git check-ignore -v -z --stdin [1ms]
2026-01-08 13:28:16.690 [info] > git check-ignore -v -z --stdin [4ms]
2026-01-08 13:28:16.691 [info] > git check-ignore -v -z --stdin [1ms]
2026-01-08 13:28:17.517 [info] > git check-ignore -v -z --stdin [1ms]
2026-01-08 13:28:18.098 [info] > git check-ignore -v -z --stdin [1ms]
2026-01-08 13:28:19.239 [info] > git config --get commit.template [5ms]
2026-01-08 13:28:19.239 [info] > git for-each-ref --format=%(refname)%00%(upstream:short)%00%(objectname)%00%(upstream:track)%00%(upstream:remotename)%00%(upstream:remoteref) refs/heads/master refs/remotes/master [1ms]
2026-01-08 13:28:19.246 [info] > git for-each-ref --sort -committerdate --format %(refname)%00%(objectname)%00%(*objectname) [1ms]
2026-01-08 13:28:19.277 [info] > git status -z -uall [35ms]
2026-01-08 13:28:24.309 [info] > git config --get commit.template [4ms]
2026-01-08 13:28:24.310 [info] > git for-each-ref --format=%(refname)%00%(upstream:short)%00%(objectname)%00%(upstream:track)%00%(upstream:remotename)%00%(upstream:remoteref) refs/heads/master refs/remotes/master [2ms]
2026-01-08 13:28:24.315 [info] > git for-each-ref --sort -committerdate --format %(refname)%00%(objectname)%00%(*objectname) [1ms]
2026-01-08 13:28:24.345 [info] > git status -z -uall [33ms]
2026-01-08 13:28:29.376 [info] > git config --get commit.template [4ms]
2026-01-08 13:28:29.377 [info] > git for-each-ref --format=%(refname)%00%(upstream:short)%00%(objectname)%00%(upstream:track)%00%(upstream:remotename)%00%(upstream:remoteref) refs/heads/master refs/remotes/master [1ms]
2026-01-08 13:28:29.382 [info] > git for-each-ref --sort -committerdate --format %(refname)%00%(objectname)%00%(*objectname) [1ms]
2026-01-08 13:28:29.412 [info] > git status -z -uall [32ms]
2026-01-08 13:28:34.441 [info] > git config --get commit.template [3ms]
2026-01-08 13:28:34.441 [info] > git for-each-ref --format=%(refname)%00%(upstream:short)%00%(objectname)%00%(upstream:track)%00%(upstream:remotename)%00%(upstream:remoteref) refs/heads/master refs/remotes/master [1ms]
2026-01-08 13:28:34.447 [info] > git for-each-ref --sort -committerdate --format %(refname)%00%(objectname)%00%(*objectname) [1ms]
2026-01-08 13:28:34.479 [info] > git status -z -uall [35ms]
2026-01-08 13:28:39.508 [info] > git config --get commit.template [3ms]
2026-01-08 13:28:39.509 [info] > git for-each-ref --format=%(refname)%00%(upstream:short)%00%(objectname)%00%(upstream:track)%00%(upstream:remotename)%00%(upstream:remoteref) refs/heads/master refs/remotes/master [1ms]
2026-01-08 13:28:39.514 [info] > git for-each-ref --sort -committerdate --format %(refname)%00%(objectname)%00%(*objectname) [1ms]
2026-01-08 13:28:39.544 [info] > git status -z -uall [33ms]
2026-01-08 13:28:44.571 [info] > git config --get commit.template [3ms]
2026-01-08 13:28:44.572 [info] > git for-each-ref --format=%(refname)%00%(upstream:short)%00%(objectname)%00%(upstream:track)%00%(upstream:remotename)%00%(upstream:remoteref) refs/heads/master refs/remotes/master [1ms]
2026-01-08 13:28:44.579 [info] > git for-each-ref --sort -committerdate --format %(refname)%00%(objectname)%00%(*objectname) [3ms]
2026-01-08 13:28:44.606 [info] > git status -z -uall [32ms]
2026-01-08 13:28:45.745 [info] > git fetch [599ms]
2026-01-08 13:28:45.752 [info] > git config --get commit.template [3ms]
2026-01-08 13:28:45.752 [info] > git for-each-ref --format %(refname)%00%(objectname)%00%(*objectname) refs/tags [0ms]
2026-01-08 13:28:45.757 [info] > git for-each-ref --sort -committerdate --format %(refname)%00%(objectname)%00%(*objectname) [1ms]
2026-01-08 13:28:45.759 [info] > git status -z -uall [5ms]
2026-01-08 13:28:45.768 [info] > git fetch [549ms]
2026-01-08 13:28:45.774 [info] > git config --get commit.template [3ms]
2026-01-08 13:28:45.775 [info] > git for-each-ref --format=%(refname)%00%(upstream:short)%00%(objectname)%00%(upstream:track)%00%(upstream:remotename)%00%(upstream:remoteref) refs/heads/master refs/remotes/master [1ms]
2026-01-08 13:28:45.781 [info] > git for-each-ref --sort -committerdate --format %(refname)%00%(objectname)%00%(*objectname) [2ms]
2026-01-08 13:28:45.808 [info] > git status -z -uall [31ms]
2026-01-08 13:28:46.269 [info] > git rev-parse --show-toplevel [1ms]
2026-01-08 13:28:46.903 [info] > git config --get commit.template [3ms]
2026-01-08 13:28:46.904 [info] > git for-each-ref --format %(refname)%00%(objectname)%00%(*objectname) refs/tags [1ms]
2026-01-08 13:28:46.910 [info] > git for-each-ref --sort -committerdate --format %(refname)%00%(objectname)%00%(*objectname) [2ms]
2026-01-08 13:28:46.913 [info] > git status -z -uall [7ms]
2026-01-08 13:28:47.419 [info] > git rev-parse --show-toplevel [1ms]
2026-01-08 13:28:49.638 [info] > git config --get commit.template [6ms]
2026-01-08 13:28:49.639 [info] > git for-each-ref --format=%(refname)%00%(upstream:short)%00%(objectname)%00%(upstream:track)%00%(upstream:remotename)%00%(upstream:remoteref) refs/heads/master refs/remotes/master [2ms]
2026-01-08 13:28:49.648 [info] > git for-each-ref --sort -committerdate --format %(refname)%00%(objectname)%00%(*objectname) [2ms]
2026-01-08 13:28:49.681 [info] > git status -z -uall [39ms]
2026-01-08 13:28:54.715 [info] > git config --get commit.template [3ms]
2026-01-08 13:28:54.716 [info] > git for-each-ref --format=%(refname)%00%(upstream:short)%00%(objectname)%00%(upstream:track)%00%(upstream:remotename)%00%(upstream:remoteref) refs/heads/master refs/remotes/master [1ms]
2026-01-08 13:28:54.721 [info] > git for-each-ref --sort -committerdate --format %(refname)%00%(objectname)%00%(*objectname) [1ms]
2026-01-08 13:28:54.752 [info] > git status -z -uall [34ms]
2026-01-08 13:28:59.782 [info] > git config --get commit.template [3ms]
2026-01-08 13:28:59.783 [info] > git for-each-ref --format=%(refname)%00%(upstream:short)%00%(objectname)%00%(upstream:track)%00%(upstream:remotename)%00%(upstream:remoteref) refs/heads/master refs/remotes/master [1ms]
2026-01-08 13:28:59.789 [info] > git for-each-ref --sort -committerdate --format %(refname)%00%(objectname)%00%(*objectname) [1ms]
2026-01-08 13:28:59.818 [info] > git status -z -uall [33ms]
2026-01-08 13:29:04.849 [info] > git config --get commit.template [3ms]
2026-01-08 13:29:04.850 [info] > git for-each-ref --format=%(refname)%00%(upstream:short)%00%(objectname)%00%(upstream:track)%00%(upstream:remotename)%00%(upstream:remoteref) refs/heads/master refs/remotes/master [1ms]
2026-01-08 13:29:04.857 [info] > git for-each-ref --sort -committerdate --format %(refname)%00%(objectname)%00%(*objectname) [1ms]
2026-01-08 13:29:04.885 [info] > git status -z -uall [33ms]
2026-01-08 13:29:10.433 [info] > git config --get commit.template [1ms]
2026-01-08 13:29:10.437 [info] > git for-each-ref --format=%(refname)%00%(upstream:short)%00%(objectname)%00%(upstream:track)%00%(upstream:remotename)%00%(upstream:remoteref) refs/heads/master refs/remotes/master [2ms]
2026-01-08 13:29:10.443 [info] > git for-each-ref --sort -committerdate --format %(refname)%00%(objectname)%00%(*objectname) [2ms]
2026-01-08 13:29:10.476 [info] > git status -z -uall [37ms]
2026-01-08 13:29:15.503 [info] > git config --get commit.template [3ms]
2026-01-08 13:29:15.504 [info] > git for-each-ref --format=%(refname)%00%(upstream:short)%00%(objectname)%00%(upstream:track)%00%(upstream:remotename)%00%(upstream:remoteref) refs/heads/master refs/remotes/master [2ms]
2026-01-08 13:29:15.510 [info] > git for-each-ref --sort -committerdate --format %(refname)%00%(objectname)%00%(*objectname) [1ms]
2026-01-08 13:29:15.540 [info] > git status -z -uall [33ms]
2026-01-08 13:29:20.570 [info] > git config --get commit.template [3ms]
2026-01-08 13:29:20.571 [info] > git for-each-ref --format=%(refname)%00%(upstream:short)%00%(objectname)%00%(upstream:track)%00%(upstream:remotename)%00%(upstream:remoteref) refs/heads/master refs/remotes/master [1ms]
2026-01-08 13:29:20.576 [info] > git for-each-ref --sort -committerdate --format %(refname)%00%(objectname)%00%(*objectname) [1ms]
2026-01-08 13:29:20.605 [info] > git status -z -uall [32ms]
2026-01-08 13:29:25.633 [info] > git config --get commit.template [2ms]
2026-01-08 13:29:25.634 [info] > git for-each-ref --format=%(refname)%00%(upstream:short)%00%(objectname)%00%(upstream:track)%00%(upstream:remotename)%00%(upstream:remoteref) refs/heads/master refs/remotes/master [1ms]
2026-01-08 13:29:25.640 [info] > git for-each-ref --sort -committerdate --format %(refname)%00%(objectname)%00%(*objectname) [2ms]
2026-01-08 13:29:25.671 [info] > git status -z -uall [34ms]
2026-01-08 13:29:30.697 [info] > git config --get commit.template [1ms]
2026-01-08 13:29:30.701 [info] > git for-each-ref --format=%(refname)%00%(upstream:short)%00%(objectname)%00%(upstream:track)%00%(upstream:remotename)%00%(upstream:remoteref) refs/heads/master refs/remotes/master [1ms]
2026-01-08 13:29:30.707 [info] > git for-each-ref --sort -committerdate --format %(refname)%00%(objectname)%00%(*objectname) [1ms]
2026-01-08 13:29:30.736 [info] > git status -z -uall [33ms]
2026-01-08 13:29:35.763 [info] > git config --get commit.template [1ms]
2026-01-08 13:29:35.767 [info] > git for-each-ref --format=%(refname)%00%(upstream:short)%00%(objectname)%00%(upstream:track)%00%(upstream:remotename)%00%(upstream:remoteref) refs/heads/master refs/remotes/master [2ms]
2026-01-08 13:29:35.773 [info] > git for-each-ref --sort -committerdate --format %(refname)%00%(objectname)%00%(*objectname) [1ms]
2026-01-08 13:29:35.805 [info] > git status -z -uall [36ms]
2026-01-08 13:29:40.831 [info] > git config --get commit.template [0ms]
2026-01-08 13:29:40.834 [info] > git for-each-ref --format=%(refname)%00%(upstream:short)%00%(objectname)%00%(upstream:track)%00%(upstream:remotename)%00%(upstream:remoteref) refs/heads/master refs/remotes/master [1ms]
2026-01-08 13:29:40.839 [info] > git for-each-ref --sort -committerdate --format %(refname)%00%(objectname)%00%(*objectname) [1ms]
2026-01-08 13:29:40.869 [info] > git status -z -uall [33ms]
2026-01-08 13:29:45.899 [info] > git config --get commit.template [1ms]
2026-01-08 13:29:45.903 [info] > git for-each-ref --format=%(refname)%00%(upstream:short)%00%(objectname)%00%(upstream:track)%00%(upstream:remotename)%00%(upstream:remoteref) refs/heads/master refs/remotes/master [2ms]
2026-01-08 13:29:45.908 [info] > git for-each-ref --sort -committerdate --format %(refname)%00%(objectname)%00%(*objectname) [1ms]
2026-01-08 13:29:45.938 [info] > git status -z -uall [33ms]
2026-01-08 13:29:50.968 [info] > git config --get commit.template [1ms]
2026-01-08 13:29:50.972 [info] > git for-each-ref --format=%(refname)%00%(upstream:short)%00%(objectname)%00%(upstream:track)%00%(upstream:remotename)%00%(upstream:remoteref) refs/heads/master refs/remotes/master [1ms]
2026-01-08 13:29:50.978 [info] > git for-each-ref --sort -committerdate --format %(refname)%00%(objectname)%00%(*objectname) [1ms]
2026-01-08 13:29:51.011 [info] > git status -z -uall [36ms]
2026-01-08 13:29:56.038 [info] > git config --get commit.template [3ms]
2026-01-08 13:29:56.039 [info] > git for-each-ref --format=%(refname)%00%(upstream:short)%00%(objectname)%00%(upstream:track)%00%(upstream:remotename)%00%(upstream:remoteref) refs/heads/master refs/remotes/master [1ms]
2026-01-08 13:29:56.045 [info] > git for-each-ref --sort -committerdate --format %(refname)%00%(objectname)%00%(*objectname) [2ms]
2026-01-08 13:29:56.074 [info] > git status -z -uall [33ms]
2026-01-08 13:30:01.107 [info] > git config --get commit.template [4ms]
2026-01-08 13:30:01.108 [info] > git for-each-ref --format=%(refname)%00%(upstream:short)%00%(objectname)%00%(upstream:track)%00%(upstream:remotename)%00%(upstream:remoteref) refs/heads/master refs/remotes/master [2ms]
2026-01-08 13:30:01.115 [info] > git for-each-ref --sort -committerdate --format %(refname)%00%(objectname)%00%(*objectname) [1ms]
2026-01-08 13:30:01.146 [info] > git status -z -uall [35ms]
2026-01-08 13:30:06.175 [info] > git config --get commit.template [1ms]
2026-01-08 13:30:06.180 [info] > git for-each-ref --format=%(refname)%00%(upstream:short)%00%(objectname)%00%(upstream:track)%00%(upstream:remotename)%00%(upstream:remoteref) refs/heads/master refs/remotes/master [2ms]
2026-01-08 13:30:06.186 [info] > git for-each-ref --sort -committerdate --format %(refname)%00%(objectname)%00%(*objectname) [1ms]
2026-01-08 13:30:06.217 [info] > git status -z -uall [34ms]
2026-01-08 13:30:11.245 [info] > git config --get commit.template [3ms]
2026-01-08 13:30:11.245 [info] > git for-each-ref --format=%(refname)%00%(upstream:short)%00%(objectname)%00%(upstream:track)%00%(upstream:remotename)%00%(upstream:remoteref) refs/heads/master refs/remotes/master [1ms]
2026-01-08 13:30:11.251 [info] > git for-each-ref --sort -committerdate --format %(refname)%00%(objectname)%00%(*objectname) [1ms]
2026-01-08 13:30:11.287 [info] > git status -z -uall [39ms]
2026-01-08 13:30:16.319 [info] > git config --get commit.template [1ms]
2026-01-08 13:30:16.323 [info] > git for-each-ref --format=%(refname)%00%(upstream:short)%00%(objectname)%00%(upstream:track)%00%(upstream:remotename)%00%(upstream:remoteref) refs/heads/master refs/remotes/master [1ms]
2026-01-08 13:30:16.329 [info] > git for-each-ref --sort -committerdate --format %(refname)%00%(objectname)%00%(*objectname) [1ms]
2026-01-08 13:30:16.359 [info] > git status -z -uall [34ms]
2026-01-08 13:30:21.391 [info] > git config --get commit.template [2ms]
2026-01-08 13:30:21.392 [info] > git for-each-ref --format=%(refname)%00%(upstream:short)%00%(objectname)%00%(upstream:track)%00%(upstream:remotename)%00%(upstream:remoteref) refs/heads/master refs/remotes/master [1ms]
2026-01-08 13:30:21.398 [info] > git for-each-ref --sort -committerdate --format %(refname)%00%(objectname)%00%(*objectname) [1ms]
2026-01-08 13:30:21.429 [info] > git status -z -uall [33ms]
2026-01-08 13:30:30.754 [info] > git check-ignore -v -z --stdin [3ms]
2026-01-08 13:30:30.755 [info] > git check-ignore -v -z --stdin [1ms]
2026-01-08 13:30:32.993 [info] > git config --get commit.template [3ms]
2026-01-08 13:30:32.994 [info] > git for-each-ref --format=%(refname)%00%(upstream:short)%00%(objectname)%00%(upstream:track)%00%(upstream:remotename)%00%(upstream:remoteref) refs/heads/master refs/remotes/master [1ms]
2026-01-08 13:30:33.000 [info] > git for-each-ref --sort -committerdate --format %(refname)%00%(objectname)%00%(*objectname) [1ms]
2026-01-08 13:30:33.030 [info] > git status -z -uall [33ms]
2026-01-08 13:30:38.996 [info] > git config --get commit.template [3ms]
2026-01-08 13:30:38.997 [info] > git for-each-ref --format=%(refname)%00%(upstream:short)%00%(objectname)%00%(upstream:track)%00%(upstream:remotename)%00%(upstream:remoteref) refs/heads/master refs/remotes/master [1ms]
2026-01-08 13:30:39.004 [info] > git for-each-ref --sort -committerdate --format %(refname)%00%(objectname)%00%(*objectname) [2ms]
2026-01-08 13:30:39.034 [info] > git status -z -uall [35ms]
2026-01-08 13:30:42.585 [info] > git config --get commit.template [3ms]
2026-01-08 13:30:42.585 [info] > git for-each-ref --format=%(refname)%00%(upstream:short)%00%(objectname)%00%(upstream:track)%00%(upstream:remotename)%00%(upstream:remoteref) refs/heads/hwpx refs/remotes/hwpx [1ms]
2026-01-08 13:30:42.590 [info] > git status -z -uall [3ms]
2026-01-08 13:30:42.590 [info] > git for-each-ref --sort -committerdate --format %(refname)%00%(objectname)%00%(*objectname) [1ms]
2026-01-08 13:30:44.064 [info] > git config --get commit.template [0ms]
2026-01-08 13:30:44.069 [info] > git for-each-ref --format=%(refname)%00%(upstream:short)%00%(objectname)%00%(upstream:track)%00%(upstream:remotename)%00%(upstream:remoteref) refs/heads/master refs/remotes/master [2ms]
2026-01-08 13:30:44.076 [info] > git for-each-ref --sort -committerdate --format %(refname)%00%(objectname)%00%(*objectname) [2ms]
2026-01-08 13:30:44.104 [info] > git status -z -uall [33ms]
2026-01-08 13:30:49.136 [info] > git config --get commit.template [1ms]
2026-01-08 13:30:49.140 [info] > git for-each-ref --format=%(refname)%00%(upstream:short)%00%(objectname)%00%(upstream:track)%00%(upstream:remotename)%00%(upstream:remoteref) refs/heads/master refs/remotes/master [1ms]
2026-01-08 13:30:49.146 [info] > git for-each-ref --sort -committerdate --format %(refname)%00%(objectname)%00%(*objectname) [1ms]
2026-01-08 13:30:49.178 [info] > git status -z -uall [35ms]
2026-01-08 13:30:54.206 [info] > git config --get commit.template [1ms]
2026-01-08 13:30:54.210 [info] > git for-each-ref --format=%(refname)%00%(upstream:short)%00%(objectname)%00%(upstream:track)%00%(upstream:remotename)%00%(upstream:remoteref) refs/heads/master refs/remotes/master [1ms]
2026-01-08 13:30:54.218 [info] > git for-each-ref --sort -committerdate --format %(refname)%00%(objectname)%00%(*objectname) [3ms]
2026-01-08 13:30:54.248 [info] > git status -z -uall [35ms]
2026-01-08 13:30:56.411 [info] > git config --get commit.template [4ms]
2026-01-08 13:30:56.411 [info] > git for-each-ref --format=%(refname)%00%(upstream:short)%00%(objectname)%00%(upstream:track)%00%(upstream:remotename)%00%(upstream:remoteref) refs/heads/hwpx refs/remotes/hwpx [1ms]
2026-01-08 13:30:56.416 [info] > git status -z -uall [2ms]
2026-01-08 13:30:56.417 [info] > git for-each-ref --sort -committerdate --format %(refname)%00%(objectname)%00%(*objectname) [1ms]
2026-01-08 13:30:59.276 [info] > git config --get commit.template [1ms]
2026-01-08 13:30:59.280 [info] > git for-each-ref --format=%(refname)%00%(upstream:short)%00%(objectname)%00%(upstream:track)%00%(upstream:remotename)%00%(upstream:remoteref) refs/heads/master refs/remotes/master [2ms]
2026-01-08 13:30:59.286 [info] > git for-each-ref --sort -committerdate --format %(refname)%00%(objectname)%00%(*objectname) [1ms]
2026-01-08 13:30:59.321 [info] > git status -z -uall [38ms]
2026-01-08 13:31:04.354 [info] > git config --get commit.template [1ms]
2026-01-08 13:31:04.358 [info] > git for-each-ref --format=%(refname)%00%(upstream:short)%00%(objectname)%00%(upstream:track)%00%(upstream:remotename)%00%(upstream:remoteref) refs/heads/master refs/remotes/master [1ms]
2026-01-08 13:31:04.366 [info] > git for-each-ref --sort -committerdate --format %(refname)%00%(objectname)%00%(*objectname) [2ms]
2026-01-08 13:31:04.399 [info] > git status -z -uall [37ms]
2026-01-08 13:31:10.037 [info] > git config --get commit.template [4ms]
2026-01-08 13:31:10.038 [info] > git for-each-ref --format=%(refname)%00%(upstream:short)%00%(objectname)%00%(upstream:track)%00%(upstream:remotename)%00%(upstream:remoteref) refs/heads/master refs/remotes/master [2ms]
2026-01-08 13:31:10.046 [info] > git for-each-ref --sort -committerdate --format %(refname)%00%(objectname)%00%(*objectname) [2ms]
2026-01-08 13:31:10.080 [info] > git status -z -uall [38ms]
2026-01-08 13:31:15.112 [info] > git config --get commit.template [1ms]
2026-01-08 13:31:15.116 [info] > git for-each-ref --format=%(refname)%00%(upstream:short)%00%(objectname)%00%(upstream:track)%00%(upstream:remotename)%00%(upstream:remoteref) refs/heads/master refs/remotes/master [1ms]
2026-01-08 13:31:15.124 [info] > git for-each-ref --sort -committerdate --format %(refname)%00%(objectname)%00%(*objectname) [2ms]
2026-01-08 13:31:15.153 [info] > git status -z -uall [34ms]
2026-01-08 13:31:20.181 [info] > git config --get commit.template [3ms]
2026-01-08 13:31:20.182 [info] > git for-each-ref --format=%(refname)%00%(upstream:short)%00%(objectname)%00%(upstream:track)%00%(upstream:remotename)%00%(upstream:remoteref) refs/heads/master refs/remotes/master [1ms]
2026-01-08 13:31:20.189 [info] > git for-each-ref --sort -committerdate --format %(refname)%00%(objectname)%00%(*objectname) [1ms]
2026-01-08 13:31:20.220 [info] > git status -z -uall [35ms]
2026-01-08 13:31:25.252 [info] > git config --get commit.template [1ms]
2026-01-08 13:31:25.257 [info] > git for-each-ref --format=%(refname)%00%(upstream:short)%00%(objectname)%00%(upstream:track)%00%(upstream:remotename)%00%(upstream:remoteref) refs/heads/master refs/remotes/master [1ms]
2026-01-08 13:31:25.265 [info] > git for-each-ref --sort -committerdate --format %(refname)%00%(objectname)%00%(*objectname) [0ms]
2026-01-08 13:31:25.300 [info] > git status -z -uall [39ms]
2026-01-08 13:31:30.328 [info] > git config --get commit.template [1ms]
2026-01-08 13:31:30.331 [info] > git for-each-ref --format=%(refname)%00%(upstream:short)%00%(objectname)%00%(upstream:track)%00%(upstream:remotename)%00%(upstream:remoteref) refs/heads/master refs/remotes/master [1ms]
2026-01-08 13:31:30.338 [info] > git for-each-ref --sort -committerdate --format %(refname)%00%(objectname)%00%(*objectname) [2ms]
2026-01-08 13:31:30.369 [info] > git status -z -uall [35ms]
2026-01-08 13:31:30.868 [info] > git config --get commit.template [6ms]
2026-01-08 13:31:30.868 [info] > git for-each-ref --format=%(refname)%00%(upstream:short)%00%(objectname)%00%(upstream:track)%00%(upstream:remotename)%00%(upstream:remoteref) refs/heads/hwpx refs/remotes/hwpx [1ms]
2026-01-08 13:31:30.877 [info] > git status -z -uall [5ms]
2026-01-08 13:31:30.878 [info] > git for-each-ref --sort -committerdate --format %(refname)%00%(objectname)%00%(*objectname) [2ms]
2026-01-08 13:31:35.403 [info] > git config --get commit.template [4ms]
2026-01-08 13:31:35.404 [info] > git for-each-ref --format=%(refname)%00%(upstream:short)%00%(objectname)%00%(upstream:track)%00%(upstream:remotename)%00%(upstream:remoteref) refs/heads/master refs/remotes/master [2ms]
2026-01-08 13:31:35.410 [info] > git for-each-ref --sort -committerdate --format %(refname)%00%(objectname)%00%(*objectname) [1ms]
2026-01-08 13:31:35.440 [info] > git status -z -uall [34ms]
2026-01-08 13:31:40.469 [info] > git config --get commit.template [1ms]
2026-01-08 13:31:40.473 [info] > git for-each-ref --format=%(refname)%00%(upstream:short)%00%(objectname)%00%(upstream:track)%00%(upstream:remotename)%00%(upstream:remoteref) refs/heads/master refs/remotes/master [1ms]
2026-01-08 13:31:40.479 [info] > git for-each-ref --sort -committerdate --format %(refname)%00%(objectname)%00%(*objectname) [1ms]
2026-01-08 13:31:40.509 [info] > git status -z -uall [33ms]
2026-01-08 13:31:46.675 [info] > git fetch [909ms]
2026-01-08 13:31:46.680 [info] > git fetch [849ms]
2026-01-08 13:31:46.684 [info] > git config --get commit.template [4ms]
2026-01-08 13:31:46.688 [info] > git config --get commit.template [4ms]
2026-01-08 13:31:46.691 [info] > git for-each-ref --format %(refname)%00%(objectname)%00%(*objectname) refs/tags [3ms]
2026-01-08 13:31:46.698 [info] > git for-each-ref --format=%(refname)%00%(upstream:short)%00%(objectname)%00%(upstream:track)%00%(upstream:remotename)%00%(upstream:remoteref) refs/heads/master refs/remotes/master [6ms]
2026-01-08 13:31:46.704 [info] > git status -z -uall [10ms]
2026-01-08 13:31:46.704 [info] > git for-each-ref --sort -committerdate --format %(refname)%00%(objectname)%00%(*objectname) [7ms]
2026-01-08 13:31:46.706 [info] > git for-each-ref --sort -committerdate --format %(refname)%00%(objectname)%00%(*objectname) [1ms]
2026-01-08 13:31:46.738 [info] > git status -z -uall [37ms]
2026-01-08 13:31:46.770 [info] > git config --get commit.template [3ms]
2026-01-08 13:31:46.774 [info] > git for-each-ref --format=%(refname)%00%(upstream:short)%00%(objectname)%00%(upstream:track)%00%(upstream:remotename)%00%(upstream:remoteref) refs/heads/master refs/remotes/master [1ms]
2026-01-08 13:31:46.781 [info] > git for-each-ref --sort -committerdate --format %(refname)%00%(objectname)%00%(*objectname) [1ms]
2026-01-08 13:31:46.814 [info] > git status -z -uall [37ms]
2026-01-08 13:31:47.379 [info] > git rev-parse --show-toplevel [0ms]
2026-01-08 13:31:47.778 [info] > git config --get commit.template [2ms]
2026-01-08 13:31:47.783 [info] > git for-each-ref --format %(refname)%00%(objectname)%00%(*objectname) refs/tags [1ms]
2026-01-08 13:31:47.793 [info] > git for-each-ref --sort -committerdate --format %(refname)%00%(objectname)%00%(*objectname) [2ms]
2026-01-08 13:31:47.794 [info] > git status -z -uall [7ms]
2026-01-08 13:31:48.299 [info] > git rev-parse --show-toplevel [2ms]
2026-01-08 13:31:56.237 [info] > git config --get commit.template [7ms]
2026-01-08 13:31:56.238 [info] > git for-each-ref --format=%(refname)%00%(upstream:short)%00%(objectname)%00%(upstream:track)%00%(upstream:remotename)%00%(upstream:remoteref) refs/heads/hwpx refs/remotes/hwpx [1ms]
2026-01-08 13:31:56.250 [info] > git status -z -uall [6ms]
2026-01-08 13:31:56.252 [info] > git for-each-ref --sort -committerdate --format %(refname)%00%(objectname)%00%(*objectname) [3ms]
2026-01-08 13:31:58.447 [info] > git config --get commit.template [1ms]
2026-01-08 13:31:58.454 [info] > git for-each-ref --format=%(refname)%00%(upstream:short)%00%(objectname)%00%(upstream:track)%00%(upstream:remotename)%00%(upstream:remoteref) refs/heads/master refs/remotes/master [3ms]
2026-01-08 13:31:58.467 [info] > git for-each-ref --sort -committerdate --format %(refname)%00%(objectname)%00%(*objectname) [4ms]
2026-01-08 13:31:58.521 [info] > git status -z -uall [62ms]
2026-01-08 13:32:01.503 [info] > git check-ignore -v -z --stdin [1ms]
2026-01-08 13:32:01.773 [info] > git config --get commit.template [1ms]
2026-01-08 13:32:01.777 [info] > git for-each-ref --format=%(refname)%00%(upstream:short)%00%(objectname)%00%(upstream:track)%00%(upstream:remotename)%00%(upstream:remoteref) refs/heads/hwpx refs/remotes/hwpx [1ms]
2026-01-08 13:32:01.784 [info] > git status -z -uall [4ms]
2026-01-08 13:32:01.784 [info] > git for-each-ref --sort -committerdate --format %(refname)%00%(objectname)%00%(*objectname) [1ms]
2026-01-08 13:32:06.453 [info] > git config --get commit.template [1ms]
2026-01-08 13:32:06.458 [info] > git for-each-ref --format=%(refname)%00%(upstream:short)%00%(objectname)%00%(upstream:track)%00%(upstream:remotename)%00%(upstream:remoteref) refs/heads/master refs/remotes/master [1ms]
2026-01-08 13:32:06.466 [info] > git for-each-ref --sort -committerdate --format %(refname)%00%(objectname)%00%(*objectname) [1ms]
2026-01-08 13:32:06.500 [info] > git status -z -uall [38ms]
2026-01-08 13:32:11.533 [info] > git config --get commit.template [3ms]
2026-01-08 13:32:11.534 [info] > git for-each-ref --format=%(refname)%00%(upstream:short)%00%(objectname)%00%(upstream:track)%00%(upstream:remotename)%00%(upstream:remoteref) refs/heads/master refs/remotes/master [1ms]
2026-01-08 13:32:11.542 [info] > git for-each-ref --sort -committerdate --format %(refname)%00%(objectname)%00%(*objectname) [2ms]
2026-01-08 13:32:11.580 [info] > git status -z -uall [43ms]
2026-01-08 13:32:16.620 [info] > git config --get commit.template [4ms]
2026-01-08 13:32:16.621 [info] > git for-each-ref --format=%(refname)%00%(upstream:short)%00%(objectname)%00%(upstream:track)%00%(upstream:remotename)%00%(upstream:remoteref) refs/heads/master refs/remotes/master [2ms]
2026-01-08 13:32:16.627 [info] > git for-each-ref --sort -committerdate --format %(refname)%00%(objectname)%00%(*objectname) [2ms]
2026-01-08 13:32:16.657 [info] > git status -z -uall [34ms]
2026-01-08 13:32:21.683 [info] > git config --get commit.template [1ms]
2026-01-08 13:32:21.688 [info] > git for-each-ref --format=%(refname)%00%(upstream:short)%00%(objectname)%00%(upstream:track)%00%(upstream:remotename)%00%(upstream:remoteref) refs/heads/master refs/remotes/master [1ms]
2026-01-08 13:32:21.696 [info] > git for-each-ref --sort -committerdate --format %(refname)%00%(objectname)%00%(*objectname) [1ms]
2026-01-08 13:32:21.726 [info] > git status -z -uall [34ms]
2026-01-08 13:32:28.492 [info] > git config --get commit.template [3ms]
2026-01-08 13:32:28.493 [info] > git for-each-ref --format=%(refname)%00%(upstream:short)%00%(objectname)%00%(upstream:track)%00%(upstream:remotename)%00%(upstream:remoteref) refs/heads/master refs/remotes/master [1ms]
2026-01-08 13:32:28.500 [info] > git for-each-ref --sort -committerdate --format %(refname)%00%(objectname)%00%(*objectname) [1ms]
2026-01-08 13:32:28.530 [info] > git status -z -uall [34ms]
2026-01-08 13:32:37.496 [info] > git config --get commit.template [4ms]
2026-01-08 13:32:37.496 [info] > git for-each-ref --format=%(refname)%00%(upstream:short)%00%(objectname)%00%(upstream:track)%00%(upstream:remotename)%00%(upstream:remoteref) refs/heads/master refs/remotes/master [1ms]
2026-01-08 13:32:37.503 [info] > git for-each-ref --sort -committerdate --format %(refname)%00%(objectname)%00%(*objectname) [1ms]
2026-01-08 13:32:37.534 [info] > git status -z -uall [35ms]
2026-01-08 13:32:46.499 [info] > git config --get commit.template [3ms]
2026-01-08 13:32:46.500 [info] > git for-each-ref --format=%(refname)%00%(upstream:short)%00%(objectname)%00%(upstream:track)%00%(upstream:remotename)%00%(upstream:remoteref) refs/heads/master refs/remotes/master [1ms]
2026-01-08 13:32:46.505 [info] > git for-each-ref --sort -committerdate --format %(refname)%00%(objectname)%00%(*objectname) [1ms]
2026-01-08 13:32:46.536 [info] > git status -z -uall [34ms]
2026-01-08 13:32:53.499 [info] > git config --get commit.template [1ms]
2026-01-08 13:32:53.502 [info] > git for-each-ref --format=%(refname)%00%(upstream:short)%00%(objectname)%00%(upstream:track)%00%(upstream:remotename)%00%(upstream:remoteref) refs/heads/master refs/remotes/master [1ms]
2026-01-08 13:32:53.508 [info] > git for-each-ref --sort -committerdate --format %(refname)%00%(objectname)%00%(*objectname) [1ms]
2026-01-08 13:32:53.538 [info] > git status -z -uall [33ms]
2026-01-08 13:32:58.012 [info] > git check-ignore -v -z --stdin [1ms]
2026-01-08 13:32:58.571 [info] > git config --get commit.template [2ms]
2026-01-08 13:32:58.572 [info] > git for-each-ref --format=%(refname)%00%(upstream:short)%00%(objectname)%00%(upstream:track)%00%(upstream:remotename)%00%(upstream:remoteref) refs/heads/master refs/remotes/master [1ms]
2026-01-08 13:32:58.578 [info] > git for-each-ref --sort -committerdate --format %(refname)%00%(objectname)%00%(*objectname) [1ms]
2026-01-08 13:32:58.608 [info] > git status -z -uall [33ms]
2026-01-08 13:33:03.639 [info] > git config --get commit.template [4ms]
2026-01-08 13:33:03.640 [info] > git for-each-ref --format=%(refname)%00%(upstream:short)%00%(objectname)%00%(upstream:track)%00%(upstream:remotename)%00%(upstream:remoteref) refs/heads/master refs/remotes/master [2ms]
2026-01-08 13:33:03.647 [info] > git for-each-ref --sort -committerdate --format %(refname)%00%(objectname)%00%(*objectname) [2ms]
2026-01-08 13:33:03.678 [info] > git status -z -uall [35ms]
2026-01-08 13:33:08.705 [info] > git config --get commit.template [1ms]
2026-01-08 13:33:08.710 [info] > git for-each-ref --format=%(refname)%00%(upstream:short)%00%(objectname)%00%(upstream:track)%00%(upstream:remotename)%00%(upstream:remoteref) refs/heads/master refs/remotes/master [2ms]
2026-01-08 13:33:08.715 [info] > git for-each-ref --sort -committerdate --format %(refname)%00%(objectname)%00%(*objectname) [1ms]
2026-01-08 13:33:08.746 [info] > git status -z -uall [34ms]
2026-01-08 13:33:13.772 [info] > git config --get commit.template [1ms]
2026-01-08 13:33:13.776 [info] > git for-each-ref --format=%(refname)%00%(upstream:short)%00%(objectname)%00%(upstream:track)%00%(upstream:remotename)%00%(upstream:remoteref) refs/heads/master refs/remotes/master [2ms]
2026-01-08 13:33:13.781 [info] > git for-each-ref --sort -committerdate --format %(refname)%00%(objectname)%00%(*objectname) [1ms]
2026-01-08 13:33:13.811 [info] > git status -z -uall [33ms]
2026-01-08 13:33:18.839 [info] > git config --get commit.template [4ms]
2026-01-08 13:33:18.840 [info] > git for-each-ref --format=%(refname)%00%(upstream:short)%00%(objectname)%00%(upstream:track)%00%(upstream:remotename)%00%(upstream:remoteref) refs/heads/master refs/remotes/master [1ms]
2026-01-08 13:33:18.847 [info] > git for-each-ref --sort -committerdate --format %(refname)%00%(objectname)%00%(*objectname) [2ms]
2026-01-08 13:33:18.881 [info] > git status -z -uall [39ms]
2026-01-08 13:33:23.907 [info] > git config --get commit.template [0ms]
2026-01-08 13:33:23.914 [info] > git for-each-ref --format=%(refname)%00%(upstream:short)%00%(objectname)%00%(upstream:track)%00%(upstream:remotename)%00%(upstream:remoteref) refs/heads/master refs/remotes/master [4ms]
2026-01-08 13:33:23.921 [info] > git for-each-ref --sort -committerdate --format %(refname)%00%(objectname)%00%(*objectname) [1ms]
2026-01-08 13:33:23.953 [info] > git status -z -uall [36ms]
2026-01-08 13:33:28.980 [info] > git config --get commit.template [3ms]
2026-01-08 13:33:28.981 [info] > git for-each-ref --format=%(refname)%00%(upstream:short)%00%(objectname)%00%(upstream:track)%00%(upstream:remotename)%00%(upstream:remoteref) refs/heads/master refs/remotes/master [1ms]
2026-01-08 13:33:28.988 [info] > git for-each-ref --sort -committerdate --format %(refname)%00%(objectname)%00%(*objectname) [1ms]
2026-01-08 13:33:29.019 [info] > git status -z -uall [35ms]
2026-01-08 13:33:34.053 [info] > git config --get commit.template [4ms]
2026-01-08 13:33:34.054 [info] > git for-each-ref --format=%(refname)%00%(upstream:short)%00%(objectname)%00%(upstream:track)%00%(upstream:remotename)%00%(upstream:remoteref) refs/heads/master refs/remotes/master [1ms]
2026-01-08 13:33:34.060 [info] > git for-each-ref --sort -committerdate --format %(refname)%00%(objectname)%00%(*objectname) [1ms]
2026-01-08 13:33:34.090 [info] > git status -z -uall [33ms]
2026-01-08 13:33:39.647 [info] > git config --get commit.template [1ms]
2026-01-08 13:33:39.651 [info] > git for-each-ref --format=%(refname)%00%(upstream:short)%00%(objectname)%00%(upstream:track)%00%(upstream:remotename)%00%(upstream:remoteref) refs/heads/master refs/remotes/master [1ms]
2026-01-08 13:33:39.658 [info] > git for-each-ref --sort -committerdate --format %(refname)%00%(objectname)%00%(*objectname) [1ms]
2026-01-08 13:33:39.688 [info] > git status -z -uall [34ms]
2026-01-08 13:33:44.713 [info] > git config --get commit.template [1ms]
2026-01-08 13:33:44.716 [info] > git for-each-ref --format=%(refname)%00%(upstream:short)%00%(objectname)%00%(upstream:track)%00%(upstream:remotename)%00%(upstream:remoteref) refs/heads/master refs/remotes/master [1ms]
2026-01-08 13:33:44.722 [info] > git for-each-ref --sort -committerdate --format %(refname)%00%(objectname)%00%(*objectname) [1ms]
2026-01-08 13:33:44.756 [info] > git status -z -uall [37ms]
2026-01-08 13:33:49.785 [info] > git config --get commit.template [2ms]
2026-01-08 13:33:49.786 [info] > git for-each-ref --format=%(refname)%00%(upstream:short)%00%(objectname)%00%(upstream:track)%00%(upstream:remotename)%00%(upstream:remoteref) refs/heads/master refs/remotes/master [1ms]
2026-01-08 13:33:49.792 [info] > git for-each-ref --sort -committerdate --format %(refname)%00%(objectname)%00%(*objectname) [1ms]
2026-01-08 13:33:49.824 [info] > git status -z -uall [36ms]
2026-01-08 13:33:54.855 [info] > git config --get commit.template [3ms]
2026-01-08 13:33:54.856 [info] > git for-each-ref --format=%(refname)%00%(upstream:short)%00%(objectname)%00%(upstream:track)%00%(upstream:remotename)%00%(upstream:remoteref) refs/heads/master refs/remotes/master [1ms]
2026-01-08 13:33:54.864 [info] > git for-each-ref --sort -committerdate --format %(refname)%00%(objectname)%00%(*objectname) [2ms]
2026-01-08 13:33:54.898 [info] > git status -z -uall [39ms]
2026-01-08 13:33:59.931 [info] > git config --get commit.template [1ms]
2026-01-08 13:33:59.935 [info] > git for-each-ref --format=%(refname)%00%(upstream:short)%00%(objectname)%00%(upstream:track)%00%(upstream:remotename)%00%(upstream:remoteref) refs/heads/master refs/remotes/master [1ms]
2026-01-08 13:33:59.941 [info] > git for-each-ref --sort -committerdate --format %(refname)%00%(objectname)%00%(*objectname) [1ms]
2026-01-08 13:33:59.970 [info] > git status -z -uall [33ms]
2026-01-08 13:34:04.999 [info] > git config --get commit.template [4ms]
2026-01-08 13:34:05.000 [info] > git for-each-ref --format=%(refname)%00%(upstream:short)%00%(objectname)%00%(upstream:track)%00%(upstream:remotename)%00%(upstream:remoteref) refs/heads/master refs/remotes/master [1ms]
2026-01-08 13:34:05.006 [info] > git for-each-ref --sort -committerdate --format %(refname)%00%(objectname)%00%(*objectname) [1ms]
2026-01-08 13:34:05.040 [info] > git status -z -uall [37ms]
2026-01-08 13:34:10.070 [info] > git config --get commit.template [3ms]
2026-01-08 13:34:10.071 [info] > git for-each-ref --format=%(refname)%00%(upstream:short)%00%(objectname)%00%(upstream:track)%00%(upstream:remotename)%00%(upstream:remoteref) refs/heads/master refs/remotes/master [1ms]
2026-01-08 13:34:10.077 [info] > git for-each-ref --sort -committerdate --format %(refname)%00%(objectname)%00%(*objectname) [1ms]
2026-01-08 13:34:10.108 [info] > git status -z -uall [35ms]
2026-01-08 13:34:15.135 [info] > git config --get commit.template [3ms]
2026-01-08 13:34:15.135 [info] > git for-each-ref --format=%(refname)%00%(upstream:short)%00%(objectname)%00%(upstream:track)%00%(upstream:remotename)%00%(upstream:remoteref) refs/heads/master refs/remotes/master [1ms]
2026-01-08 13:34:15.142 [info] > git for-each-ref --sort -committerdate --format %(refname)%00%(objectname)%00%(*objectname) [1ms]
2026-01-08 13:34:15.173 [info] > git status -z -uall [35ms]
2026-01-08 13:34:20.201 [info] > git config --get commit.template [3ms]
2026-01-08 13:34:20.202 [info] > git for-each-ref --format=%(refname)%00%(upstream:short)%00%(objectname)%00%(upstream:track)%00%(upstream:remotename)%00%(upstream:remoteref) refs/heads/master refs/remotes/master [2ms]
2026-01-08 13:34:20.209 [info] > git for-each-ref --sort -committerdate --format %(refname)%00%(objectname)%00%(*objectname) [1ms]
2026-01-08 13:34:20.237 [info] > git status -z -uall [32ms]
2026-01-08 13:34:25.266 [info] > git config --get commit.template [3ms]
2026-01-08 13:34:25.267 [info] > git for-each-ref --format=%(refname)%00%(upstream:short)%00%(objectname)%00%(upstream:track)%00%(upstream:remotename)%00%(upstream:remoteref) refs/heads/master refs/remotes/master [1ms]
2026-01-08 13:34:25.273 [info] > git for-each-ref --sort -committerdate --format %(refname)%00%(objectname)%00%(*objectname) [1ms]
2026-01-08 13:34:25.305 [info] > git status -z -uall [35ms]
2026-01-08 13:34:30.338 [info] > git config --get commit.template [4ms]
2026-01-08 13:34:30.339 [info] > git for-each-ref --format=%(refname)%00%(upstream:short)%00%(objectname)%00%(upstream:track)%00%(upstream:remotename)%00%(upstream:remoteref) refs/heads/master refs/remotes/master [2ms]
2026-01-08 13:34:30.345 [info] > git for-each-ref --sort -committerdate --format %(refname)%00%(objectname)%00%(*objectname) [1ms]
2026-01-08 13:34:30.377 [info] > git status -z -uall [35ms]
2026-01-08 13:34:35.408 [info] > git config --get commit.template [1ms]
2026-01-08 13:34:35.413 [info] > git for-each-ref --format=%(refname)%00%(upstream:short)%00%(objectname)%00%(upstream:track)%00%(upstream:remotename)%00%(upstream:remoteref) refs/heads/master refs/remotes/master [2ms]
2026-01-08 13:34:35.419 [info] > git for-each-ref --sort -committerdate --format %(refname)%00%(objectname)%00%(*objectname) [1ms]
2026-01-08 13:34:35.450 [info] > git status -z -uall [34ms]
2026-01-08 13:34:40.481 [info] > git config --get commit.template [4ms]
2026-01-08 13:34:40.482 [info] > git for-each-ref --format=%(refname)%00%(upstream:short)%00%(objectname)%00%(upstream:track)%00%(upstream:remotename)%00%(upstream:remoteref) refs/heads/master refs/remotes/master [2ms]
2026-01-08 13:34:40.489 [info] > git for-each-ref --sort -committerdate --format %(refname)%00%(objectname)%00%(*objectname) [2ms]
2026-01-08 13:34:40.518 [info] > git status -z -uall [33ms]
2026-01-08 13:34:45.550 [info] > git config --get commit.template [3ms]
2026-01-08 13:34:45.551 [info] > git for-each-ref --format=%(refname)%00%(upstream:short)%00%(objectname)%00%(upstream:track)%00%(upstream:remotename)%00%(upstream:remoteref) refs/heads/master refs/remotes/master [1ms]
2026-01-08 13:34:45.559 [info] > git for-each-ref --sort -committerdate --format %(refname)%00%(objectname)%00%(*objectname) [2ms]
2026-01-08 13:34:45.588 [info] > git status -z -uall [34ms]
2026-01-08 13:34:47.371 [info] > git fetch [660ms]
2026-01-08 13:34:47.372 [info] > git fetch [604ms]
2026-01-08 13:34:47.384 [info] > git config --get commit.template [6ms]
2026-01-08 13:34:47.384 [info] > git config --get commit.template [1ms]
2026-01-08 13:34:47.392 [info] > git for-each-ref --format %(refname)%00%(objectname)%00%(*objectname) refs/tags [4ms]
2026-01-08 13:34:47.401 [info] > git for-each-ref --format=%(refname)%00%(upstream:short)%00%(objectname)%00%(upstream:track)%00%(upstream:remotename)%00%(upstream:remoteref) refs/heads/master refs/remotes/master [10ms]
2026-01-08 13:34:47.401 [info] > git for-each-ref --sort -committerdate --format %(refname)%00%(objectname)%00%(*objectname) [1ms]
2026-01-08 13:34:47.414 [info] > git status -z -uall [18ms]
2026-01-08 13:34:47.415 [info] > git for-each-ref --sort -committerdate --format %(refname)%00%(objectname)%00%(*objectname) [5ms]
2026-01-08 13:34:47.460 [info] > git status -z -uall [55ms]
2026-01-08 13:34:48.040 [info] > git rev-parse --show-toplevel [1ms]
2026-01-08 13:35:02.711 [info] > git config --get commit.template [1ms]
2026-01-08 13:35:02.715 [info] > git for-each-ref --format %(refname)%00%(objectname)%00%(*objectname) refs/tags [1ms]
2026-01-08 13:35:02.722 [info] > git for-each-ref --sort -committerdate --format %(refname)%00%(objectname)%00%(*objectname) [1ms]
2026-01-08 13:35:02.723 [info] > git status -z -uall [6ms]
2026-01-08 13:35:03.230 [info] > git rev-parse --show-toplevel [1ms]
2026-01-08 13:35:04.200 [info] > git config --get commit.template [0ms]
2026-01-08 13:35:04.205 [info] > git for-each-ref --format=%(refname)%00%(upstream:short)%00%(objectname)%00%(upstream:track)%00%(upstream:remotename)%00%(upstream:remoteref) refs/heads/master refs/remotes/master [2ms]
2026-01-08 13:35:04.212 [info] > git for-each-ref --sort -committerdate --format %(refname)%00%(objectname)%00%(*objectname) [2ms]
2026-01-08 13:35:04.244 [info] > git status -z -uall [37ms]
2026-01-08 13:35:09.275 [info] > git config --get commit.template [3ms]
2026-01-08 13:35:09.275 [info] > git for-each-ref --format=%(refname)%00%(upstream:short)%00%(objectname)%00%(upstream:track)%00%(upstream:remotename)%00%(upstream:remoteref) refs/heads/master refs/remotes/master [1ms]
2026-01-08 13:35:09.281 [info] > git for-each-ref --sort -committerdate --format %(refname)%00%(objectname)%00%(*objectname) [1ms]
2026-01-08 13:35:09.311 [info] > git status -z -uall [34ms]
2026-01-08 13:35:15.207 [info] > git config --get commit.template [1ms]
2026-01-08 13:35:15.211 [info] > git for-each-ref --format=%(refname)%00%(upstream:short)%00%(objectname)%00%(upstream:track)%00%(upstream:remotename)%00%(upstream:remoteref) refs/heads/master refs/remotes/master [1ms]
2026-01-08 13:35:15.216 [info] > git for-each-ref --sort -committerdate --format %(refname)%00%(objectname)%00%(*objectname) [1ms]
2026-01-08 13:35:15.247 [info] > git status -z -uall [34ms]
2026-01-08 13:35:20.288 [info] > git config --get commit.template [5ms]
2026-01-08 13:35:20.289 [info] > git for-each-ref --format=%(refname)%00%(upstream:short)%00%(objectname)%00%(upstream:track)%00%(upstream:remotename)%00%(upstream:remoteref) refs/heads/master refs/remotes/master [1ms]
2026-01-08 13:35:20.296 [info] > git for-each-ref --sort -committerdate --format %(refname)%00%(objectname)%00%(*objectname) [1ms]
2026-01-08 13:35:20.326 [info] > git status -z -uall [34ms]
2026-01-08 13:35:25.356 [info] > git config --get commit.template [1ms]
2026-01-08 13:35:25.360 [info] > git for-each-ref --format=%(refname)%00%(upstream:short)%00%(objectname)%00%(upstream:track)%00%(upstream:remotename)%00%(upstream:remoteref) refs/heads/master refs/remotes/master [1ms]
2026-01-08 13:35:25.367 [info] > git for-each-ref --sort -committerdate --format %(refname)%00%(objectname)%00%(*objectname) [1ms]
2026-01-08 13:35:25.395 [info] > git status -z -uall [32ms]
2026-01-08 13:35:30.428 [info] > git config --get commit.template [5ms]
2026-01-08 13:35:30.429 [info] > git for-each-ref --format=%(refname)%00%(upstream:short)%00%(objectname)%00%(upstream:track)%00%(upstream:remotename)%00%(upstream:remoteref) refs/heads/master refs/remotes/master [2ms]
2026-01-08 13:35:30.434 [info] > git for-each-ref --sort -committerdate --format %(refname)%00%(objectname)%00%(*objectname) [1ms]
2026-01-08 13:35:30.466 [info] > git status -z -uall [35ms]
2026-01-08 13:35:35.493 [info] > git config --get commit.template [1ms]
2026-01-08 13:35:35.497 [info] > git for-each-ref --format=%(refname)%00%(upstream:short)%00%(objectname)%00%(upstream:track)%00%(upstream:remotename)%00%(upstream:remoteref) refs/heads/master refs/remotes/master [1ms]
2026-01-08 13:35:35.503 [info] > git for-each-ref --sort -committerdate --format %(refname)%00%(objectname)%00%(*objectname) [1ms]
2026-01-08 13:35:35.538 [info] > git status -z -uall [38ms]
2026-01-08 13:35:41.232 [info] > git config --get commit.template [3ms]
2026-01-08 13:35:41.234 [info] > git for-each-ref --format=%(refname)%00%(upstream:short)%00%(objectname)%00%(upstream:track)%00%(upstream:remotename)%00%(upstream:remoteref) refs/heads/master refs/remotes/master [2ms]
2026-01-08 13:35:41.240 [info] > git for-each-ref --sort -committerdate --format %(refname)%00%(objectname)%00%(*objectname) [1ms]
2026-01-08 13:35:41.270 [info] > git status -z -uall [33ms]
2026-01-08 13:35:46.299 [info] > git config --get commit.template [2ms]
2026-01-08 13:35:46.300 [info] > git for-each-ref --format=%(refname)%00%(upstream:short)%00%(objectname)%00%(upstream:track)%00%(upstream:remotename)%00%(upstream:remoteref) refs/heads/master refs/remotes/master [1ms]
2026-01-08 13:35:46.306 [info] > git for-each-ref --sort -committerdate --format %(refname)%00%(objectname)%00%(*objectname) [1ms]
2026-01-08 13:35:46.336 [info] > git status -z -uall [33ms]
2026-01-08 13:35:51.368 [info] > git config --get commit.template [3ms]
2026-01-08 13:35:51.369 [info] > git for-each-ref --format=%(refname)%00%(upstream:short)%00%(objectname)%00%(upstream:track)%00%(upstream:remotename)%00%(upstream:remoteref) refs/heads/master refs/remotes/master [1ms]
2026-01-08 13:35:51.375 [info] > git for-each-ref --sort -committerdate --format %(refname)%00%(objectname)%00%(*objectname) [1ms]
2026-01-08 13:35:51.406 [info] > git status -z -uall [34ms]
2026-01-08 13:35:56.436 [info] > git config --get commit.template [1ms]
2026-01-08 13:35:56.440 [info] > git for-each-ref --format=%(refname)%00%(upstream:short)%00%(objectname)%00%(upstream:track)%00%(upstream:remotename)%00%(upstream:remoteref) refs/heads/master refs/remotes/master [1ms]
2026-01-08 13:35:56.447 [info] > git for-each-ref --sort -committerdate --format %(refname)%00%(objectname)%00%(*objectname) [1ms]
2026-01-08 13:35:56.477 [info] > git status -z -uall [34ms]
2026-01-08 13:36:01.511 [info] > git config --get commit.template [4ms]
2026-01-08 13:36:01.512 [info] > git for-each-ref --format=%(refname)%00%(upstream:short)%00%(objectname)%00%(upstream:track)%00%(upstream:remotename)%00%(upstream:remoteref) refs/heads/master refs/remotes/master [1ms]
2026-01-08 13:36:01.520 [info] > git for-each-ref --sort -committerdate --format %(refname)%00%(objectname)%00%(*objectname) [1ms]
2026-01-08 13:36:01.548 [info] > git status -z -uall [33ms]
2026-01-08 13:36:06.578 [info] > git config --get commit.template [4ms]
2026-01-08 13:36:06.579 [info] > git for-each-ref --format=%(refname)%00%(upstream:short)%00%(objectname)%00%(upstream:track)%00%(upstream:remotename)%00%(upstream:remoteref) refs/heads/master refs/remotes/master [1ms]
2026-01-08 13:36:06.586 [info] > git for-each-ref --sort -committerdate --format %(refname)%00%(objectname)%00%(*objectname) [1ms]
2026-01-08 13:36:06.616 [info] > git status -z -uall [34ms]
2026-01-08 13:36:11.646 [info] > git config --get commit.template [4ms]
2026-01-08 13:36:11.647 [info] > git for-each-ref --format=%(refname)%00%(upstream:short)%00%(objectname)%00%(upstream:track)%00%(upstream:remotename)%00%(upstream:remoteref) refs/heads/master refs/remotes/master [2ms]
2026-01-08 13:36:11.655 [info] > git for-each-ref --sort -committerdate --format %(refname)%00%(objectname)%00%(*objectname) [1ms]
2026-01-08 13:36:11.686 [info] > git status -z -uall [35ms]
2026-01-08 13:36:16.714 [info] > git config --get commit.template [1ms]
2026-01-08 13:36:16.719 [info] > git for-each-ref --format=%(refname)%00%(upstream:short)%00%(objectname)%00%(upstream:track)%00%(upstream:remotename)%00%(upstream:remoteref) refs/heads/master refs/remotes/master [1ms]
2026-01-08 13:36:16.725 [info] > git for-each-ref --sort -committerdate --format %(refname)%00%(objectname)%00%(*objectname) [1ms]
2026-01-08 13:36:16.755 [info] > git status -z -uall [33ms]
2026-01-08 13:36:21.788 [info] > git config --get commit.template [4ms]
2026-01-08 13:36:21.789 [info] > git for-each-ref --format=%(refname)%00%(upstream:short)%00%(objectname)%00%(upstream:track)%00%(upstream:remotename)%00%(upstream:remoteref) refs/heads/master refs/remotes/master [2ms]
2026-01-08 13:36:21.795 [info] > git for-each-ref --sort -committerdate --format %(refname)%00%(objectname)%00%(*objectname) [1ms]
2026-01-08 13:36:21.830 [info] > git status -z -uall [39ms]
2026-01-08 13:36:26.870 [info] > git config --get commit.template [5ms]
2026-01-08 13:36:26.872 [info] > git for-each-ref --format=%(refname)%00%(upstream:short)%00%(objectname)%00%(upstream:track)%00%(upstream:remotename)%00%(upstream:remoteref) refs/heads/master refs/remotes/master [2ms]
2026-01-08 13:36:26.879 [info] > git for-each-ref --sort -committerdate --format %(refname)%00%(objectname)%00%(*objectname) [1ms]
2026-01-08 13:36:26.927 [info] > git status -z -uall [52ms]
2026-01-08 13:36:31.965 [info] > git config --get commit.template [5ms]
2026-01-08 13:36:31.966 [info] > git for-each-ref --format=%(refname)%00%(upstream:short)%00%(objectname)%00%(upstream:track)%00%(upstream:remotename)%00%(upstream:remoteref) refs/heads/master refs/remotes/master [1ms]
2026-01-08 13:36:31.973 [info] > git for-each-ref --sort -committerdate --format %(refname)%00%(objectname)%00%(*objectname) [2ms]
2026-01-08 13:36:32.004 [info] > git status -z -uall [35ms]
