2026-01-09 16:35:03.899 [info] Extension host with pid 50345 started
2026-01-09 16:35:03.899 [error] Error: EEXIST: file already exists, open '/home/palantir/.antigravity-server/data/User/workspaceStorage/af088db0ca468070abeb4132d5cbcc80/vscode.lock'
2026-01-09 16:35:03.901 [error] SyntaxError: Unexpected end of JSON input
    at JSON.parse (<anonymous>)
    at qP (file:///home/palantir/.antigravity-server/bin/94f91bc110994badc7c086033db813077a5226af/out/vs/workbench/api/node/extensionHostProcess.js:250:6326)
    at async iG (file:///home/palantir/.antigravity-server/bin/94f91bc110994badc7c086033db813077a5226af/out/vs/workbench/api/node/extensionHostProcess.js:250:5960)
    at async gfe.g (file:///home/palantir/.antigravity-server/bin/94f91bc110994badc7c086033db813077a5226af/out/vs/workbench/api/node/extensionHostProcess.js:250:4816)
    at async gfe.h (file:///home/palantir/.antigravity-server/bin/94f91bc110994badc7c086033db813077a5226af/out/vs/workbench/api/node/extensionHostProcess.js:113:20929)
2026-01-09 16:35:03.902 [info] Lock '/home/palantir/.antigravity-server/data/User/workspaceStorage/af088db0ca468070abeb4132d5cbcc80/vscode.lock': Could not acquire lock, checking if the file is stale.
2026-01-09 16:35:03.902 [error] SyntaxError: Unexpected end of JSON input
    at JSON.parse (<anonymous>)
    at qP (file:///home/palantir/.antigravity-server/bin/94f91bc110994badc7c086033db813077a5226af/out/vs/workbench/api/node/extensionHostProcess.js:250:6326)
    at async bfe (file:///home/palantir/.antigravity-server/bin/94f91bc110994badc7c086033db813077a5226af/out/vs/workbench/api/node/extensionHostProcess.js:250:6587)
    at async gfe.g (file:///home/palantir/.antigravity-server/bin/94f91bc110994badc7c086033db813077a5226af/out/vs/workbench/api/node/extensionHostProcess.js:250:4816)
    at async gfe.h (file:///home/palantir/.antigravity-server/bin/94f91bc110994badc7c086033db813077a5226af/out/vs/workbench/api/node/extensionHostProcess.js:113:20929)
2026-01-09 16:35:03.902 [info] Lock '/home/palantir/.antigravity-server/data/User/workspaceStorage/af088db0ca468070abeb4132d5cbcc80/vscode.lock': Could not read pid of lock holder.
2026-01-09 16:35:03.902 [info] Lock '/home/palantir/.antigravity-server/data/User/workspaceStorage/af088db0ca468070abeb4132d5cbcc80/vscode.lock': Deleting a stale lock.
2026-01-09 16:35:03.914 [info] Lock '/home/palantir/.antigravity-server/data/User/workspaceStorage/af088db0ca468070abeb4132d5cbcc80/vscode.lock': Lock acquired.
2026-01-09 16:35:03.966 [info] ExtensionService#_doActivateExtension vscode.emmet, startup: false, activationEvent: 'onLanguage'
2026-01-09 16:35:04.014 [info] ExtensionService#_doActivateExtension vscode.git-base, startup: true, activationEvent: '*', root cause: google.antigravity
2026-01-09 16:35:04.033 [info] ExtensionService#_doActivateExtension vscode.git, startup: true, activationEvent: '*', root cause: google.antigravity
2026-01-09 16:35:04.034 [info] ExtensionService#_doActivateExtension vscode.github, startup: true, activationEvent: '*'
2026-01-09 16:35:04.186 [info] ExtensionService#_doActivateExtension google.antigravity, startup: true, activationEvent: '*'
2026-01-09 16:35:04.958 [info] ExtensionService#_doActivateExtension vscode.terminal-suggest, startup: false, activationEvent: 'onTerminalShellIntegration:*'
2026-01-09 16:35:05.243 [warning] [Decorations] CAPPING events from decorations provider vscode.git 7787
2026-01-09 16:35:05.846 [info] ExtensionService#_doActivateExtension vscode.tunnel-forwarding, startup: false, activationEvent: 'onTunnel'
2026-01-09 16:35:05.969 [warning] [Decorations] CAPPING events from decorations provider vscode.git 7787
2026-01-09 16:35:13.941 [info] Eager extensions activated
2026-01-09 16:35:13.941 [info] ExtensionService#_doActivateExtension vscode.debug-auto-launch, startup: false, activationEvent: 'onStartupFinished'
2026-01-09 16:35:13.941 [info] ExtensionService#_doActivateExtension vscode.merge-conflict, startup: false, activationEvent: 'onStartupFinished'
2026-01-09 16:35:14.029 [info] ExtensionService#_doActivateExtension vscode.configuration-editing, startup: false, activationEvent: 'onLanguage:json'
2026-01-09 16:35:14.030 [info] ExtensionService#_doActivateExtension vscode.extension-editing, startup: false, activationEvent: 'onLanguage:json'
2026-01-09 16:35:14.030 [info] ExtensionService#_doActivateExtension vscode.json-language-features, startup: false, activationEvent: 'onLanguage:json'
2026-01-09 16:35:14.030 [info] ExtensionService#_doActivateExtension vscode.npm, startup: false, activationEvent: 'onLanguage:json'
2026-01-09 16:35:14.334 [warning] [Decorations] CAPPING events from decorations provider vscode.git 7788
2026-01-09 16:35:20.158 [warning] [Decorations] CAPPING events from decorations provider vscode.git 7777
2026-01-09 16:35:25.253 [warning] [Decorations] CAPPING events from decorations provider vscode.git 7777
2026-01-09 16:35:33.005 [warning] [Decorations] CAPPING events from decorations provider vscode.git 7777
2026-01-09 16:35:38.077 [warning] [Decorations] CAPPING events from decorations provider vscode.git 7777
2026-01-09 16:35:43.147 [warning] [Decorations] CAPPING events from decorations provider vscode.git 7777
2026-01-09 16:35:48.225 [warning] [Decorations] CAPPING events from decorations provider vscode.git 7777
2026-01-09 16:35:53.294 [warning] [Decorations] CAPPING events from decorations provider vscode.git 7777
2026-01-09 16:35:58.375 [warning] [Decorations] CAPPING events from decorations provider vscode.git 7777
2026-01-09 16:36:06.121 [warning] [Decorations] CAPPING events from decorations provider vscode.git 7777
2026-01-09 16:36:11.199 [warning] [Decorations] CAPPING events from decorations provider vscode.git 7777
2026-01-09 16:36:16.272 [warning] [Decorations] CAPPING events from decorations provider vscode.git 7777
2026-01-09 16:36:21.341 [warning] [Decorations] CAPPING events from decorations provider vscode.git 7777
2026-01-09 16:36:26.411 [warning] [Decorations] CAPPING events from decorations provider vscode.git 7777
2026-01-09 16:36:31.479 [warning] [Decorations] CAPPING events from decorations provider vscode.git 7777
2026-01-09 16:36:36.553 [warning] [Decorations] CAPPING events from decorations provider vscode.git 7777
2026-01-09 16:36:43.985 [warning] [Decorations] CAPPING events from decorations provider vscode.git 7777
2026-01-09 16:36:49.057 [warning] [Decorations] CAPPING events from decorations provider vscode.git 7777
2026-01-09 16:36:54.133 [warning] [Decorations] CAPPING events from decorations provider vscode.git 7777
2026-01-09 16:36:59.205 [warning] [Decorations] CAPPING events from decorations provider vscode.git 7777
2026-01-09 16:37:05.832 [warning] [Decorations] CAPPING events from decorations provider vscode.git 7777
2026-01-09 16:37:10.907 [warning] [Decorations] CAPPING events from decorations provider vscode.git 7777
2026-01-09 16:37:18.664 [warning] [Decorations] CAPPING events from decorations provider vscode.git 7777
2026-01-09 16:37:20.073 [info] Extension host terminating: received terminate message from renderer
2026-01-09 16:37:20.074 [info] Lock '/home/palantir/.antigravity-server/data/User/workspaceStorage/af088db0ca468070abeb4132d5cbcc80/vscode.lock': Marking the lockfile as scheduled to be released in 6000 ms.
2026-01-09 16:37:20.103 [info] Extension host with pid 50345 exiting with code 0
