2026-01-09 19:19:36.018 [info] Extension host with pid 73196 started
2026-01-09 19:19:36.024 [info] Lock '/home/palantir/.antigravity-server/data/User/workspaceStorage/af088db0ca468070abeb4132d5cbcc80/vscode.lock': Lock acquired.
2026-01-09 19:19:36.076 [info] ExtensionService#_doActivateExtension vscode.emmet, startup: false, activationEvent: 'onLanguage'
2026-01-09 19:19:36.109 [info] ExtensionService#_doActivateExtension vscode.git-base, startup: true, activationEvent: '*', root cause: google.antigravity
2026-01-09 19:19:36.117 [info] ExtensionService#_doActivateExtension vscode.git, startup: true, activationEvent: '*', root cause: google.antigravity
2026-01-09 19:19:36.117 [info] ExtensionService#_doActivateExtension vscode.github, startup: true, activationEvent: '*'
2026-01-09 19:19:36.219 [info] ExtensionService#_doActivateExtension google.antigravity, startup: true, activationEvent: '*'
2026-01-09 19:19:37.071 [info] ExtensionService#_doActivateExtension vscode.terminal-suggest, startup: false, activationEvent: 'onTerminalShellIntegration:*'
2026-01-09 19:19:37.141 [info] ExtensionService#_doActivateExtension vscode.tunnel-forwarding, startup: false, activationEvent: 'onTunnel'
2026-01-09 19:19:37.595 [warning] [Decorations] CAPPING events from decorations provider vscode.git 7827
2026-01-09 19:19:38.378 [warning] [Decorations] CAPPING events from decorations provider vscode.git 7827
2026-01-09 19:19:46.111 [info] ExtensionService#_doActivateExtension vscode.debug-auto-launch, startup: false, activationEvent: 'onStartupFinished'
2026-01-09 19:19:46.111 [info] ExtensionService#_doActivateExtension vscode.merge-conflict, startup: false, activationEvent: 'onStartupFinished'
2026-01-09 19:19:48.393 [warning] [Decorations] CAPPING events from decorations provider vscode.git 7827
2026-01-09 19:19:50.759 [info] Eager extensions activated
2026-01-09 19:19:50.814 [info] ExtensionService#_doActivateExtension vscode.configuration-editing, startup: false, activationEvent: 'onLanguage:json'
2026-01-09 19:19:50.814 [info] ExtensionService#_doActivateExtension vscode.extension-editing, startup: false, activationEvent: 'onLanguage:json'
2026-01-09 19:19:50.814 [info] ExtensionService#_doActivateExtension vscode.json-language-features, startup: false, activationEvent: 'onLanguage:json'
2026-01-09 19:19:50.814 [info] ExtensionService#_doActivateExtension vscode.npm, startup: false, activationEvent: 'onLanguage:json'
2026-01-09 19:19:56.372 [warning] [Decorations] CAPPING events from decorations provider vscode.git 7818
2026-01-09 19:20:03.761 [warning] [Decorations] CAPPING events from decorations provider vscode.git 7818
2026-01-09 19:20:08.848 [warning] [Decorations] CAPPING events from decorations provider vscode.git 7818
2026-01-09 19:20:13.923 [warning] [Decorations] CAPPING events from decorations provider vscode.git 7818
2026-01-09 19:20:18.996 [warning] [Decorations] CAPPING events from decorations provider vscode.git 7818
2026-01-09 19:20:24.072 [warning] [Decorations] CAPPING events from decorations provider vscode.git 7818
2026-01-09 19:20:29.150 [warning] [Decorations] CAPPING events from decorations provider vscode.git 7818
2026-01-09 19:20:34.874 [warning] [Decorations] CAPPING events from decorations provider vscode.git 7818
2026-01-09 19:20:42.246 [warning] [Decorations] CAPPING events from decorations provider vscode.git 7818
2026-01-09 19:20:47.324 [warning] [Decorations] CAPPING events from decorations provider vscode.git 7818
2026-01-09 19:20:52.401 [warning] [Decorations] CAPPING events from decorations provider vscode.git 7818
2026-01-09 19:20:57.473 [warning] [Decorations] CAPPING events from decorations provider vscode.git 7818
2026-01-09 19:21:02.550 [warning] [Decorations] CAPPING events from decorations provider vscode.git 7818
2026-01-09 19:21:07.625 [warning] [Decorations] CAPPING events from decorations provider vscode.git 7818
2026-01-09 19:21:15.142 [warning] [Decorations] CAPPING events from decorations provider vscode.git 7818
2026-01-09 19:21:20.214 [warning] [Decorations] CAPPING events from decorations provider vscode.git 7818
2026-01-09 19:21:25.289 [warning] [Decorations] CAPPING events from decorations provider vscode.git 7818
2026-01-09 19:21:30.367 [warning] [Decorations] CAPPING events from decorations provider vscode.git 7818
2026-01-09 19:21:35.440 [warning] [Decorations] CAPPING events from decorations provider vscode.git 7818
2026-01-09 19:21:40.512 [warning] [Decorations] CAPPING events from decorations provider vscode.git 7818
2026-01-09 19:21:47.642 [warning] [Decorations] CAPPING events from decorations provider vscode.git 7818
2026-01-09 19:21:52.713 [warning] [Decorations] CAPPING events from decorations provider vscode.git 7818
2026-01-09 19:21:57.789 [warning] [Decorations] CAPPING events from decorations provider vscode.git 7818
2026-01-09 19:22:02.870 [warning] [Decorations] CAPPING events from decorations provider vscode.git 7818
2026-01-09 19:22:07.945 [warning] [Decorations] CAPPING events from decorations provider vscode.git 7818
2026-01-09 19:22:13.017 [warning] [Decorations] CAPPING events from decorations provider vscode.git 7818
2026-01-09 19:22:18.093 [warning] [Decorations] CAPPING events from decorations provider vscode.git 7818
2026-01-09 19:22:25.415 [warning] [Decorations] CAPPING events from decorations provider vscode.git 7818
2026-01-09 19:22:30.484 [warning] [Decorations] CAPPING events from decorations provider vscode.git 7818
2026-01-09 19:22:35.561 [warning] [Decorations] CAPPING events from decorations provider vscode.git 7818
2026-01-09 19:22:40.638 [warning] [Decorations] CAPPING events from decorations provider vscode.git 7818
2026-01-09 19:22:45.719 [warning] [Decorations] CAPPING events from decorations provider vscode.git 7818
2026-01-09 19:22:50.365 [warning] [Decorations] CAPPING events from decorations provider vscode.git 7818
2026-01-09 19:22:50.925 [warning] [Decorations] CAPPING events from decorations provider vscode.git 7818
2026-01-09 19:22:58.080 [warning] [Decorations] CAPPING events from decorations provider vscode.git 7818
2026-01-09 19:23:03.162 [warning] [Decorations] CAPPING events from decorations provider vscode.git 7818
2026-01-09 19:23:08.234 [warning] [Decorations] CAPPING events from decorations provider vscode.git 7818
2026-01-09 19:23:13.305 [warning] [Decorations] CAPPING events from decorations provider vscode.git 7818
2026-01-09 19:23:18.375 [warning] [Decorations] CAPPING events from decorations provider vscode.git 7818
2026-01-09 19:23:23.453 [warning] [Decorations] CAPPING events from decorations provider vscode.git 7818
2026-01-09 19:23:28.524 [warning] [Decorations] CAPPING events from decorations provider vscode.git 7818
2026-01-09 19:23:35.833 [warning] [Decorations] CAPPING events from decorations provider vscode.git 7818
2026-01-09 19:23:40.905 [warning] [Decorations] CAPPING events from decorations provider vscode.git 7818
2026-01-09 19:23:45.980 [warning] [Decorations] CAPPING events from decorations provider vscode.git 7818
2026-01-09 19:23:51.053 [warning] [Decorations] CAPPING events from decorations provider vscode.git 7818
2026-01-09 19:23:56.130 [warning] [Decorations] CAPPING events from decorations provider vscode.git 7818
2026-01-09 19:24:01.207 [warning] [Decorations] CAPPING events from decorations provider vscode.git 7818
2026-01-09 19:24:08.621 [warning] [Decorations] CAPPING events from decorations provider vscode.git 7818
2026-01-09 19:24:13.697 [warning] [Decorations] CAPPING events from decorations provider vscode.git 7818
2026-01-09 19:24:18.770 [warning] [Decorations] CAPPING events from decorations provider vscode.git 7818
2026-01-09 19:24:23.845 [warning] [Decorations] CAPPING events from decorations provider vscode.git 7818
2026-01-09 19:24:28.916 [warning] [Decorations] CAPPING events from decorations provider vscode.git 7818
2026-01-09 19:24:33.987 [warning] [Decorations] CAPPING events from decorations provider vscode.git 7818
2026-01-09 19:24:41.405 [warning] [Decorations] CAPPING events from decorations provider vscode.git 7818
2026-01-09 19:24:46.483 [warning] [Decorations] CAPPING events from decorations provider vscode.git 7818
2026-01-09 19:24:51.557 [warning] [Decorations] CAPPING events from decorations provider vscode.git 7818
2026-01-09 19:24:56.630 [warning] [Decorations] CAPPING events from decorations provider vscode.git 7818
2026-01-09 19:25:01.702 [warning] [Decorations] CAPPING events from decorations provider vscode.git 7818
2026-01-09 19:25:06.772 [warning] [Decorations] CAPPING events from decorations provider vscode.git 7818
2026-01-09 19:25:11.861 [warning] [Decorations] CAPPING events from decorations provider vscode.git 7818
2026-01-09 19:25:19.359 [warning] [Decorations] CAPPING events from decorations provider vscode.git 7818
2026-01-09 19:25:24.442 [warning] [Decorations] CAPPING events from decorations provider vscode.git 7818
2026-01-09 19:25:29.530 [warning] [Decorations] CAPPING events from decorations provider vscode.git 7818
2026-01-09 19:25:34.616 [warning] [Decorations] CAPPING events from decorations provider vscode.git 7818
2026-01-09 19:25:39.698 [warning] [Decorations] CAPPING events from decorations provider vscode.git 7818
2026-01-09 19:25:44.777 [warning] [Decorations] CAPPING events from decorations provider vscode.git 7818
2026-01-09 19:25:49.850 [warning] [Decorations] CAPPING events from decorations provider vscode.git 7818
2026-01-09 19:25:54.924 [warning] [Decorations] CAPPING events from decorations provider vscode.git 7818
2026-01-09 19:25:59.999 [warning] [Decorations] CAPPING events from decorations provider vscode.git 7818
2026-01-09 19:26:02.764 [warning] [Decorations] CAPPING events from decorations provider vscode.git 7818
2026-01-09 19:26:05.072 [warning] [Decorations] CAPPING events from decorations provider vscode.git 7818
2026-01-09 19:26:10.153 [warning] [Decorations] CAPPING events from decorations provider vscode.git 7818
2026-01-09 19:26:15.235 [warning] [Decorations] CAPPING events from decorations provider vscode.git 7818
2026-01-09 19:26:20.334 [warning] [Decorations] CAPPING events from decorations provider vscode.git 7818
2026-01-09 19:26:27.655 [warning] [Decorations] CAPPING events from decorations provider vscode.git 7818
2026-01-09 19:26:32.743 [warning] [Decorations] CAPPING events from decorations provider vscode.git 7818
2026-01-09 19:26:37.823 [warning] [Decorations] CAPPING events from decorations provider vscode.git 7818
2026-01-09 19:26:43.486 [warning] [Decorations] CAPPING events from decorations provider vscode.git 7818
2026-01-09 19:26:48.565 [warning] [Decorations] CAPPING events from decorations provider vscode.git 7818
2026-01-09 19:26:53.642 [warning] [Decorations] CAPPING events from decorations provider vscode.git 7818
2026-01-09 19:27:00.723 [warning] [Decorations] CAPPING events from decorations provider vscode.git 7818
2026-01-09 19:27:05.799 [warning] [Decorations] CAPPING events from decorations provider vscode.git 7818
2026-01-09 19:27:10.870 [warning] [Decorations] CAPPING events from decorations provider vscode.git 7818
2026-01-09 19:27:15.941 [warning] [Decorations] CAPPING events from decorations provider vscode.git 7818
2026-01-09 19:27:21.020 [warning] [Decorations] CAPPING events from decorations provider vscode.git 7818
2026-01-09 19:27:26.094 [warning] [Decorations] CAPPING events from decorations provider vscode.git 7818
2026-01-09 19:27:33.248 [warning] [Decorations] CAPPING events from decorations provider vscode.git 7818
2026-01-09 19:27:38.326 [warning] [Decorations] CAPPING events from decorations provider vscode.git 7818
2026-01-09 19:27:43.398 [warning] [Decorations] CAPPING events from decorations provider vscode.git 7818
2026-01-09 19:27:48.474 [warning] [Decorations] CAPPING events from decorations provider vscode.git 7818
2026-01-09 19:27:53.551 [warning] [Decorations] CAPPING events from decorations provider vscode.git 7818
2026-01-09 19:27:58.632 [warning] [Decorations] CAPPING events from decorations provider vscode.git 7818
2026-01-09 19:28:03.714 [warning] [Decorations] CAPPING events from decorations provider vscode.git 7818
2026-01-09 19:28:10.603 [warning] [Decorations] CAPPING events from decorations provider vscode.git 7818
2026-01-09 19:28:15.685 [warning] [Decorations] CAPPING events from decorations provider vscode.git 7818
2026-01-09 19:28:20.762 [warning] [Decorations] CAPPING events from decorations provider vscode.git 7818
2026-01-09 19:28:25.838 [warning] [Decorations] CAPPING events from decorations provider vscode.git 7818
2026-01-09 19:28:30.915 [warning] [Decorations] CAPPING events from decorations provider vscode.git 7818
2026-01-09 19:28:35.996 [warning] [Decorations] CAPPING events from decorations provider vscode.git 7818
2026-01-09 19:28:42.748 [warning] [Decorations] CAPPING events from decorations provider vscode.git 7818
2026-01-09 19:28:47.819 [warning] [Decorations] CAPPING events from decorations provider vscode.git 7818
2026-01-09 19:28:52.890 [warning] [Decorations] CAPPING events from decorations provider vscode.git 7818
2026-01-09 19:28:57.969 [warning] [Decorations] CAPPING events from decorations provider vscode.git 7818
2026-01-09 19:29:03.047 [warning] [Decorations] CAPPING events from decorations provider vscode.git 7818
2026-01-09 19:29:08.120 [warning] [Decorations] CAPPING events from decorations provider vscode.git 7818
2026-01-09 19:29:13.235 [warning] [Decorations] CAPPING events from decorations provider vscode.git 7818
2026-01-09 19:29:13.313 [warning] [Decorations] CAPPING events from decorations provider vscode.git 7818
2026-01-09 19:29:20.938 [warning] [Decorations] CAPPING events from decorations provider vscode.git 7818
2026-01-09 19:29:26.020 [warning] [Decorations] CAPPING events from decorations provider vscode.git 7818
2026-01-09 19:29:31.086 [warning] [Decorations] CAPPING events from decorations provider vscode.git 7818
2026-01-09 19:29:36.164 [warning] [Decorations] CAPPING events from decorations provider vscode.git 7818
2026-01-09 19:29:41.242 [warning] [Decorations] CAPPING events from decorations provider vscode.git 7818
2026-01-09 19:29:46.315 [warning] [Decorations] CAPPING events from decorations provider vscode.git 7818
2026-01-09 19:29:53.325 [warning] [Decorations] CAPPING events from decorations provider vscode.git 7818
2026-01-09 19:29:58.403 [warning] [Decorations] CAPPING events from decorations provider vscode.git 7818
2026-01-09 19:30:03.470 [warning] [Decorations] CAPPING events from decorations provider vscode.git 7818
2026-01-09 19:30:08.541 [warning] [Decorations] CAPPING events from decorations provider vscode.git 7818
2026-01-09 19:30:13.611 [warning] [Decorations] CAPPING events from decorations provider vscode.git 7818
2026-01-09 19:30:18.699 [warning] [Decorations] CAPPING events from decorations provider vscode.git 7818
2026-01-09 19:30:26.045 [warning] [Decorations] CAPPING events from decorations provider vscode.git 7818
2026-01-09 19:30:31.119 [warning] [Decorations] CAPPING events from decorations provider vscode.git 7818
2026-01-09 19:30:36.198 [warning] [Decorations] CAPPING events from decorations provider vscode.git 7818
2026-01-09 19:30:41.282 [warning] [Decorations] CAPPING events from decorations provider vscode.git 7818
2026-01-09 19:30:46.366 [warning] [Decorations] CAPPING events from decorations provider vscode.git 7818
2026-01-09 19:30:51.445 [warning] [Decorations] CAPPING events from decorations provider vscode.git 7818
2026-01-09 19:30:56.521 [warning] [Decorations] CAPPING events from decorations provider vscode.git 7818
2026-01-09 19:31:03.581 [warning] [Decorations] CAPPING events from decorations provider vscode.git 7818
2026-01-09 19:31:08.658 [warning] [Decorations] CAPPING events from decorations provider vscode.git 7819
2026-01-09 19:31:13.744 [warning] [Decorations] CAPPING events from decorations provider vscode.git 7819
2026-01-09 19:31:18.828 [warning] [Decorations] CAPPING events from decorations provider vscode.git 7819
2026-01-09 19:31:23.910 [warning] [Decorations] CAPPING events from decorations provider vscode.git 7819
2026-01-09 19:31:28.985 [warning] [Decorations] CAPPING events from decorations provider vscode.git 7819
2026-01-09 19:31:36.453 [warning] [Decorations] CAPPING events from decorations provider vscode.git 7819
2026-01-09 19:31:41.542 [warning] [Decorations] CAPPING events from decorations provider vscode.git 7819
2026-01-09 19:31:46.621 [warning] [Decorations] CAPPING events from decorations provider vscode.git 7819
2026-01-09 19:31:51.701 [warning] [Decorations] CAPPING events from decorations provider vscode.git 7819
2026-01-09 19:31:56.782 [warning] [Decorations] CAPPING events from decorations provider vscode.git 7819
2026-01-09 19:32:01.858 [warning] [Decorations] CAPPING events from decorations provider vscode.git 7819
2026-01-09 19:32:06.945 [warning] [Decorations] CAPPING events from decorations provider vscode.git 7819
2026-01-09 19:32:14.060 [warning] [Decorations] CAPPING events from decorations provider vscode.git 7819
2026-01-09 19:32:19.137 [warning] [Decorations] CAPPING events from decorations provider vscode.git 7819
2026-01-09 19:32:24.217 [warning] [Decorations] CAPPING events from decorations provider vscode.git 7819
2026-01-09 19:32:26.429 [warning] [Decorations] CAPPING events from decorations provider vscode.git 7819
2026-01-09 19:32:29.300 [warning] [Decorations] CAPPING events from decorations provider vscode.git 7819
2026-01-09 19:32:35.100 [warning] [Decorations] CAPPING events from decorations provider vscode.git 7819
2026-01-09 19:32:40.185 [warning] [Decorations] CAPPING events from decorations provider vscode.git 7819
2026-01-09 19:32:47.470 [warning] [Decorations] CAPPING events from decorations provider vscode.git 7819
2026-01-09 19:32:52.544 [warning] [Decorations] CAPPING events from decorations provider vscode.git 7819
2026-01-09 19:32:57.614 [warning] [Decorations] CAPPING events from decorations provider vscode.git 7819
2026-01-09 19:33:02.690 [warning] [Decorations] CAPPING events from decorations provider vscode.git 7819
2026-01-09 19:33:07.760 [warning] [Decorations] CAPPING events from decorations provider vscode.git 7819
2026-01-09 19:33:12.838 [warning] [Decorations] CAPPING events from decorations provider vscode.git 7819
2026-01-09 19:33:19.818 [warning] [Decorations] CAPPING events from decorations provider vscode.git 7819
2026-01-09 19:33:24.896 [warning] [Decorations] CAPPING events from decorations provider vscode.git 7819
2026-01-09 19:33:29.968 [warning] [Decorations] CAPPING events from decorations provider vscode.git 7819
2026-01-09 19:33:35.043 [warning] [Decorations] CAPPING events from decorations provider vscode.git 7819
2026-01-09 19:33:40.122 [warning] [Decorations] CAPPING events from decorations provider vscode.git 7819
2026-01-09 19:33:45.207 [warning] [Decorations] CAPPING events from decorations provider vscode.git 7819
2026-01-09 19:33:50.284 [warning] [Decorations] CAPPING events from decorations provider vscode.git 7819
2026-01-09 19:33:57.520 [warning] [Decorations] CAPPING events from decorations provider vscode.git 7819
2026-01-09 19:34:02.602 [warning] [Decorations] CAPPING events from decorations provider vscode.git 7819
2026-01-09 19:34:07.679 [warning] [Decorations] CAPPING events from decorations provider vscode.git 7819
2026-01-09 19:34:12.770 [warning] [Decorations] CAPPING events from decorations provider vscode.git 7819
2026-01-09 19:34:17.870 [warning] [Decorations] CAPPING events from decorations provider vscode.git 7819
2026-01-09 19:34:22.970 [warning] [Decorations] CAPPING events from decorations provider vscode.git 7819
2026-01-09 19:34:30.428 [warning] [Decorations] CAPPING events from decorations provider vscode.git 7819
2026-01-09 19:34:35.517 [warning] [Decorations] CAPPING events from decorations provider vscode.git 7819
2026-01-09 19:34:40.591 [warning] [Decorations] CAPPING events from decorations provider vscode.git 7819
2026-01-09 19:34:45.667 [warning] [Decorations] CAPPING events from decorations provider vscode.git 7819
2026-01-09 19:34:50.738 [warning] [Decorations] CAPPING events from decorations provider vscode.git 7819
2026-01-09 19:34:55.811 [warning] [Decorations] CAPPING events from decorations provider vscode.git 7819
2026-01-09 19:35:00.883 [warning] [Decorations] CAPPING events from decorations provider vscode.git 7819
2026-01-09 19:35:08.153 [warning] [Decorations] CAPPING events from decorations provider vscode.git 7819
2026-01-09 19:35:13.226 [warning] [Decorations] CAPPING events from decorations provider vscode.git 7819
2026-01-09 19:35:18.302 [warning] [Decorations] CAPPING events from decorations provider vscode.git 7819
2026-01-09 19:35:23.376 [warning] [Decorations] CAPPING events from decorations provider vscode.git 7819
2026-01-09 19:35:28.446 [warning] [Decorations] CAPPING events from decorations provider vscode.git 7819
2026-01-09 19:35:33.529 [warning] [Decorations] CAPPING events from decorations provider vscode.git 7819
2026-01-09 19:35:40.286 [warning] [Decorations] CAPPING events from decorations provider vscode.git 7819
2026-01-09 19:35:42.038 [warning] [Decorations] CAPPING events from decorations provider vscode.git 7819
2026-01-09 19:35:47.119 [warning] [Decorations] CAPPING events from decorations provider vscode.git 7819
2026-01-09 19:35:52.194 [warning] [Decorations] CAPPING events from decorations provider vscode.git 7819
2026-01-09 19:35:57.272 [warning] [Decorations] CAPPING events from decorations provider vscode.git 7819
2026-01-09 19:36:02.350 [warning] [Decorations] CAPPING events from decorations provider vscode.git 7819
2026-01-09 19:36:07.492 [warning] [Decorations] CAPPING events from decorations provider vscode.git 7819
2026-01-09 19:36:13.821 [warning] [Decorations] CAPPING events from decorations provider vscode.git 7819
2026-01-09 19:36:18.894 [warning] [Decorations] CAPPING events from decorations provider vscode.git 7819
2026-01-09 19:36:23.970 [warning] [Decorations] CAPPING events from decorations provider vscode.git 7819
2026-01-09 19:36:29.044 [warning] [Decorations] CAPPING events from decorations provider vscode.git 7819
2026-01-09 19:36:34.126 [warning] [Decorations] CAPPING events from decorations provider vscode.git 7819
2026-01-09 19:36:39.205 [warning] [Decorations] CAPPING events from decorations provider vscode.git 7819
2026-01-09 19:36:44.288 [warning] [Decorations] CAPPING events from decorations provider vscode.git 7819
2026-01-09 19:36:51.629 [warning] [Decorations] CAPPING events from decorations provider vscode.git 7819
2026-01-09 19:36:56.719 [warning] [Decorations] CAPPING events from decorations provider vscode.git 7819
2026-01-09 19:37:01.800 [warning] [Decorations] CAPPING events from decorations provider vscode.git 7819
2026-01-09 19:37:06.883 [warning] [Decorations] CAPPING events from decorations provider vscode.git 7819
2026-01-09 19:37:11.957 [warning] [Decorations] CAPPING events from decorations provider vscode.git 7819
2026-01-09 19:37:17.035 [warning] [Decorations] CAPPING events from decorations provider vscode.git 7819
2026-01-09 19:37:24.300 [warning] [Decorations] CAPPING events from decorations provider vscode.git 7819
2026-01-09 19:37:29.381 [warning] [Decorations] CAPPING events from decorations provider vscode.git 7819
2026-01-09 19:37:34.470 [warning] [Decorations] CAPPING events from decorations provider vscode.git 7819
2026-01-09 19:37:39.552 [warning] [Decorations] CAPPING events from decorations provider vscode.git 7819
2026-01-09 19:37:44.626 [warning] [Decorations] CAPPING events from decorations provider vscode.git 7819
2026-01-09 19:37:49.700 [warning] [Decorations] CAPPING events from decorations provider vscode.git 7819
2026-01-09 19:37:57.345 [warning] [Decorations] CAPPING events from decorations provider vscode.git 7819
2026-01-09 19:38:03.059 [warning] [Decorations] CAPPING events from decorations provider vscode.git 7820
2026-01-09 19:38:08.134 [warning] [Decorations] CAPPING events from decorations provider vscode.git 7819
2026-01-09 19:38:13.206 [warning] [Decorations] CAPPING events from decorations provider vscode.git 7819
2026-01-09 19:38:18.287 [warning] [Decorations] CAPPING events from decorations provider vscode.git 7819
2026-01-09 19:38:23.361 [warning] [Decorations] CAPPING events from decorations provider vscode.git 7819
2026-01-09 19:38:28.438 [warning] [Decorations] CAPPING events from decorations provider vscode.git 7819
2026-01-09 19:38:35.700 [warning] [Decorations] CAPPING events from decorations provider vscode.git 7819
2026-01-09 19:38:40.783 [warning] [Decorations] CAPPING events from decorations provider vscode.git 7819
2026-01-09 19:38:45.860 [warning] [Decorations] CAPPING events from decorations provider vscode.git 7819
2026-01-09 19:38:51.323 [warning] [Decorations] CAPPING events from decorations provider vscode.git 7819
2026-01-09 19:38:55.502 [warning] [Decorations] CAPPING events from decorations provider vscode.git 7819
2026-01-09 19:39:00.576 [warning] [Decorations] CAPPING events from decorations provider vscode.git 7819
2026-01-09 19:39:08.443 [warning] [Decorations] CAPPING events from decorations provider vscode.git 7819
2026-01-09 19:39:13.523 [warning] [Decorations] CAPPING events from decorations provider vscode.git 7819
2026-01-09 19:39:18.601 [warning] [Decorations] CAPPING events from decorations provider vscode.git 7819
2026-01-09 19:39:23.687 [warning] [Decorations] CAPPING events from decorations provider vscode.git 7819
2026-01-09 19:39:28.758 [warning] [Decorations] CAPPING events from decorations provider vscode.git 7819
2026-01-09 19:39:33.828 [warning] [Decorations] CAPPING events from decorations provider vscode.git 7820
2026-01-09 19:39:38.906 [warning] [Decorations] CAPPING events from decorations provider vscode.git 7820
2026-01-09 19:39:47.942 [warning] [Decorations] CAPPING events from decorations provider vscode.git 7820
2026-01-09 19:39:53.021 [warning] [Decorations] CAPPING events from decorations provider vscode.git 7820
2026-01-09 19:39:58.098 [warning] [Decorations] CAPPING events from decorations provider vscode.git 7820
2026-01-09 19:40:03.178 [warning] [Decorations] CAPPING events from decorations provider vscode.git 7820
2026-01-09 19:40:08.251 [warning] [Decorations] CAPPING events from decorations provider vscode.git 7820
2026-01-09 19:40:13.335 [warning] [Decorations] CAPPING events from decorations provider vscode.git 7820
2026-01-09 19:40:20.826 [warning] [Decorations] CAPPING events from decorations provider vscode.git 7820
2026-01-09 19:40:25.896 [warning] [Decorations] CAPPING events from decorations provider vscode.git 7820
2026-01-09 19:40:30.966 [warning] [Decorations] CAPPING events from decorations provider vscode.git 7820
2026-01-09 19:40:36.039 [warning] [Decorations] CAPPING events from decorations provider vscode.git 7820
2026-01-09 19:40:41.115 [warning] [Decorations] CAPPING events from decorations provider vscode.git 7820
2026-01-09 19:40:46.187 [warning] [Decorations] CAPPING events from decorations provider vscode.git 7820
2026-01-09 19:40:53.596 [warning] [Decorations] CAPPING events from decorations provider vscode.git 7820
2026-01-09 19:40:56.345 [info] ExtensionService#_doActivateExtension vscode.markdown-language-features, startup: false, activationEvent: 'onLanguage:markdown'
2026-01-09 19:40:58.672 [warning] [Decorations] CAPPING events from decorations provider vscode.git 7823
2026-01-09 19:41:03.747 [warning] [Decorations] CAPPING events from decorations provider vscode.git 7823
2026-01-09 19:41:08.815 [warning] [Decorations] CAPPING events from decorations provider vscode.git 7824
2026-01-09 19:41:13.889 [warning] [Decorations] CAPPING events from decorations provider vscode.git 7823
2026-01-09 19:41:18.962 [warning] [Decorations] CAPPING events from decorations provider vscode.git 7823
2026-01-09 19:41:26.413 [warning] [Decorations] CAPPING events from decorations provider vscode.git 7823
2026-01-09 19:41:31.493 [warning] [Decorations] CAPPING events from decorations provider vscode.git 7823
2026-01-09 19:41:36.568 [warning] [Decorations] CAPPING events from decorations provider vscode.git 7823
2026-01-09 19:41:41.641 [warning] [Decorations] CAPPING events from decorations provider vscode.git 7823
2026-01-09 19:42:06.800 [warning] [Decorations] CAPPING events from decorations provider vscode.git 7823
2026-01-09 19:42:31.706 [warning] [Decorations] CAPPING events from decorations provider vscode.git 7823
2026-01-09 19:42:39.098 [warning] [Decorations] CAPPING events from decorations provider vscode.git 7823
2026-01-09 19:42:44.170 [warning] [Decorations] CAPPING events from decorations provider vscode.git 7823
2026-01-09 19:42:50.004 [warning] [Decorations] CAPPING events from decorations provider vscode.git 7823
2026-01-09 19:42:55.077 [warning] [Decorations] CAPPING events from decorations provider vscode.git 7823
2026-01-09 19:43:02.009 [warning] [Decorations] CAPPING events from decorations provider vscode.git 7819
2026-01-09 19:43:07.094 [warning] [Decorations] CAPPING events from decorations provider vscode.git 7819
2026-01-09 19:43:15.090 [warning] [Decorations] CAPPING events from decorations provider vscode.git 7819
2026-01-09 19:43:21.939 [warning] [Decorations] CAPPING events from decorations provider vscode.git 7819
2026-01-09 19:43:27.007 [warning] [Decorations] CAPPING events from decorations provider vscode.git 7819
2026-01-09 19:43:32.942 [warning] [Decorations] CAPPING events from decorations provider vscode.git 7820
2026-01-09 19:43:38.015 [warning] [Decorations] CAPPING events from decorations provider vscode.git 7820
2026-01-09 19:43:43.960 [warning] [Decorations] CAPPING events from decorations provider vscode.git 7823
2026-01-09 19:43:56.778 [warning] [Decorations] CAPPING events from decorations provider vscode.git 7826
2026-01-09 19:43:59.296 [info] Extension host terminating: received terminate message from renderer
2026-01-09 19:43:59.297 [info] Lock '/home/palantir/.antigravity-server/data/User/workspaceStorage/af088db0ca468070abeb4132d5cbcc80/vscode.lock': Marking the lockfile as scheduled to be released in 6000 ms.
2026-01-09 19:43:59.332 [info] Extension host with pid 73196 exiting with code 0
