2026-01-11 08:36:39.291 [info] Extension host with pid 516831 started
2026-01-11 08:36:39.291 [error] Error: EEXIST: file already exists, open '/home/palantir/.antigravity-server/data/User/workspaceStorage/af088db0ca468070abeb4132d5cbcc80/vscode.lock'
2026-01-11 08:36:39.294 [error] SyntaxError: Unexpected end of JSON input
    at JSON.parse (<anonymous>)
    at qP (file:///home/palantir/.antigravity-server/bin/94f91bc110994badc7c086033db813077a5226af/out/vs/workbench/api/node/extensionHostProcess.js:250:6326)
    at async iG (file:///home/palantir/.antigravity-server/bin/94f91bc110994badc7c086033db813077a5226af/out/vs/workbench/api/node/extensionHostProcess.js:250:5960)
    at async gfe.g (file:///home/palantir/.antigravity-server/bin/94f91bc110994badc7c086033db813077a5226af/out/vs/workbench/api/node/extensionHostProcess.js:250:4816)
    at async gfe.h (file:///home/palantir/.antigravity-server/bin/94f91bc110994badc7c086033db813077a5226af/out/vs/workbench/api/node/extensionHostProcess.js:113:20929)
2026-01-11 08:36:39.294 [info] Lock '/home/palantir/.antigravity-server/data/User/workspaceStorage/af088db0ca468070abeb4132d5cbcc80/vscode.lock': Could not acquire lock, checking if the file is stale.
2026-01-11 08:36:39.295 [error] SyntaxError: Unexpected end of JSON input
    at JSON.parse (<anonymous>)
    at qP (file:///home/palantir/.antigravity-server/bin/94f91bc110994badc7c086033db813077a5226af/out/vs/workbench/api/node/extensionHostProcess.js:250:6326)
    at async bfe (file:///home/palantir/.antigravity-server/bin/94f91bc110994badc7c086033db813077a5226af/out/vs/workbench/api/node/extensionHostProcess.js:250:6587)
    at async gfe.g (file:///home/palantir/.antigravity-server/bin/94f91bc110994badc7c086033db813077a5226af/out/vs/workbench/api/node/extensionHostProcess.js:250:4816)
    at async gfe.h (file:///home/palantir/.antigravity-server/bin/94f91bc110994badc7c086033db813077a5226af/out/vs/workbench/api/node/extensionHostProcess.js:113:20929)
2026-01-11 08:36:39.295 [info] Lock '/home/palantir/.antigravity-server/data/User/workspaceStorage/af088db0ca468070abeb4132d5cbcc80/vscode.lock': Could not read pid of lock holder.
2026-01-11 08:36:39.295 [info] Lock '/home/palantir/.antigravity-server/data/User/workspaceStorage/af088db0ca468070abeb4132d5cbcc80/vscode.lock': Deleting a stale lock.
2026-01-11 08:36:39.323 [info] Lock '/home/palantir/.antigravity-server/data/User/workspaceStorage/af088db0ca468070abeb4132d5cbcc80/vscode.lock': Lock acquired.
2026-01-11 08:36:39.375 [info] ExtensionService#_doActivateExtension vscode.emmet, startup: false, activationEvent: 'onLanguage'
2026-01-11 08:36:39.417 [info] ExtensionService#_doActivateExtension vscode.git-base, startup: true, activationEvent: '*', root cause: google.antigravity
2026-01-11 08:36:39.427 [info] ExtensionService#_doActivateExtension vscode.git, startup: true, activationEvent: '*', root cause: google.antigravity
2026-01-11 08:36:39.427 [info] ExtensionService#_doActivateExtension vscode.github, startup: true, activationEvent: '*'
2026-01-11 08:36:39.511 [info] ExtensionService#_doActivateExtension google.antigravity, startup: true, activationEvent: '*'
2026-01-11 08:36:40.322 [warning] [Decorations] CAPPING events from decorations provider vscode.git 10001
2026-01-11 08:36:41.300 [info] ExtensionService#_doActivateExtension vscode.tunnel-forwarding, startup: false, activationEvent: 'onTunnel'
2026-01-11 08:36:41.548 [warning] [Decorations] CAPPING events from decorations provider vscode.git 10004
2026-01-11 08:36:42.374 [info] ExtensionService#_doActivateExtension vscode.terminal-suggest, startup: false, activationEvent: 'onTerminalShellIntegration:*'
2026-01-11 08:36:49.420 [info] ExtensionService#_doActivateExtension vscode.debug-auto-launch, startup: false, activationEvent: 'onStartupFinished'
2026-01-11 08:36:49.420 [info] ExtensionService#_doActivateExtension vscode.merge-conflict, startup: false, activationEvent: 'onStartupFinished'
2026-01-11 08:36:53.639 [info] Eager extensions activated
2026-01-11 08:39:38.577 [warning] [Decorations] CAPPING events from decorations provider vscode.git 10012
2026-01-11 08:40:22.804 [info] Extension host terminating: received terminate message from renderer
2026-01-11 08:40:22.804 [info] Lock '/home/palantir/.antigravity-server/data/User/workspaceStorage/af088db0ca468070abeb4132d5cbcc80/vscode.lock': Marking the lockfile as scheduled to be released in 6000 ms.
2026-01-11 08:40:22.832 [info] Extension host with pid 516831 exiting with code 0
