2026-01-09 15:21:18.266 [info] [main] Log level: Info
2026-01-09 15:21:18.266 [info] [main] Validating found git in: "git"
2026-01-09 15:21:18.266 [info] [main] Using git "2.43.0" from "git"
2026-01-09 15:21:18.266 [info] [Model][doInitialScan] Initial repository scan started
2026-01-09 15:21:18.266 [info] > git rev-parse --show-toplevel [26ms]
2026-01-09 15:21:18.276 [info] > git rev-parse --git-dir --git-common-dir --show-superproject-working-tree [18ms]
2026-01-09 15:21:18.287 [info] [Model][openRepository] Opened repository (path): /home/palantir
2026-01-09 15:21:18.287 [info] [Model][openRepository] Opened repository (real path): /home/palantir
2026-01-09 15:21:18.287 [info] [Model][openRepository] Opened repository (kind): repository
2026-01-09 15:21:18.302 [info] > git rev-parse --show-toplevel [9ms]
2026-01-09 15:21:18.303 [info] > git config --get commit.template [11ms]
2026-01-09 15:21:18.309 [info] > git rev-parse --show-toplevel [3ms]
2026-01-09 15:21:18.311 [info] > git rev-parse --show-toplevel [0ms]
2026-01-09 15:21:18.314 [info] > git rev-parse --show-toplevel [1ms]
2026-01-09 15:21:18.314 [info] > git for-each-ref --format=%(refname)%00%(upstream:short)%00%(objectname)%00%(upstream:track)%00%(upstream:remotename)%00%(upstream:remoteref) refs/heads/master refs/remotes/master [6ms]
2026-01-09 15:21:18.319 [info] > git rev-parse --show-toplevel [2ms]
2026-01-09 15:21:18.326 [info] > git rev-parse --show-toplevel [6ms]
2026-01-09 15:21:18.329 [info] > git rev-parse --show-toplevel [1ms]
2026-01-09 15:21:18.332 [info] > git for-each-ref --sort -committerdate --format %(refname)%00%(objectname)%00%(*objectname) [7ms]
2026-01-09 15:21:18.335 [info] > git rev-parse --show-toplevel [4ms]
2026-01-09 15:21:18.342 [info] > git rev-parse --show-toplevel [5ms]
2026-01-09 15:21:18.345 [info] > git rev-parse --show-toplevel [1ms]
2026-01-09 15:21:18.348 [info] > git rev-parse --show-toplevel [1ms]
2026-01-09 15:21:18.354 [info] > git rev-parse --show-toplevel [3ms]
2026-01-09 15:21:18.363 [info] > git rev-parse --git-dir --git-common-dir --show-superproject-working-tree [7ms]
2026-01-09 15:21:18.368 [info] [Model][openRepository] Opened repository (path): /home/palantir/.nvm
2026-01-09 15:21:18.368 [info] [Model][openRepository] Opened repository (real path): /home/palantir/.nvm
2026-01-09 15:21:18.368 [info] [Model][openRepository] Opened repository (kind): repository
2026-01-09 15:21:18.375 [info] > git config --get commit.template [3ms]
2026-01-09 15:21:18.375 [info] > git rev-parse --show-toplevel [2ms]
2026-01-09 15:21:18.381 [info] > git rev-parse --show-toplevel [1ms]
2026-01-09 15:21:18.385 [info] > git rev-parse --show-toplevel [2ms]
2026-01-09 15:21:18.388 [info] > git for-each-ref --format %(refname)%00%(objectname)%00%(*objectname) refs/tags [11ms]
2026-01-09 15:21:18.394 [info] > git rev-parse --show-toplevel [6ms]
2026-01-09 15:21:18.399 [info] > git for-each-ref --sort -committerdate --format %(refname)%00%(objectname)%00%(*objectname) [6ms]
2026-01-09 15:21:18.401 [info] > git rev-parse --git-dir --git-common-dir --show-superproject-working-tree [3ms]
2026-01-09 15:21:18.405 [info] [Model][openRepository] Opened repository (path): /home/palantir/hwpx
2026-01-09 15:21:18.405 [info] [Model][openRepository] Opened repository (real path): /home/palantir/hwpx
2026-01-09 15:21:18.405 [info] [Model][openRepository] Opened repository (kind): repository
2026-01-09 15:21:18.418 [info] > git config --get commit.template [6ms]
2026-01-09 15:21:18.418 [info] > git rev-parse --show-toplevel [3ms]
2026-01-09 15:21:18.423 [info] > git rev-parse --show-toplevel [1ms]
2026-01-09 15:21:18.434 [info] [Model][doInitialScan] Initial repository scan completed - repositories (3), closed repositories (0), parent repositories (0), unsafe repositories (0)
2026-01-09 15:21:18.434 [info] > git for-each-ref --format=%(refname)%00%(upstream:short)%00%(objectname)%00%(upstream:track)%00%(upstream:remotename)%00%(upstream:remoteref) refs/heads/hwpx refs/remotes/hwpx [14ms]
2026-01-09 15:21:18.447 [info] > git for-each-ref --sort -committerdate --format %(refname)%00%(objectname)%00%(*objectname) [4ms]
2026-01-09 15:21:18.463 [info] > git status -z -uall [23ms]
2026-01-09 15:21:18.503 [info] > git for-each-ref --format=%(refname)%00%(upstream:short)%00%(objectname)%00%(upstream:track)%00%(upstream:remotename)%00%(upstream:remoteref) refs/heads/hwpx refs/remotes/hwpx [7ms]
2026-01-09 15:21:18.511 [info] > git config --get --local branch.hwpx.vscode-merge-base [6ms]
2026-01-09 15:21:18.513 [info] > git config --get commit.template [11ms]
2026-01-09 15:21:18.514 [info] > git for-each-ref --format=%(refname)%00%(upstream:short)%00%(objectname)%00%(upstream:track)%00%(upstream:remotename)%00%(upstream:remoteref) refs/heads/origin/main refs/remotes/origin/main [1ms]
2026-01-09 15:21:18.519 [info] > git merge-base refs/heads/hwpx refs/remotes/origin/hwpx [3ms]
2026-01-09 15:21:18.522 [info] > git for-each-ref --format=%(refname)%00%(upstream:short)%00%(objectname)%00%(upstream:track)%00%(upstream:remotename)%00%(upstream:remoteref) refs/heads/hwpx refs/remotes/hwpx [3ms]
2026-01-09 15:21:18.530 [info] > git status -z -uall [3ms]
2026-01-09 15:21:18.530 [info] > git diff --name-status -z --diff-filter=ADMR 014888d6f6849d574a1167a6f77101d64926fcf1...refs/remotes/origin/hwpx [9ms]
2026-01-09 15:21:18.531 [info] > git for-each-ref --sort -committerdate --format %(refname)%00%(objectname)%00%(*objectname) [3ms]
2026-01-09 15:21:18.543 [info] > git status -z -uall [153ms]
2026-01-09 15:21:18.550 [info] > git config --get commit.template [2ms]
2026-01-09 15:21:18.554 [info] > git for-each-ref --format %(refname)%00%(objectname)%00%(*objectname) refs/tags [1ms]
2026-01-09 15:21:18.560 [info] > git for-each-ref --sort -committerdate --format %(refname)%00%(objectname)%00%(*objectname) [1ms]
2026-01-09 15:21:18.563 [info] > git status -z -uall [7ms]
2026-01-09 15:21:18.914 [info] > git check-ignore -v -z --stdin [2ms]
2026-01-09 15:21:18.918 [info] > git check-ignore -v -z --stdin [5ms]
2026-01-09 15:21:19.100 [info] > git rev-parse --show-toplevel [1ms]
2026-01-09 15:21:19.249 [info] > git fetch [963ms]
2026-01-09 15:21:19.305 [info] > git status -z -uall [981ms] (cancelled)
2026-01-09 15:21:19.305 [info] > git for-each-ref --format=%(refname)%00%(upstream:short)%00%(objectname)%00%(upstream:track)%00%(upstream:remotename)%00%(upstream:remoteref) refs/heads/master refs/remotes/master [53ms]
2026-01-09 15:21:19.308 [info] > git fetch [903ms]
2026-01-09 15:21:19.308 [info] Missing or invalid credentials.
Skip silent fetch commands
Missing or invalid credentials.
Skip silent fetch commands
remote: Repository not found.
fatal: Authentication failed for 'https://github.com/park-kyungchan/hwpx-automation/'
2026-01-09 15:21:19.310 [info] > git fetch [943ms]
2026-01-09 15:21:19.317 [info] > git config --get --local branch.master.vscode-merge-base [10ms]
2026-01-09 15:21:19.317 [warning] [Git][config] git config failed: Failed to execute git
2026-01-09 15:21:19.319 [info] > git config --get commit.template [19ms]
2026-01-09 15:21:19.319 [info] > git config --get commit.template [21ms]
2026-01-09 15:21:19.321 [info] > git config --get commit.template [6ms]
2026-01-09 15:21:19.321 [info] > git config --get commit.template [8ms]
2026-01-09 15:21:19.331 [info] > git for-each-ref --format=%(refname)%00%(upstream:short)%00%(objectname)%00%(upstream:track)%00%(upstream:remotename)%00%(upstream:remoteref) refs/heads/master refs/remotes/master [5ms]
2026-01-09 15:21:19.331 [info] > git for-each-ref --format=%(refname)%00%(upstream:short)%00%(objectname)%00%(upstream:track)%00%(upstream:remotename)%00%(upstream:remoteref) refs/heads/master refs/remotes/master [8ms]
2026-01-09 15:21:19.331 [info] > git reflog master --grep-reflog=branch: Created from *. [12ms]
2026-01-09 15:21:19.334 [info] > git for-each-ref --format %(refname)%00%(objectname)%00%(*objectname) refs/tags [3ms]
2026-01-09 15:21:19.337 [info] > git for-each-ref --format=%(refname)%00%(upstream:short)%00%(objectname)%00%(upstream:track)%00%(upstream:remotename)%00%(upstream:remoteref) refs/heads/hwpx refs/remotes/hwpx [8ms]
2026-01-09 15:21:19.338 [info] > git symbolic-ref --short refs/remotes/origin/HEAD [4ms]
2026-01-09 15:21:19.338 [info] fatal: ref refs/remotes/origin/HEAD is not a symbolic ref
2026-01-09 15:21:19.338 [warning] [Repository][getDefaultBranch] Failed to get default branch details: Failed to execute git.
2026-01-09 15:21:19.341 [info] > git for-each-ref --sort -committerdate --format %(refname)%00%(objectname)%00%(*objectname) [4ms]
2026-01-09 15:21:19.349 [info] > git status -z -uall [13ms]
2026-01-09 15:21:19.350 [info] > git for-each-ref --sort -committerdate --format %(refname)%00%(objectname)%00%(*objectname) [4ms]
2026-01-09 15:21:19.351 [info] > git merge-base refs/heads/master refs/remotes/origin/master [11ms]
2026-01-09 15:21:19.355 [info] > git merge-base refs/heads/master refs/remotes/origin/master [7ms]
2026-01-09 15:21:19.356 [info] > git status -z -uall [3ms]
2026-01-09 15:21:19.356 [info] > git for-each-ref --sort -committerdate --format %(refname)%00%(objectname)%00%(*objectname) [1ms]
2026-01-09 15:21:19.724 [info] > git status -z -uall [381ms]
2026-01-09 15:21:20.352 [info] > git rev-parse --show-toplevel [2ms]
2026-01-09 15:24:28.667 [info] > git fetch [971ms]
2026-01-09 15:24:28.671 [info] > git fetch [973ms]
2026-01-09 15:24:28.674 [info] > git config --get commit.template [4ms]
2026-01-09 15:24:28.674 [info] > git config --get commit.template [0ms]
2026-01-09 15:24:28.679 [info] > git for-each-ref --format=%(refname)%00%(upstream:short)%00%(objectname)%00%(upstream:track)%00%(upstream:remotename)%00%(upstream:remoteref) refs/heads/master refs/remotes/master [3ms]
2026-01-09 15:24:28.679 [info] > git for-each-ref --format %(refname)%00%(objectname)%00%(*objectname) refs/tags [1ms]
2026-01-09 15:24:28.683 [info] > git for-each-ref --sort -committerdate --format %(refname)%00%(objectname)%00%(*objectname) [0ms]
2026-01-09 15:24:28.687 [info] > git status -z -uall [6ms]
2026-01-09 15:24:28.690 [info] > git for-each-ref --sort -committerdate --format %(refname)%00%(objectname)%00%(*objectname) [4ms]
2026-01-09 15:24:28.720 [info] > git status -z -uall [35ms]
2026-01-09 15:24:29.218 [info] > git rev-parse --show-toplevel [3ms]
2026-01-09 15:24:46.807 [info] > git config --get commit.template [1ms]
2026-01-09 15:24:46.811 [info] > git for-each-ref --format %(refname)%00%(objectname)%00%(*objectname) refs/tags [1ms]
2026-01-09 15:24:46.815 [info] > git for-each-ref --sort -committerdate --format %(refname)%00%(objectname)%00%(*objectname) [0ms]
2026-01-09 15:24:46.818 [info] > git status -z -uall [5ms]
2026-01-09 15:24:47.323 [info] > git rev-parse --show-toplevel [1ms]
2026-01-09 15:27:40.245 [info] > git fetch [704ms]
2026-01-09 15:27:40.249 [info] > git fetch [787ms]
2026-01-09 15:27:40.250 [info] > git config --get commit.template [1ms]
2026-01-09 15:27:40.258 [info] > git for-each-ref --format=%(refname)%00%(upstream:short)%00%(objectname)%00%(upstream:track)%00%(upstream:remotename)%00%(upstream:remoteref) refs/heads/master refs/remotes/master [4ms]
2026-01-09 15:27:40.258 [info] > git config --get commit.template [6ms]
2026-01-09 15:27:40.258 [info] > git for-each-ref --format %(refname)%00%(objectname)%00%(*objectname) refs/tags [0ms]
2026-01-09 15:27:40.263 [info] > git for-each-ref --sort -committerdate --format %(refname)%00%(objectname)%00%(*objectname) [0ms]
2026-01-09 15:27:40.268 [info] > git status -z -uall [7ms]
2026-01-09 15:27:40.269 [info] > git for-each-ref --sort -committerdate --format %(refname)%00%(objectname)%00%(*objectname) [2ms]
2026-01-09 15:27:40.301 [info] > git status -z -uall [35ms]
2026-01-09 15:27:40.783 [info] > git rev-parse --show-toplevel [1ms]
2026-01-09 15:27:46.316 [info] > git config --get commit.template [2ms]
2026-01-09 15:27:46.316 [info] > git for-each-ref --format %(refname)%00%(objectname)%00%(*objectname) refs/tags [1ms]
2026-01-09 15:27:46.321 [info] > git for-each-ref --sort -committerdate --format %(refname)%00%(objectname)%00%(*objectname) [1ms]
2026-01-09 15:27:46.323 [info] > git status -z -uall [5ms]
2026-01-09 15:27:46.828 [info] > git rev-parse --show-toplevel [0ms]
2026-01-09 15:30:50.739 [info] > git fetch [677ms]
2026-01-09 15:30:50.743 [info] > git fetch [741ms]
2026-01-09 15:30:50.747 [info] > git config --get commit.template [5ms]
2026-01-09 15:30:50.747 [info] > git for-each-ref --format=%(refname)%00%(upstream:short)%00%(objectname)%00%(upstream:track)%00%(upstream:remotename)%00%(upstream:remoteref) refs/heads/master refs/remotes/master [2ms]
2026-01-09 15:30:50.748 [info] > git config --get commit.template [1ms]
2026-01-09 15:30:50.753 [info] > git for-each-ref --format %(refname)%00%(objectname)%00%(*objectname) refs/tags [4ms]
2026-01-09 15:30:50.759 [info] > git for-each-ref --sort -committerdate --format %(refname)%00%(objectname)%00%(*objectname) [6ms]
2026-01-09 15:30:50.760 [info] > git for-each-ref --sort -committerdate --format %(refname)%00%(objectname)%00%(*objectname) [2ms]
2026-01-09 15:30:50.764 [info] > git status -z -uall [8ms]
2026-01-09 15:30:50.798 [info] > git status -z -uall [47ms]
2026-01-09 15:30:51.372 [info] > git rev-parse --show-toplevel [2ms]
2026-01-09 15:31:07.177 [info] > git config --get commit.template [5ms]
2026-01-09 15:31:07.177 [info] > git for-each-ref --format %(refname)%00%(objectname)%00%(*objectname) refs/tags [1ms]
2026-01-09 15:31:07.185 [info] > git for-each-ref --sort -committerdate --format %(refname)%00%(objectname)%00%(*objectname) [1ms]
2026-01-09 15:31:07.186 [info] > git status -z -uall [5ms]
2026-01-09 15:31:07.691 [info] > git rev-parse --show-toplevel [1ms]
2026-01-09 15:33:26.690 [info] > git config --get commit.template [3ms]
2026-01-09 15:33:26.693 [info] > git for-each-ref --format=%(refname)%00%(upstream:short)%00%(objectname)%00%(upstream:track)%00%(upstream:remotename)%00%(upstream:remoteref) refs/heads/master refs/remotes/master [3ms]
2026-01-09 15:33:26.702 [info] > git for-each-ref --sort -committerdate --format %(refname)%00%(objectname)%00%(*objectname) [4ms]
2026-01-09 15:33:27.430 [info] > git status -z -uall [734ms]
2026-01-09 15:34:03.452 [info] > git fetch [691ms]
2026-01-09 15:34:03.453 [info] > git fetch [599ms]
2026-01-09 15:34:03.461 [info] > git config --get commit.template [3ms]
2026-01-09 15:34:03.461 [info] > git config --get commit.template [1ms]
2026-01-09 15:34:03.467 [info] > git for-each-ref --format %(refname)%00%(objectname)%00%(*objectname) refs/tags [3ms]
2026-01-09 15:34:03.473 [info] > git for-each-ref --sort -committerdate --format %(refname)%00%(objectname)%00%(*objectname) [1ms]
2026-01-09 15:34:03.473 [info] > git for-each-ref --format=%(refname)%00%(upstream:short)%00%(objectname)%00%(upstream:track)%00%(upstream:remotename)%00%(upstream:remoteref) refs/heads/master refs/remotes/master [7ms]
2026-01-09 15:34:03.481 [info] > git for-each-ref --sort -committerdate --format %(refname)%00%(objectname)%00%(*objectname) [1ms]
2026-01-09 15:34:03.520 [info] > git status -z -uall [42ms]
2026-01-09 15:34:03.573 [info] > git status -z -uall [104ms]
2026-01-09 15:34:04.087 [info] > git rev-parse --show-toplevel [9ms]
2026-01-09 15:37:15.861 [info] > git fetch [1038ms]
2026-01-09 15:37:15.862 [info] > git fetch [1019ms]
2026-01-09 15:37:15.869 [info] > git config --get commit.template [0ms]
2026-01-09 15:37:15.869 [info] > git config --get commit.template [3ms]
2026-01-09 15:37:15.873 [info] > git for-each-ref --format=%(refname)%00%(upstream:short)%00%(objectname)%00%(upstream:track)%00%(upstream:remotename)%00%(upstream:remoteref) refs/heads/master refs/remotes/master [2ms]
2026-01-09 15:37:15.873 [info] > git for-each-ref --format %(refname)%00%(objectname)%00%(*objectname) refs/tags [0ms]
2026-01-09 15:37:15.882 [info] > git for-each-ref --sort -committerdate --format %(refname)%00%(objectname)%00%(*objectname) [5ms]
2026-01-09 15:37:15.883 [info] > git for-each-ref --sort -committerdate --format %(refname)%00%(objectname)%00%(*objectname) [2ms]
2026-01-09 15:37:15.981 [info] > git status -z -uall [106ms]
2026-01-09 15:37:16.485 [info] > git rev-parse --show-toplevel [1ms]
2026-01-09 15:37:16.791 [info] > git status -z -uall [912ms]
2026-01-09 15:40:29.008 [info] > git fetch [640ms]
2026-01-09 15:40:29.014 [info] > git config --get commit.template [1ms]
2026-01-09 15:40:29.019 [info] > git for-each-ref --format=%(refname)%00%(upstream:short)%00%(objectname)%00%(upstream:track)%00%(upstream:remotename)%00%(upstream:remoteref) refs/heads/master refs/remotes/master [2ms]
2026-01-09 15:40:29.025 [info] > git for-each-ref --sort -committerdate --format %(refname)%00%(objectname)%00%(*objectname) [1ms]
2026-01-09 15:40:29.302 [info] > git fetch [1770ms]
2026-01-09 15:40:29.306 [info] > git config --get commit.template [0ms]
2026-01-09 15:40:29.309 [info] > git for-each-ref --format %(refname)%00%(objectname)%00%(*objectname) refs/tags [1ms]
2026-01-09 15:40:29.315 [info] > git for-each-ref --sort -committerdate --format %(refname)%00%(objectname)%00%(*objectname) [1ms]
2026-01-09 15:40:29.391 [info] > git status -z -uall [80ms]
2026-01-09 15:40:29.895 [info] > git rev-parse --show-toplevel [1ms]
2026-01-09 15:40:30.262 [info] > git status -z -uall [1240ms]
2026-01-09 15:43:39.039 [info] > git fetch [966ms]
2026-01-09 15:43:39.046 [info] > git config --get commit.template [2ms]
2026-01-09 15:43:39.050 [info] > git for-each-ref --format %(refname)%00%(objectname)%00%(*objectname) refs/tags [1ms]
2026-01-09 15:43:39.054 [info] > git for-each-ref --sort -committerdate --format %(refname)%00%(objectname)%00%(*objectname) [0ms]
2026-01-09 15:43:39.133 [info] > git status -z -uall [81ms]
2026-01-09 15:43:41.462 [info] > git rev-parse --show-toplevel [2ms]
2026-01-09 15:43:41.526 [info] > git fetch [2565ms]
2026-01-09 15:43:41.533 [info] > git config --get commit.template [3ms]
2026-01-09 15:43:41.534 [info] > git for-each-ref --format=%(refname)%00%(upstream:short)%00%(objectname)%00%(upstream:track)%00%(upstream:remotename)%00%(upstream:remoteref) refs/heads/master refs/remotes/master [2ms]
2026-01-09 15:43:41.540 [info] > git for-each-ref --sort -committerdate --format %(refname)%00%(objectname)%00%(*objectname) [1ms]
2026-01-09 15:43:42.267 [info] > git status -z -uall [730ms]
2026-01-09 15:46:50.118 [info] > git fetch [838ms]
2026-01-09 15:46:50.127 [info] > git config --get commit.template [3ms]
2026-01-09 15:46:50.127 [info] > git for-each-ref --format %(refname)%00%(objectname)%00%(*objectname) refs/tags [0ms]
2026-01-09 15:46:50.133 [info] > git for-each-ref --sort -committerdate --format %(refname)%00%(objectname)%00%(*objectname) [1ms]
2026-01-09 15:46:50.222 [info] > git status -z -uall [93ms]
2026-01-09 15:46:50.730 [info] > git rev-parse --show-toplevel [3ms]
2026-01-09 15:46:51.232 [info] > git fetch [612ms]
2026-01-09 15:46:51.237 [info] > git config --get commit.template [1ms]
2026-01-09 15:46:51.241 [info] > git for-each-ref --format=%(refname)%00%(upstream:short)%00%(objectname)%00%(upstream:track)%00%(upstream:remotename)%00%(upstream:remoteref) refs/heads/master refs/remotes/master [2ms]
2026-01-09 15:46:51.249 [info] > git for-each-ref --sort -committerdate --format %(refname)%00%(objectname)%00%(*objectname) [2ms]
2026-01-09 15:46:52.535 [info] > git status -z -uall [1291ms]
2026-01-09 15:47:52.636 [info] > git check-ignore -v -z --stdin [20ms]
2026-01-09 15:47:55.070 [info] > git config --get commit.template [3ms]
2026-01-09 15:47:55.080 [info] > git config --get commit.template [11ms]
2026-01-09 15:47:55.084 [info] > git for-each-ref --format %(refname)%00%(objectname)%00%(*objectname) refs/tags [2ms]
2026-01-09 15:47:55.089 [info] > git for-each-ref --format=%(refname)%00%(upstream:short)%00%(objectname)%00%(upstream:track)%00%(upstream:remotename)%00%(upstream:remoteref) refs/heads/master refs/remotes/master [9ms]
2026-01-09 15:47:55.097 [info] > git for-each-ref --sort -committerdate --format %(refname)%00%(objectname)%00%(*objectname) [9ms]
2026-01-09 15:47:55.097 [info] > git for-each-ref --sort -committerdate --format %(refname)%00%(objectname)%00%(*objectname) [3ms]
2026-01-09 15:47:55.128 [info] > git status -z -uall [42ms]
2026-01-09 15:47:55.139 [info] > git status -z -uall [47ms]
2026-01-09 15:47:55.665 [info] > git rev-parse --show-toplevel [11ms]
2026-01-09 15:50:03.099 [info] > git fetch [825ms]
2026-01-09 15:50:03.104 [info] > git config --get commit.template [1ms]
2026-01-09 15:50:03.107 [info] > git for-each-ref --format %(refname)%00%(objectname)%00%(*objectname) refs/tags [1ms]
2026-01-09 15:50:03.112 [info] > git for-each-ref --sort -committerdate --format %(refname)%00%(objectname)%00%(*objectname) [0ms]
2026-01-09 15:50:03.117 [info] > git status -z -uall [8ms]
2026-01-09 15:50:03.621 [info] > git rev-parse --show-toplevel [0ms]
2026-01-09 15:50:04.183 [info] > git config --get commit.template [3ms]
2026-01-09 15:50:04.188 [info] > git for-each-ref --format %(refname)%00%(objectname)%00%(*objectname) refs/tags [1ms]
2026-01-09 15:50:04.193 [info] > git for-each-ref --sort -committerdate --format %(refname)%00%(objectname)%00%(*objectname) [0ms]
2026-01-09 15:50:04.195 [info] > git status -z -uall [5ms]
2026-01-09 15:50:04.702 [info] > git rev-parse --show-toplevel [1ms]
2026-01-09 15:50:05.348 [info] > git fetch [735ms]
2026-01-09 15:50:05.352 [info] > git config --get commit.template [1ms]
2026-01-09 15:50:05.355 [info] > git for-each-ref --format=%(refname)%00%(upstream:short)%00%(objectname)%00%(upstream:track)%00%(upstream:remotename)%00%(upstream:remoteref) refs/heads/master refs/remotes/master [1ms]
2026-01-09 15:50:05.363 [info] > git for-each-ref --sort -committerdate --format %(refname)%00%(objectname)%00%(*objectname) [2ms]
2026-01-09 15:50:05.409 [info] > git status -z -uall [52ms]
2026-01-09 15:53:16.102 [info] > git fetch [853ms]
2026-01-09 15:53:16.109 [info] > git config --get commit.template [2ms]
2026-01-09 15:53:16.109 [info] > git for-each-ref --format %(refname)%00%(objectname)%00%(*objectname) refs/tags [1ms]
2026-01-09 15:53:16.113 [info] > git for-each-ref --sort -committerdate --format %(refname)%00%(objectname)%00%(*objectname) [1ms]
2026-01-09 15:53:16.116 [info] > git status -z -uall [6ms]
2026-01-09 15:53:16.620 [info] > git rev-parse --show-toplevel [1ms]
2026-01-09 15:53:17.184 [info] > git config --get commit.template [1ms]
2026-01-09 15:53:17.188 [info] > git for-each-ref --format %(refname)%00%(objectname)%00%(*objectname) refs/tags [1ms]
2026-01-09 15:53:17.194 [info] > git for-each-ref --sort -committerdate --format %(refname)%00%(objectname)%00%(*objectname) [1ms]
2026-01-09 15:53:17.197 [info] > git status -z -uall [6ms]
2026-01-09 15:53:17.704 [info] > git rev-parse --show-toplevel [1ms]
2026-01-09 15:53:18.809 [info] > git fetch [1239ms]
2026-01-09 15:53:18.813 [info] > git config --get commit.template [1ms]
2026-01-09 15:53:18.816 [info] > git for-each-ref --format=%(refname)%00%(upstream:short)%00%(objectname)%00%(upstream:track)%00%(upstream:remotename)%00%(upstream:remoteref) refs/heads/master refs/remotes/master [1ms]
2026-01-09 15:53:18.824 [info] > git for-each-ref --sort -committerdate --format %(refname)%00%(objectname)%00%(*objectname) [2ms]
2026-01-09 15:53:18.871 [info] > git status -z -uall [52ms]
2026-01-09 15:56:29.362 [info] > git fetch [873ms]
2026-01-09 15:56:29.370 [info] > git config --get commit.template [1ms]
2026-01-09 15:56:29.373 [info] > git for-each-ref --format %(refname)%00%(objectname)%00%(*objectname) refs/tags [1ms]
2026-01-09 15:56:29.378 [info] > git for-each-ref --sort -committerdate --format %(refname)%00%(objectname)%00%(*objectname) [1ms]
2026-01-09 15:56:29.380 [info] > git status -z -uall [5ms]
2026-01-09 15:56:29.885 [info] > git rev-parse --show-toplevel [0ms]
2026-01-09 15:56:31.992 [info] > git fetch [719ms]
2026-01-09 15:56:31.996 [info] > git config --get commit.template [0ms]
2026-01-09 15:56:31.998 [info] > git for-each-ref --format=%(refname)%00%(upstream:short)%00%(objectname)%00%(upstream:track)%00%(upstream:remotename)%00%(upstream:remoteref) refs/heads/master refs/remotes/master [1ms]
2026-01-09 15:56:32.003 [info] > git for-each-ref --sort -committerdate --format %(refname)%00%(objectname)%00%(*objectname) [1ms]
2026-01-09 15:56:32.049 [info] > git status -z -uall [49ms]
2026-01-09 15:56:45.446 [info] > git config --get commit.template [3ms]
2026-01-09 15:56:45.447 [info] > git for-each-ref --format %(refname)%00%(objectname)%00%(*objectname) refs/tags [1ms]
2026-01-09 15:56:45.452 [info] > git for-each-ref --sort -committerdate --format %(refname)%00%(objectname)%00%(*objectname) [1ms]
2026-01-09 15:56:45.456 [info] > git status -z -uall [7ms]
2026-01-09 15:56:45.959 [info] > git rev-parse --show-toplevel [0ms]
2026-01-09 16:05:07.272 [info] > git fetch [10018ms]
2026-01-09 16:05:07.272 [info] fatal: unable to access 'https://github.com/nvm-sh/nvm.git/': Could not resolve host: github.com
2026-01-09 16:05:07.279 [info] > git config --get commit.template [3ms]
2026-01-09 16:05:07.280 [info] > git for-each-ref --format %(refname)%00%(objectname)%00%(*objectname) refs/tags [1ms]
2026-01-09 16:05:07.284 [info] > git for-each-ref --sort -committerdate --format %(refname)%00%(objectname)%00%(*objectname) [1ms]
2026-01-09 16:05:07.287 [info] > git status -z -uall [6ms]
2026-01-09 16:05:07.793 [info] > git rev-parse --show-toplevel [1ms]
2026-01-09 16:05:09.998 [info] > git fetch [10017ms]
2026-01-09 16:05:09.998 [info] fatal: unable to access 'https://github.com/park-kyungchan/palantir.git/': Could not resolve host: github.com
2026-01-09 16:05:10.004 [info] > git config --get commit.template [3ms]
2026-01-09 16:05:10.005 [info] > git for-each-ref --format=%(refname)%00%(upstream:short)%00%(objectname)%00%(upstream:track)%00%(upstream:remotename)%00%(upstream:remoteref) refs/heads/master refs/remotes/master [2ms]
2026-01-09 16:05:10.010 [info] > git for-each-ref --sort -committerdate --format %(refname)%00%(objectname)%00%(*objectname) [2ms]
2026-01-09 16:05:10.056 [info] > git status -z -uall [50ms]
2026-01-09 16:05:39.998 [info] > git config --get commit.template [3ms]
2026-01-09 16:05:39.998 [info] > git for-each-ref --format %(refname)%00%(objectname)%00%(*objectname) refs/tags [1ms]
2026-01-09 16:05:40.003 [info] > git for-each-ref --sort -committerdate --format %(refname)%00%(objectname)%00%(*objectname) [1ms]
2026-01-09 16:05:40.005 [info] > git status -z -uall [5ms]
2026-01-09 16:05:40.511 [info] > git rev-parse --show-toplevel [1ms]
2026-01-09 16:08:08.171 [info] > git fetch [878ms]
2026-01-09 16:08:08.177 [info] > git config --get commit.template [2ms]
2026-01-09 16:08:08.178 [info] > git for-each-ref --format %(refname)%00%(objectname)%00%(*objectname) refs/tags [1ms]
2026-01-09 16:08:08.182 [info] > git for-each-ref --sort -committerdate --format %(refname)%00%(objectname)%00%(*objectname) [1ms]
2026-01-09 16:08:08.185 [info] > git status -z -uall [6ms]
2026-01-09 16:08:08.692 [info] > git rev-parse --show-toplevel [1ms]
2026-01-09 16:08:10.993 [info] > git fetch [901ms]
2026-01-09 16:08:10.999 [info] > git config --get commit.template [3ms]
2026-01-09 16:08:11.000 [info] > git for-each-ref --format=%(refname)%00%(upstream:short)%00%(objectname)%00%(upstream:track)%00%(upstream:remotename)%00%(upstream:remoteref) refs/heads/master refs/remotes/master [2ms]
2026-01-09 16:08:11.007 [info] > git for-each-ref --sort -committerdate --format %(refname)%00%(objectname)%00%(*objectname) [2ms]
2026-01-09 16:08:11.050 [info] > git status -z -uall [48ms]
2026-01-09 16:08:40.006 [info] > git config --get commit.template [2ms]
2026-01-09 16:08:40.007 [info] > git for-each-ref --format %(refname)%00%(objectname)%00%(*objectname) refs/tags [1ms]
2026-01-09 16:08:40.012 [info] > git for-each-ref --sort -committerdate --format %(refname)%00%(objectname)%00%(*objectname) [1ms]
2026-01-09 16:08:40.014 [info] > git status -z -uall [5ms]
2026-01-09 16:08:40.520 [info] > git rev-parse --show-toplevel [1ms]
2026-01-09 16:11:20.463 [info] > git fetch [711ms]
2026-01-09 16:11:20.467 [info] > git config --get commit.template [2ms]
2026-01-09 16:11:20.469 [info] > git for-each-ref --format %(refname)%00%(objectname)%00%(*objectname) refs/tags [1ms]
2026-01-09 16:11:20.474 [info] > git for-each-ref --sort -committerdate --format %(refname)%00%(objectname)%00%(*objectname) [1ms]
2026-01-09 16:11:20.476 [info] > git status -z -uall [5ms]
2026-01-09 16:11:20.981 [info] > git rev-parse --show-toplevel [1ms]
2026-01-09 16:11:23.328 [info] > git fetch [684ms]
2026-01-09 16:11:23.334 [info] > git config --get commit.template [3ms]
2026-01-09 16:11:23.335 [info] > git for-each-ref --format=%(refname)%00%(upstream:short)%00%(objectname)%00%(upstream:track)%00%(upstream:remotename)%00%(upstream:remoteref) refs/heads/master refs/remotes/master [2ms]
2026-01-09 16:11:23.339 [info] > git for-each-ref --sort -committerdate --format %(refname)%00%(objectname)%00%(*objectname) [1ms]
2026-01-09 16:11:23.376 [info] > git status -z -uall [39ms]
2026-01-09 16:11:42.146 [info] > git for-each-ref --format %(refname)%00%(objectname)%00%(*objectname) refs/tags [2ms]
2026-01-09 16:11:42.146 [info] > git config --get commit.template [5ms]
2026-01-09 16:11:42.151 [info] > git for-each-ref --sort -committerdate --format %(refname)%00%(objectname)%00%(*objectname) [0ms]
2026-01-09 16:11:42.153 [info] > git status -z -uall [5ms]
2026-01-09 16:11:42.659 [info] > git rev-parse --show-toplevel [1ms]
2026-01-09 16:13:53.369 [info] > git check-ignore -v -z --stdin [11ms]
2026-01-09 16:14:35.966 [info] > git fetch [927ms]
2026-01-09 16:14:35.971 [info] > git config --get commit.template [2ms]
2026-01-09 16:14:35.972 [info] > git for-each-ref --format %(refname)%00%(objectname)%00%(*objectname) refs/tags [1ms]
2026-01-09 16:14:35.977 [info] > git for-each-ref --sort -committerdate --format %(refname)%00%(objectname)%00%(*objectname) [1ms]
2026-01-09 16:14:36.006 [info] > git status -z -uall [31ms]
2026-01-09 16:14:36.521 [info] > git rev-parse --show-toplevel [10ms]
2026-01-09 16:14:37.043 [info] > git config --get commit.template [1ms]
2026-01-09 16:14:37.046 [info] > git for-each-ref --format %(refname)%00%(objectname)%00%(*objectname) refs/tags [1ms]
2026-01-09 16:14:37.051 [info] > git for-each-ref --sort -committerdate --format %(refname)%00%(objectname)%00%(*objectname) [1ms]
2026-01-09 16:14:37.053 [info] > git status -z -uall [5ms]
2026-01-09 16:14:37.558 [info] > git rev-parse --show-toplevel [1ms]
2026-01-09 16:14:38.596 [info] > git fetch [631ms]
2026-01-09 16:14:38.601 [info] > git config --get commit.template [2ms]
2026-01-09 16:14:38.602 [info] > git for-each-ref --format=%(refname)%00%(upstream:short)%00%(objectname)%00%(upstream:track)%00%(upstream:remotename)%00%(upstream:remoteref) refs/heads/master refs/remotes/master [1ms]
2026-01-09 16:14:38.607 [info] > git for-each-ref --sort -committerdate --format %(refname)%00%(objectname)%00%(*objectname) [1ms]
2026-01-09 16:14:39.384 [info] > git status -z -uall [779ms]
