2026-01-09 19:46:02.133 [info] Extension host with pid 93208 started
2026-01-09 19:46:02.163 [info] Lock '/home/palantir/.antigravity-server/data/User/workspaceStorage/af088db0ca468070abeb4132d5cbcc80/vscode.lock': Lock acquired.
2026-01-09 19:46:02.198 [info] ExtensionService#_doActivateExtension vscode.tunnel-forwarding, startup: false, activationEvent: 'onTunnel'
2026-01-09 19:46:02.199 [info] ExtensionService#_doActivateExtension vscode.git-base, startup: false, activationEvent: '*', root cause: google.antigravity
2026-01-09 19:46:02.208 [info] ExtensionService#_doActivateExtension vscode.git, startup: false, activationEvent: '*', root cause: google.antigravity
2026-01-09 19:46:02.208 [info] ExtensionService#_doActivateExtension vscode.github, startup: false, activationEvent: '*'
2026-01-09 19:46:02.311 [info] ExtensionService#_doActivateExtension google.antigravity, startup: false, activationEvent: '*'
2026-01-09 19:46:02.700 [info] ExtensionService#_doActivateExtension vscode.emmet, startup: false, activationEvent: 'onLanguage'
2026-01-09 19:46:02.819 [warning] [Decorations] CAPPING events from decorations provider vscode.git 7835
2026-01-09 19:46:03.398 [info] ExtensionService#_doActivateExtension vscode.terminal-suggest, startup: false, activationEvent: 'onTerminalShellIntegration:*'
2026-01-09 19:46:03.661 [warning] [Decorations] CAPPING events from decorations provider vscode.git 7835
2026-01-09 19:46:13.658 [warning] [Decorations] CAPPING events from decorations provider vscode.git 7835
2026-01-09 19:46:16.501 [info] ExtensionService#_doActivateExtension vscode.debug-auto-launch, startup: false, activationEvent: 'onStartupFinished'
2026-01-09 19:46:16.501 [info] ExtensionService#_doActivateExtension vscode.merge-conflict, startup: false, activationEvent: 'onStartupFinished'
2026-01-09 19:46:18.736 [warning] [Decorations] CAPPING events from decorations provider vscode.git 7835
2026-01-09 19:46:23.002 [info] Eager extensions activated
2026-01-09 19:46:23.818 [warning] [Decorations] CAPPING events from decorations provider vscode.git 7825
2026-01-09 19:46:28.898 [warning] [Decorations] CAPPING events from decorations provider vscode.git 7825
2026-01-09 19:46:33.974 [warning] [Decorations] CAPPING events from decorations provider vscode.git 7825
2026-01-09 19:46:39.695 [warning] [Decorations] CAPPING events from decorations provider vscode.git 7825
2026-01-09 19:46:47.873 [warning] [Decorations] CAPPING events from decorations provider vscode.git 7825
2026-01-09 19:46:52.958 [warning] [Decorations] CAPPING events from decorations provider vscode.git 7825
2026-01-09 19:46:58.777 [warning] [Decorations] CAPPING events from decorations provider vscode.git 7825
2026-01-09 19:47:03.861 [warning] [Decorations] CAPPING events from decorations provider vscode.git 7825
2026-01-09 19:47:08.938 [warning] [Decorations] CAPPING events from decorations provider vscode.git 7825
2026-01-09 19:47:14.018 [warning] [Decorations] CAPPING events from decorations provider vscode.git 7825
2026-01-09 19:47:21.400 [warning] [Decorations] CAPPING events from decorations provider vscode.git 7825
2026-01-09 19:47:29.084 [warning] [Decorations] CAPPING events from decorations provider vscode.git 7825
2026-01-09 19:47:37.081 [warning] [Decorations] CAPPING events from decorations provider vscode.git 7825
2026-01-09 19:47:42.161 [warning] [Decorations] CAPPING events from decorations provider vscode.git 7825
2026-01-09 19:47:47.243 [warning] [Decorations] CAPPING events from decorations provider vscode.git 7825
2026-01-09 19:47:54.942 [warning] [Decorations] CAPPING events from decorations provider vscode.git 7825
2026-01-09 19:48:00.016 [warning] [Decorations] CAPPING events from decorations provider vscode.git 7825
2026-01-09 19:48:05.097 [warning] [Decorations] CAPPING events from decorations provider vscode.git 7825
2026-01-09 19:48:11.720 [warning] [Decorations] CAPPING events from decorations provider vscode.git 7825
2026-01-09 19:48:18.723 [warning] [Decorations] CAPPING events from decorations provider vscode.git 7825
2026-01-09 19:48:23.805 [warning] [Decorations] CAPPING events from decorations provider vscode.git 7825
2026-01-09 19:48:34.289 [warning] [Decorations] CAPPING events from decorations provider vscode.git 7825
2026-01-09 19:48:38.094 [info] ExtensionService#_doActivateExtension vscode.extension-editing, startup: false, activationEvent: 'onLanguage:markdown'
2026-01-09 19:48:38.095 [info] ExtensionService#_doActivateExtension vscode.markdown-language-features, startup: false, activationEvent: 'onLanguage:markdown'
2026-01-09 19:48:39.377 [warning] [Decorations] CAPPING events from decorations provider vscode.git 7828
2026-01-09 19:48:44.459 [warning] [Decorations] CAPPING events from decorations provider vscode.git 7828
2026-01-09 19:48:49.539 [warning] [Decorations] CAPPING events from decorations provider vscode.git 7828
2026-01-09 19:48:57.323 [warning] [Decorations] CAPPING events from decorations provider vscode.git 7829
2026-01-09 19:48:59.985 [info] ExtensionService#_doActivateExtension vscode.configuration-editing, startup: false, activationEvent: 'onLanguage:json'
2026-01-09 19:48:59.985 [info] ExtensionService#_doActivateExtension vscode.json-language-features, startup: false, activationEvent: 'onLanguage:json'
2026-01-09 19:48:59.985 [info] ExtensionService#_doActivateExtension vscode.npm, startup: false, activationEvent: 'onLanguage:json'
2026-01-09 19:49:06.928 [warning] [Decorations] CAPPING events from decorations provider vscode.git 7831
2026-01-09 19:49:12.007 [warning] [Decorations] CAPPING events from decorations provider vscode.git 7830
2026-01-09 19:49:17.088 [warning] [Decorations] CAPPING events from decorations provider vscode.git 7830
2026-01-09 19:49:20.739 [warning] [Decorations] CAPPING events from decorations provider vscode.git 7830
2026-01-09 19:49:22.163 [warning] [Decorations] CAPPING events from decorations provider vscode.git 7830
2026-01-09 19:49:27.244 [warning] [Decorations] CAPPING events from decorations provider vscode.git 7830
2026-01-09 19:49:32.326 [warning] [Decorations] CAPPING events from decorations provider vscode.git 7830
2026-01-09 19:49:39.962 [warning] [Decorations] CAPPING events from decorations provider vscode.git 7830
2026-01-09 19:49:45.042 [warning] [Decorations] CAPPING events from decorations provider vscode.git 7830
2026-01-09 19:49:50.122 [warning] [Decorations] CAPPING events from decorations provider vscode.git 7830
2026-01-09 19:49:55.203 [warning] [Decorations] CAPPING events from decorations provider vscode.git 7830
2026-01-09 19:50:00.282 [warning] [Decorations] CAPPING events from decorations provider vscode.git 7830
2026-01-09 19:50:05.361 [warning] [Decorations] CAPPING events from decorations provider vscode.git 7831
2026-01-09 19:50:10.437 [warning] [Decorations] CAPPING events from decorations provider vscode.git 7831
2026-01-09 19:50:18.097 [warning] [Decorations] CAPPING events from decorations provider vscode.git 7831
2026-01-09 19:50:23.178 [warning] [Decorations] CAPPING events from decorations provider vscode.git 7831
2026-01-09 19:50:28.254 [warning] [Decorations] CAPPING events from decorations provider vscode.git 7831
2026-01-09 19:50:33.332 [warning] [Decorations] CAPPING events from decorations provider vscode.git 7834
2026-01-09 19:50:38.410 [warning] [Decorations] CAPPING events from decorations provider vscode.git 7835
2026-01-09 19:50:43.485 [warning] [Decorations] CAPPING events from decorations provider vscode.git 7836
2026-01-09 19:50:51.151 [warning] [Decorations] CAPPING events from decorations provider vscode.git 7836
2026-01-09 19:50:56.233 [warning] [Decorations] CAPPING events from decorations provider vscode.git 7837
2026-01-09 19:51:01.308 [warning] [Decorations] CAPPING events from decorations provider vscode.git 7836
2026-01-09 19:51:06.387 [warning] [Decorations] CAPPING events from decorations provider vscode.git 7836
2026-01-09 19:51:11.465 [warning] [Decorations] CAPPING events from decorations provider vscode.git 7836
2026-01-09 19:51:16.543 [warning] [Decorations] CAPPING events from decorations provider vscode.git 7836
2026-01-09 19:51:21.619 [warning] [Decorations] CAPPING events from decorations provider vscode.git 7836
2026-01-09 19:51:29.350 [warning] [Decorations] CAPPING events from decorations provider vscode.git 7836
2026-01-09 19:51:34.425 [warning] [Decorations] CAPPING events from decorations provider vscode.git 7836
2026-01-09 19:51:39.505 [warning] [Decorations] CAPPING events from decorations provider vscode.git 7836
2026-01-09 19:51:44.583 [warning] [Decorations] CAPPING events from decorations provider vscode.git 7841
2026-01-09 19:51:49.662 [warning] [Decorations] CAPPING events from decorations provider vscode.git 7842
2026-01-09 19:51:54.746 [warning] [Decorations] CAPPING events from decorations provider vscode.git 7842
2026-01-09 19:52:03.061 [warning] [Decorations] CAPPING events from decorations provider vscode.git 7842
2026-01-09 19:52:08.142 [warning] [Decorations] CAPPING events from decorations provider vscode.git 7842
2026-01-09 19:52:13.219 [warning] [Decorations] CAPPING events from decorations provider vscode.git 7842
2026-01-09 19:52:18.304 [warning] [Decorations] CAPPING events from decorations provider vscode.git 7842
2026-01-09 19:52:24.065 [warning] [Decorations] CAPPING events from decorations provider vscode.git 7842
2026-01-09 19:52:29.142 [warning] [Decorations] CAPPING events from decorations provider vscode.git 7842
2026-01-09 19:52:37.695 [warning] [Decorations] CAPPING events from decorations provider vscode.git 7842
2026-01-09 19:52:37.770 [warning] [Decorations] CAPPING events from decorations provider vscode.git 7842
2026-01-09 19:52:45.942 [warning] [Decorations] CAPPING events from decorations provider vscode.git 7842
2026-01-09 19:52:51.014 [warning] [Decorations] CAPPING events from decorations provider vscode.git 7842
2026-01-09 19:52:56.089 [warning] [Decorations] CAPPING events from decorations provider vscode.git 7842
2026-01-09 19:53:01.172 [warning] [Decorations] CAPPING events from decorations provider vscode.git 7842
2026-01-09 19:53:06.250 [warning] [Decorations] CAPPING events from decorations provider vscode.git 7842
2026-01-09 19:53:14.259 [warning] [Decorations] CAPPING events from decorations provider vscode.git 7842
2026-01-09 19:53:19.335 [warning] [Decorations] CAPPING events from decorations provider vscode.git 7842
2026-01-09 19:53:24.417 [warning] [Decorations] CAPPING events from decorations provider vscode.git 7838
2026-01-09 19:53:29.498 [warning] [Decorations] CAPPING events from decorations provider vscode.git 7838
2026-01-09 19:53:34.570 [warning] [Decorations] CAPPING events from decorations provider vscode.git 7838
2026-01-09 19:53:39.648 [warning] [Decorations] CAPPING events from decorations provider vscode.git 7838
2026-01-09 19:53:47.127 [warning] [Decorations] CAPPING events from decorations provider vscode.git 7838
2026-01-09 19:53:52.205 [warning] [Decorations] CAPPING events from decorations provider vscode.git 7838
2026-01-09 19:53:57.283 [warning] [Decorations] CAPPING events from decorations provider vscode.git 7838
2026-01-09 19:54:02.361 [warning] [Decorations] CAPPING events from decorations provider vscode.git 7838
2026-01-09 19:54:07.434 [warning] [Decorations] CAPPING events from decorations provider vscode.git 7838
2026-01-09 19:54:12.512 [warning] [Decorations] CAPPING events from decorations provider vscode.git 7838
2026-01-09 19:54:17.586 [warning] [Decorations] CAPPING events from decorations provider vscode.git 7838
2026-01-09 19:54:25.272 [warning] [Decorations] CAPPING events from decorations provider vscode.git 7838
2026-01-09 19:54:30.345 [warning] [Decorations] CAPPING events from decorations provider vscode.git 7838
2026-01-09 19:54:35.435 [warning] [Decorations] CAPPING events from decorations provider vscode.git 7838
2026-01-09 19:54:40.508 [warning] [Decorations] CAPPING events from decorations provider vscode.git 7838
2026-01-09 19:54:45.589 [warning] [Decorations] CAPPING events from decorations provider vscode.git 7838
2026-01-09 19:54:50.661 [warning] [Decorations] CAPPING events from decorations provider vscode.git 7838
2026-01-09 19:54:58.247 [warning] [Decorations] CAPPING events from decorations provider vscode.git 7838
2026-01-09 19:55:03.327 [warning] [Decorations] CAPPING events from decorations provider vscode.git 7838
2026-01-09 19:55:08.413 [warning] [Decorations] CAPPING events from decorations provider vscode.git 7838
2026-01-09 19:55:13.492 [warning] [Decorations] CAPPING events from decorations provider vscode.git 7838
2026-01-09 19:55:21.141 [warning] [Decorations] CAPPING events from decorations provider vscode.git 7838
2026-01-09 19:55:26.218 [warning] [Decorations] CAPPING events from decorations provider vscode.git 7838
2026-01-09 19:55:33.949 [warning] [Decorations] CAPPING events from decorations provider vscode.git 7838
2026-01-09 19:55:41.802 [warning] [Decorations] CAPPING events from decorations provider vscode.git 7838
2026-01-09 19:55:46.875 [warning] [Decorations] CAPPING events from decorations provider vscode.git 7838
2026-01-09 19:55:51.482 [warning] [Decorations] CAPPING events from decorations provider vscode.git 7838
2026-01-09 19:55:52.073 [warning] [Decorations] CAPPING events from decorations provider vscode.git 7838
2026-01-09 19:55:57.152 [warning] [Decorations] CAPPING events from decorations provider vscode.git 7838
2026-01-09 19:56:02.228 [warning] [Decorations] CAPPING events from decorations provider vscode.git 7840
2026-01-09 19:56:10.222 [warning] [Decorations] CAPPING events from decorations provider vscode.git 7840
2026-01-09 19:56:15.299 [warning] [Decorations] CAPPING events from decorations provider vscode.git 7843
2026-01-09 19:56:20.375 [warning] [Decorations] CAPPING events from decorations provider vscode.git 7843
2026-01-09 19:56:25.450 [warning] [Decorations] CAPPING events from decorations provider vscode.git 7844
2026-01-09 19:56:30.528 [warning] [Decorations] CAPPING events from decorations provider vscode.git 7844
2026-01-09 19:56:36.162 [warning] [Decorations] CAPPING events from decorations provider vscode.git 7844
2026-01-09 19:56:48.242 [warning] [Decorations] CAPPING events from decorations provider vscode.git 7845
2026-01-09 19:56:53.319 [warning] [Decorations] CAPPING events from decorations provider vscode.git 7844
2026-01-09 19:56:58.392 [warning] [Decorations] CAPPING events from decorations provider vscode.git 7844
2026-01-09 19:57:03.466 [warning] [Decorations] CAPPING events from decorations provider vscode.git 7844
2026-01-09 19:57:08.544 [warning] [Decorations] CAPPING events from decorations provider vscode.git 7844
2026-01-09 19:57:13.624 [warning] [Decorations] CAPPING events from decorations provider vscode.git 7844
2026-01-09 19:57:21.783 [warning] [Decorations] CAPPING events from decorations provider vscode.git 7844
2026-01-09 19:57:26.861 [warning] [Decorations] CAPPING events from decorations provider vscode.git 7844
2026-01-09 19:57:31.941 [warning] [Decorations] CAPPING events from decorations provider vscode.git 7844
2026-01-09 19:57:37.016 [warning] [Decorations] CAPPING events from decorations provider vscode.git 7844
2026-01-09 19:57:42.094 [warning] [Decorations] CAPPING events from decorations provider vscode.git 7844
2026-01-09 19:57:47.174 [warning] [Decorations] CAPPING events from decorations provider vscode.git 7847
2026-01-09 19:57:54.878 [warning] [Decorations] CAPPING events from decorations provider vscode.git 7847
2026-01-09 19:57:59.963 [warning] [Decorations] CAPPING events from decorations provider vscode.git 7848
2026-01-09 19:58:05.038 [warning] [Decorations] CAPPING events from decorations provider vscode.git 7848
2026-01-09 19:58:10.112 [warning] [Decorations] CAPPING events from decorations provider vscode.git 7849
2026-01-09 19:58:15.193 [warning] [Decorations] CAPPING events from decorations provider vscode.git 7848
2026-01-09 19:58:20.271 [warning] [Decorations] CAPPING events from decorations provider vscode.git 7848
2026-01-09 19:58:28.148 [warning] [Decorations] CAPPING events from decorations provider vscode.git 7854
2026-01-09 19:58:33.224 [warning] [Decorations] CAPPING events from decorations provider vscode.git 7855
2026-01-09 19:58:38.297 [warning] [Decorations] CAPPING events from decorations provider vscode.git 7854
2026-01-09 19:58:43.374 [warning] [Decorations] CAPPING events from decorations provider vscode.git 7854
2026-01-09 19:58:48.455 [warning] [Decorations] CAPPING events from decorations provider vscode.git 7854
2026-01-09 19:58:53.532 [warning] [Decorations] CAPPING events from decorations provider vscode.git 7854
2026-01-09 19:58:58.610 [warning] [Decorations] CAPPING events from decorations provider vscode.git 7854
2026-01-09 19:59:06.451 [warning] [Decorations] CAPPING events from decorations provider vscode.git 7854
2026-01-09 19:59:09.460 [warning] [Decorations] CAPPING events from decorations provider vscode.git 7854
2026-01-09 19:59:11.525 [warning] [Decorations] CAPPING events from decorations provider vscode.git 7854
2026-01-09 19:59:16.600 [warning] [Decorations] CAPPING events from decorations provider vscode.git 7854
2026-01-09 19:59:21.678 [warning] [Decorations] CAPPING events from decorations provider vscode.git 7857
2026-01-09 19:59:26.756 [warning] [Decorations] CAPPING events from decorations provider vscode.git 7857
2026-01-09 19:59:31.829 [warning] [Decorations] CAPPING events from decorations provider vscode.git 7857
2026-01-09 19:59:39.804 [warning] [Decorations] CAPPING events from decorations provider vscode.git 7858
2026-01-09 19:59:44.897 [warning] [Decorations] CAPPING events from decorations provider vscode.git 7860
2026-01-09 19:59:49.970 [warning] [Decorations] CAPPING events from decorations provider vscode.git 7860
2026-01-09 19:59:55.048 [warning] [Decorations] CAPPING events from decorations provider vscode.git 7860
2026-01-09 20:00:00.128 [warning] [Decorations] CAPPING events from decorations provider vscode.git 7860
2026-01-09 20:00:05.205 [warning] [Decorations] CAPPING events from decorations provider vscode.git 7860
2026-01-09 20:00:10.283 [warning] [Decorations] CAPPING events from decorations provider vscode.git 7860
2026-01-09 20:00:18.434 [warning] [Decorations] CAPPING events from decorations provider vscode.git 7863
2026-01-09 20:00:23.509 [warning] [Decorations] CAPPING events from decorations provider vscode.git 7863
2026-01-09 20:00:28.586 [warning] [Decorations] CAPPING events from decorations provider vscode.git 7863
2026-01-09 20:00:33.660 [warning] [Decorations] CAPPING events from decorations provider vscode.git 7863
2026-01-09 20:00:38.738 [warning] [Decorations] CAPPING events from decorations provider vscode.git 7863
2026-01-09 20:00:50.260 [warning] [Decorations] CAPPING events from decorations provider vscode.git 7863
2026-01-09 20:00:55.339 [warning] [Decorations] CAPPING events from decorations provider vscode.git 7863
2026-01-09 20:01:00.414 [warning] [Decorations] CAPPING events from decorations provider vscode.git 7863
2026-01-09 20:01:12.261 [warning] [Decorations] CAPPING events from decorations provider vscode.git 7864
2026-01-09 20:01:17.338 [warning] [Decorations] CAPPING events from decorations provider vscode.git 7864
2026-01-09 20:01:25.391 [warning] [Decorations] CAPPING events from decorations provider vscode.git 7864
2026-01-09 20:01:30.466 [warning] [Decorations] CAPPING events from decorations provider vscode.git 7864
2026-01-09 20:01:35.539 [warning] [Decorations] CAPPING events from decorations provider vscode.git 7864
2026-01-09 20:01:40.611 [warning] [Decorations] CAPPING events from decorations provider vscode.git 7864
2026-01-09 20:01:45.688 [warning] [Decorations] CAPPING events from decorations provider vscode.git 7863
2026-01-09 20:01:50.760 [warning] [Decorations] CAPPING events from decorations provider vscode.git 7862
2026-01-09 20:01:55.833 [warning] [Decorations] CAPPING events from decorations provider vscode.git 7862
2026-01-09 20:02:04.001 [warning] [Decorations] CAPPING events from decorations provider vscode.git 7862
2026-01-09 20:02:09.080 [warning] [Decorations] CAPPING events from decorations provider vscode.git 7862
2026-01-09 20:02:14.156 [warning] [Decorations] CAPPING events from decorations provider vscode.git 7862
2026-01-09 20:02:19.234 [warning] [Decorations] CAPPING events from decorations provider vscode.git 7861
2026-01-09 20:02:24.311 [warning] [Decorations] CAPPING events from decorations provider vscode.git 7861
2026-01-09 20:02:24.977 [warning] [Decorations] CAPPING events from decorations provider vscode.git 7861
2026-01-09 20:02:29.384 [warning] [Decorations] CAPPING events from decorations provider vscode.git 7867
2026-01-09 20:02:37.303 [warning] [Decorations] CAPPING events from decorations provider vscode.git 7867
2026-01-09 20:02:42.385 [warning] [Decorations] CAPPING events from decorations provider vscode.git 7866
2026-01-09 20:02:47.460 [warning] [Decorations] CAPPING events from decorations provider vscode.git 7866
2026-01-09 20:02:53.092 [warning] [Decorations] CAPPING events from decorations provider vscode.git 7866
2026-01-09 20:02:58.169 [warning] [Decorations] CAPPING events from decorations provider vscode.git 7866
2026-01-09 20:03:03.249 [warning] [Decorations] CAPPING events from decorations provider vscode.git 7867
2026-01-09 20:03:08.335 [warning] [Decorations] CAPPING events from decorations provider vscode.git 7867
2026-01-09 20:03:16.526 [warning] [Decorations] CAPPING events from decorations provider vscode.git 7867
2026-01-09 20:03:21.600 [warning] [Decorations] CAPPING events from decorations provider vscode.git 7867
2026-01-09 20:03:26.678 [warning] [Decorations] CAPPING events from decorations provider vscode.git 7867
2026-01-09 20:03:31.759 [warning] [Decorations] CAPPING events from decorations provider vscode.git 7867
2026-01-09 20:03:36.837 [warning] [Decorations] CAPPING events from decorations provider vscode.git 7867
2026-01-09 20:03:41.920 [warning] [Decorations] CAPPING events from decorations provider vscode.git 7867
2026-01-09 20:03:50.012 [warning] [Decorations] CAPPING events from decorations provider vscode.git 7867
2026-01-09 20:03:55.086 [warning] [Decorations] CAPPING events from decorations provider vscode.git 7867
2026-01-09 20:04:00.165 [warning] [Decorations] CAPPING events from decorations provider vscode.git 7867
2026-01-09 20:04:05.248 [warning] [Decorations] CAPPING events from decorations provider vscode.git 7867
2026-01-09 20:04:10.330 [warning] [Decorations] CAPPING events from decorations provider vscode.git 7867
2026-01-09 20:04:15.406 [warning] [Decorations] CAPPING events from decorations provider vscode.git 7867
2026-01-09 20:04:23.508 [warning] [Decorations] CAPPING events from decorations provider vscode.git 7867
2026-01-09 20:04:28.592 [warning] [Decorations] CAPPING events from decorations provider vscode.git 7867
2026-01-09 20:04:33.679 [warning] [Decorations] CAPPING events from decorations provider vscode.git 7867
2026-01-09 20:04:38.762 [warning] [Decorations] CAPPING events from decorations provider vscode.git 7867
2026-01-09 20:04:43.837 [warning] [Decorations] CAPPING events from decorations provider vscode.git 7867
2026-01-09 20:04:48.916 [warning] [Decorations] CAPPING events from decorations provider vscode.git 7867
2026-01-09 20:04:54.010 [warning] [Decorations] CAPPING events from decorations provider vscode.git 7867
2026-01-09 20:05:02.180 [warning] [Decorations] CAPPING events from decorations provider vscode.git 7867
2026-01-09 20:05:07.267 [warning] [Decorations] CAPPING events from decorations provider vscode.git 7867
2026-01-09 20:05:12.343 [warning] [Decorations] CAPPING events from decorations provider vscode.git 7867
2026-01-09 20:05:17.418 [warning] [Decorations] CAPPING events from decorations provider vscode.git 7867
2026-01-09 20:05:22.493 [warning] [Decorations] CAPPING events from decorations provider vscode.git 7867
2026-01-09 20:05:27.573 [warning] [Decorations] CAPPING events from decorations provider vscode.git 7867
2026-01-09 20:05:40.419 [warning] [Decorations] CAPPING events from decorations provider vscode.git 7867
2026-01-09 20:05:43.797 [warning] [Decorations] CAPPING events from decorations provider vscode.git 7867
2026-01-09 20:05:45.495 [warning] [Decorations] CAPPING events from decorations provider vscode.git 7867
2026-01-09 20:05:50.575 [warning] [Decorations] CAPPING events from decorations provider vscode.git 7867
2026-01-09 20:05:55.658 [warning] [Decorations] CAPPING events from decorations provider vscode.git 7867
2026-01-09 20:06:00.738 [warning] [Decorations] CAPPING events from decorations provider vscode.git 7867
2026-01-09 20:06:05.823 [warning] [Decorations] CAPPING events from decorations provider vscode.git 7870
2026-01-09 20:06:55.817 [warning] [Decorations] CAPPING events from decorations provider vscode.git 7870
2026-01-09 20:07:08.810 [warning] [Decorations] CAPPING events from decorations provider vscode.git 7870
2026-01-09 20:07:13.888 [warning] [Decorations] CAPPING events from decorations provider vscode.git 7870
2026-01-09 20:07:21.532 [warning] [Decorations] CAPPING events from decorations provider vscode.git 7870
2026-01-09 20:07:26.611 [warning] [Decorations] CAPPING events from decorations provider vscode.git 7873
2026-01-09 20:07:31.690 [warning] [Decorations] CAPPING events from decorations provider vscode.git 7873
2026-01-09 20:07:36.767 [warning] [Decorations] CAPPING events from decorations provider vscode.git 7873
2026-01-09 20:07:41.853 [warning] [Decorations] CAPPING events from decorations provider vscode.git 7873
2026-01-09 20:07:46.932 [warning] [Decorations] CAPPING events from decorations provider vscode.git 7873
2026-01-09 20:07:52.011 [warning] [Decorations] CAPPING events from decorations provider vscode.git 7873
2026-01-09 20:07:59.773 [warning] [Decorations] CAPPING events from decorations provider vscode.git 7873
2026-01-09 20:08:04.852 [warning] [Decorations] CAPPING events from decorations provider vscode.git 7873
2026-01-09 20:08:09.938 [warning] [Decorations] CAPPING events from decorations provider vscode.git 7873
2026-01-09 20:08:15.018 [warning] [Decorations] CAPPING events from decorations provider vscode.git 7873
2026-01-09 20:08:20.103 [warning] [Decorations] CAPPING events from decorations provider vscode.git 7873
2026-01-09 20:08:42.387 [warning] [Decorations] CAPPING events from decorations provider vscode.git 7873
2026-01-09 20:08:58.564 [warning] [Decorations] CAPPING events from decorations provider vscode.git 7873
2026-01-09 20:09:06.957 [warning] [Decorations] CAPPING events from decorations provider vscode.git 7873
2026-01-09 20:09:12.038 [warning] [Decorations] CAPPING events from decorations provider vscode.git 7873
2026-01-09 20:09:17.114 [warning] [Decorations] CAPPING events from decorations provider vscode.git 7873
2026-01-09 20:09:22.191 [warning] [Decorations] CAPPING events from decorations provider vscode.git 7873
2026-01-09 20:09:27.264 [warning] [Decorations] CAPPING events from decorations provider vscode.git 7873
2026-01-09 20:09:32.346 [warning] [Decorations] CAPPING events from decorations provider vscode.git 7873
2026-01-09 20:09:37.425 [warning] [Decorations] CAPPING events from decorations provider vscode.git 7873
2026-01-09 20:09:45.271 [warning] [Decorations] CAPPING events from decorations provider vscode.git 7873
2026-01-09 20:09:50.348 [warning] [Decorations] CAPPING events from decorations provider vscode.git 7873
2026-01-09 20:09:55.422 [warning] [Decorations] CAPPING events from decorations provider vscode.git 7873
2026-01-09 20:10:00.502 [warning] [Decorations] CAPPING events from decorations provider vscode.git 7873
2026-01-09 20:10:05.578 [warning] [Decorations] CAPPING events from decorations provider vscode.git 7873
2026-01-09 20:10:10.655 [warning] [Decorations] CAPPING events from decorations provider vscode.git 7873
2026-01-09 20:10:18.408 [warning] [Decorations] CAPPING events from decorations provider vscode.git 7873
2026-01-09 20:10:23.489 [warning] [Decorations] CAPPING events from decorations provider vscode.git 7873
2026-01-09 20:10:28.568 [warning] [Decorations] CAPPING events from decorations provider vscode.git 7873
2026-01-09 20:10:33.655 [warning] [Decorations] CAPPING events from decorations provider vscode.git 7874
2026-01-09 20:10:38.741 [warning] [Decorations] CAPPING events from decorations provider vscode.git 7873
2026-01-09 20:10:43.828 [warning] [Decorations] CAPPING events from decorations provider vscode.git 7873
2026-01-09 20:10:51.772 [warning] [Decorations] CAPPING events from decorations provider vscode.git 7873
2026-01-09 20:10:56.853 [warning] [Decorations] CAPPING events from decorations provider vscode.git 7873
2026-01-09 20:11:01.935 [warning] [Decorations] CAPPING events from decorations provider vscode.git 7873
2026-01-09 20:11:07.018 [warning] [Decorations] CAPPING events from decorations provider vscode.git 7873
2026-01-09 20:11:12.093 [warning] [Decorations] CAPPING events from decorations provider vscode.git 7873
2026-01-09 20:11:17.174 [warning] [Decorations] CAPPING events from decorations provider vscode.git 7873
2026-01-09 20:11:22.252 [warning] [Decorations] CAPPING events from decorations provider vscode.git 7873
2026-01-09 20:11:29.705 [warning] [Decorations] CAPPING events from decorations provider vscode.git 7873
2026-01-09 20:11:34.783 [warning] [Decorations] CAPPING events from decorations provider vscode.git 7873
2026-01-09 20:11:39.860 [warning] [Decorations] CAPPING events from decorations provider vscode.git 7873
2026-01-09 20:11:44.935 [warning] [Decorations] CAPPING events from decorations provider vscode.git 7873
2026-01-09 20:11:52.558 [warning] [Decorations] CAPPING events from decorations provider vscode.git 7873
2026-01-09 20:11:57.636 [warning] [Decorations] CAPPING events from decorations provider vscode.git 7873
2026-01-09 20:12:05.554 [warning] [Decorations] CAPPING events from decorations provider vscode.git 7873
2026-01-09 20:12:10.632 [warning] [Decorations] CAPPING events from decorations provider vscode.git 7873
2026-01-09 20:12:15.264 [warning] [Decorations] CAPPING events from decorations provider vscode.git 7873
2026-01-09 20:12:15.858 [warning] [Decorations] CAPPING events from decorations provider vscode.git 7873
2026-01-09 20:12:20.940 [warning] [Decorations] CAPPING events from decorations provider vscode.git 7873
2026-01-09 20:12:32.578 [warning] [Decorations] CAPPING events from decorations provider vscode.git 7873
2026-01-09 20:12:48.315 [warning] [Decorations] CAPPING events from decorations provider vscode.git 7873
2026-01-09 20:13:04.317 [warning] [Decorations] CAPPING events from decorations provider vscode.git 7873
2026-01-09 20:13:12.125 [warning] [Decorations] CAPPING events from decorations provider vscode.git 7873
2026-01-09 20:13:20.051 [warning] [Decorations] CAPPING events from decorations provider vscode.git 7873
2026-01-09 20:13:25.136 [warning] [Decorations] CAPPING events from decorations provider vscode.git 7873
2026-01-09 20:13:30.215 [warning] [Decorations] CAPPING events from decorations provider vscode.git 7873
2026-01-09 20:13:35.291 [warning] [Decorations] CAPPING events from decorations provider vscode.git 7873
2026-01-09 20:13:40.369 [warning] [Decorations] CAPPING events from decorations provider vscode.git 7873
2026-01-09 20:13:48.071 [warning] [Decorations] CAPPING events from decorations provider vscode.git 7873
2026-01-09 20:13:53.150 [warning] [Decorations] CAPPING events from decorations provider vscode.git 7873
2026-01-09 20:13:58.227 [warning] [Decorations] CAPPING events from decorations provider vscode.git 7873
2026-01-09 20:14:03.313 [warning] [Decorations] CAPPING events from decorations provider vscode.git 7873
2026-01-09 20:14:08.400 [warning] [Decorations] CAPPING events from decorations provider vscode.git 7873
2026-01-09 20:14:13.477 [warning] [Decorations] CAPPING events from decorations provider vscode.git 7873
2026-01-09 20:14:18.558 [warning] [Decorations] CAPPING events from decorations provider vscode.git 7873
2026-01-09 20:14:26.336 [warning] [Decorations] CAPPING events from decorations provider vscode.git 7873
2026-01-09 20:14:31.419 [warning] [Decorations] CAPPING events from decorations provider vscode.git 7873
2026-01-09 20:14:36.496 [warning] [Decorations] CAPPING events from decorations provider vscode.git 7873
2026-01-09 20:14:41.579 [warning] [Decorations] CAPPING events from decorations provider vscode.git 7873
2026-01-09 20:15:29.192 [warning] [Decorations] CAPPING events from decorations provider vscode.git 7873
2026-01-09 20:15:38.422 [warning] [Decorations] CAPPING events from decorations provider vscode.git 7873
2026-01-09 20:16:36.397 [warning] [Decorations] CAPPING events from decorations provider vscode.git 7878
2026-01-09 20:17:37.244 [warning] [Decorations] CAPPING events from decorations provider vscode.git 7878
2026-01-09 20:18:31.910 [warning] [Decorations] CAPPING events from decorations provider vscode.git 7878
2026-01-09 20:18:37.002 [warning] [Decorations] CAPPING events from decorations provider vscode.git 7878
2026-01-09 20:18:42.083 [warning] [Decorations] CAPPING events from decorations provider vscode.git 7878
2026-01-09 20:18:46.764 [warning] [Decorations] CAPPING events from decorations provider vscode.git 7878
2026-01-09 20:18:47.343 [warning] [Decorations] CAPPING events from decorations provider vscode.git 7878
2026-01-09 20:18:52.421 [warning] [Decorations] CAPPING events from decorations provider vscode.git 7878
2026-01-09 20:18:57.501 [warning] [Decorations] CAPPING events from decorations provider vscode.git 7878
2026-01-09 20:19:05.308 [warning] [Decorations] CAPPING events from decorations provider vscode.git 7878
2026-01-09 20:19:10.379 [warning] [Decorations] CAPPING events from decorations provider vscode.git 7878
2026-01-09 20:19:15.456 [warning] [Decorations] CAPPING events from decorations provider vscode.git 7878
2026-01-09 20:19:20.533 [warning] [Decorations] CAPPING events from decorations provider vscode.git 7878
2026-01-09 20:19:25.608 [warning] [Decorations] CAPPING events from decorations provider vscode.git 7878
2026-01-09 20:19:30.684 [warning] [Decorations] CAPPING events from decorations provider vscode.git 7878
2026-01-09 20:19:35.763 [warning] [Decorations] CAPPING events from decorations provider vscode.git 7878
2026-01-09 20:20:36.992 [warning] [Decorations] CAPPING events from decorations provider vscode.git 7878
2026-01-09 20:21:37.964 [warning] [Decorations] CAPPING events from decorations provider vscode.git 7878
2026-01-09 20:22:05.321 [warning] [Decorations] CAPPING events from decorations provider vscode.git 7878
2026-01-09 20:22:38.807 [warning] [Decorations] CAPPING events from decorations provider vscode.git 7878
2026-01-09 20:23:36.486 [warning] [Decorations] CAPPING events from decorations provider vscode.git 7878
2026-01-09 20:24:37.558 [warning] [Decorations] CAPPING events from decorations provider vscode.git 7878
2026-01-09 20:25:21.211 [warning] [Decorations] CAPPING events from decorations provider vscode.git 7878
2026-01-09 20:25:38.616 [warning] [Decorations] CAPPING events from decorations provider vscode.git 7878
2026-01-09 20:26:36.210 [warning] [Decorations] CAPPING events from decorations provider vscode.git 7878
2026-01-09 20:27:37.208 [warning] [Decorations] CAPPING events from decorations provider vscode.git 7878
2026-01-09 20:27:42.278 [warning] [Decorations] CAPPING events from decorations provider vscode.git 7878
2026-01-09 20:27:47.351 [warning] [Decorations] CAPPING events from decorations provider vscode.git 7878
2026-01-09 20:27:52.429 [warning] [Decorations] CAPPING events from decorations provider vscode.git 7878
2026-01-09 20:28:00.665 [warning] [Decorations] CAPPING events from decorations provider vscode.git 7878
2026-01-09 20:28:05.742 [warning] [Decorations] CAPPING events from decorations provider vscode.git 7878
2026-01-09 20:28:10.815 [warning] [Decorations] CAPPING events from decorations provider vscode.git 7878
2026-01-09 20:28:15.887 [warning] [Decorations] CAPPING events from decorations provider vscode.git 7878
2026-01-09 20:28:20.960 [warning] [Decorations] CAPPING events from decorations provider vscode.git 7878
2026-01-09 20:28:26.042 [warning] [Decorations] CAPPING events from decorations provider vscode.git 7878
2026-01-09 20:28:34.370 [warning] [Decorations] CAPPING events from decorations provider vscode.git 7878
2026-01-09 20:28:39.450 [warning] [Decorations] CAPPING events from decorations provider vscode.git 7878
2026-01-09 20:28:40.703 [warning] [Decorations] CAPPING events from decorations provider vscode.git 7878
2026-01-09 20:28:44.532 [warning] [Decorations] CAPPING events from decorations provider vscode.git 7878
2026-01-09 20:28:49.613 [warning] [Decorations] CAPPING events from decorations provider vscode.git 7878
2026-01-09 20:28:54.695 [warning] [Decorations] CAPPING events from decorations provider vscode.git 7878
2026-01-09 20:28:59.773 [warning] [Decorations] CAPPING events from decorations provider vscode.git 7878
2026-01-09 20:29:04.862 [warning] [Decorations] CAPPING events from decorations provider vscode.git 7878
2026-01-09 20:29:12.685 [warning] [Decorations] CAPPING events from decorations provider vscode.git 7878
2026-01-09 20:29:17.762 [warning] [Decorations] CAPPING events from decorations provider vscode.git 7878
2026-01-09 20:29:22.844 [warning] [Decorations] CAPPING events from decorations provider vscode.git 7878
2026-01-09 20:29:27.920 [warning] [Decorations] CAPPING events from decorations provider vscode.git 7878
2026-01-09 20:29:32.996 [warning] [Decorations] CAPPING events from decorations provider vscode.git 7878
2026-01-09 20:29:38.068 [warning] [Decorations] CAPPING events from decorations provider vscode.git 7881
2026-01-09 20:29:45.915 [warning] [Decorations] CAPPING events from decorations provider vscode.git 7881
2026-01-09 20:29:50.990 [warning] [Decorations] CAPPING events from decorations provider vscode.git 7884
2026-01-09 20:29:56.064 [warning] [Decorations] CAPPING events from decorations provider vscode.git 7884
2026-01-09 20:30:01.142 [warning] [Decorations] CAPPING events from decorations provider vscode.git 7884
2026-01-09 20:30:06.223 [warning] [Decorations] CAPPING events from decorations provider vscode.git 7885
2026-01-09 20:30:11.294 [warning] [Decorations] CAPPING events from decorations provider vscode.git 7885
2026-01-09 20:30:16.378 [warning] [Decorations] CAPPING events from decorations provider vscode.git 7886
2026-01-09 20:30:24.295 [warning] [Decorations] CAPPING events from decorations provider vscode.git 7885
2026-01-09 20:30:29.367 [warning] [Decorations] CAPPING events from decorations provider vscode.git 7885
2026-01-09 20:30:34.446 [warning] [Decorations] CAPPING events from decorations provider vscode.git 7885
2026-01-09 20:30:39.523 [warning] [Decorations] CAPPING events from decorations provider vscode.git 7885
2026-01-09 20:30:44.598 [warning] [Decorations] CAPPING events from decorations provider vscode.git 7885
2026-01-09 20:30:49.674 [warning] [Decorations] CAPPING events from decorations provider vscode.git 7885
2026-01-09 20:30:57.489 [warning] [Decorations] CAPPING events from decorations provider vscode.git 7885
2026-01-09 20:31:02.565 [warning] [Decorations] CAPPING events from decorations provider vscode.git 7885
2026-01-09 20:31:07.642 [warning] [Decorations] CAPPING events from decorations provider vscode.git 7885
2026-01-09 20:31:12.718 [warning] [Decorations] CAPPING events from decorations provider vscode.git 7885
2026-01-09 20:31:17.794 [warning] [Decorations] CAPPING events from decorations provider vscode.git 7885
2026-01-09 20:31:22.871 [warning] [Decorations] CAPPING events from decorations provider vscode.git 7885
2026-01-09 20:31:27.945 [warning] [Decorations] CAPPING events from decorations provider vscode.git 7885
2026-01-09 20:31:35.954 [warning] [Decorations] CAPPING events from decorations provider vscode.git 7885
2026-01-09 20:31:41.029 [warning] [Decorations] CAPPING events from decorations provider vscode.git 7885
2026-01-09 20:31:46.102 [warning] [Decorations] CAPPING events from decorations provider vscode.git 7885
2026-01-09 20:31:51.178 [warning] [Decorations] CAPPING events from decorations provider vscode.git 7885
2026-01-09 20:31:55.323 [warning] [Decorations] CAPPING events from decorations provider vscode.git 7885
2026-01-09 20:31:56.252 [warning] [Decorations] CAPPING events from decorations provider vscode.git 7885
2026-01-09 20:32:01.333 [warning] [Decorations] CAPPING events from decorations provider vscode.git 7885
2026-01-09 20:32:09.472 [warning] [Decorations] CAPPING events from decorations provider vscode.git 7885
2026-01-09 20:32:14.544 [warning] [Decorations] CAPPING events from decorations provider vscode.git 7885
2026-01-09 20:32:19.630 [warning] [Decorations] CAPPING events from decorations provider vscode.git 7885
2026-01-09 20:32:24.705 [warning] [Decorations] CAPPING events from decorations provider vscode.git 7885
2026-01-09 20:32:29.789 [warning] [Decorations] CAPPING events from decorations provider vscode.git 7885
2026-01-09 20:32:34.872 [warning] [Decorations] CAPPING events from decorations provider vscode.git 7885
2026-01-09 20:32:42.546 [warning] [Decorations] CAPPING events from decorations provider vscode.git 7885
2026-01-09 20:32:47.620 [warning] [Decorations] CAPPING events from decorations provider vscode.git 7885
2026-01-09 20:32:52.713 [warning] [Decorations] CAPPING events from decorations provider vscode.git 7885
2026-01-09 20:32:57.794 [warning] [Decorations] CAPPING events from decorations provider vscode.git 7885
2026-01-09 20:33:02.877 [warning] [Decorations] CAPPING events from decorations provider vscode.git 7885
2026-01-09 20:33:07.964 [warning] [Decorations] CAPPING events from decorations provider vscode.git 7885
2026-01-09 20:33:13.042 [warning] [Decorations] CAPPING events from decorations provider vscode.git 7885
2026-01-09 20:33:20.882 [warning] [Decorations] CAPPING events from decorations provider vscode.git 7885
2026-01-09 20:33:25.960 [warning] [Decorations] CAPPING events from decorations provider vscode.git 7885
2026-01-09 20:33:31.033 [warning] [Decorations] CAPPING events from decorations provider vscode.git 7885
2026-01-09 20:33:36.114 [warning] [Decorations] CAPPING events from decorations provider vscode.git 7885
2026-01-09 20:33:41.201 [warning] [Decorations] CAPPING events from decorations provider vscode.git 7885
2026-01-09 20:33:46.279 [warning] [Decorations] CAPPING events from decorations provider vscode.git 7885
2026-01-09 20:33:54.271 [warning] [Decorations] CAPPING events from decorations provider vscode.git 7885
2026-01-09 20:33:59.347 [warning] [Decorations] CAPPING events from decorations provider vscode.git 7885
2026-01-09 20:34:04.433 [warning] [Decorations] CAPPING events from decorations provider vscode.git 7885
2026-01-09 20:34:09.505 [warning] [Decorations] CAPPING events from decorations provider vscode.git 7885
2026-01-09 20:34:14.580 [warning] [Decorations] CAPPING events from decorations provider vscode.git 7886
2026-01-09 20:34:22.209 [warning] [Decorations] CAPPING events from decorations provider vscode.git 7886
2026-01-09 20:34:30.100 [warning] [Decorations] CAPPING events from decorations provider vscode.git 7887
2026-01-09 20:34:35.178 [warning] [Decorations] CAPPING events from decorations provider vscode.git 7888
2026-01-09 20:34:41.030 [warning] [Decorations] CAPPING events from decorations provider vscode.git 7888
2026-01-09 20:34:49.032 [warning] [Decorations] CAPPING events from decorations provider vscode.git 7889
2026-01-09 20:34:54.112 [warning] [Decorations] CAPPING events from decorations provider vscode.git 7888
2026-01-09 20:34:59.191 [warning] [Decorations] CAPPING events from decorations provider vscode.git 7888
2026-01-09 20:35:07.081 [warning] [Decorations] CAPPING events from decorations provider vscode.git 7888
2026-01-09 20:35:12.864 [warning] [Decorations] CAPPING events from decorations provider vscode.git 7888
2026-01-09 20:35:12.943 [warning] [Decorations] CAPPING events from decorations provider vscode.git 7888
2026-01-09 20:35:18.844 [warning] [Decorations] CAPPING events from decorations provider vscode.git 7888
2026-01-09 20:35:23.921 [warning] [Decorations] CAPPING events from decorations provider vscode.git 7888
2026-01-09 20:35:28.996 [warning] [Decorations] CAPPING events from decorations provider vscode.git 7888
2026-01-09 20:35:34.074 [warning] [Decorations] CAPPING events from decorations provider vscode.git 7889
2026-01-09 20:35:41.893 [warning] [Decorations] CAPPING events from decorations provider vscode.git 7889
2026-01-09 20:35:46.969 [warning] [Decorations] CAPPING events from decorations provider vscode.git 7890
2026-01-09 20:35:52.046 [warning] [Decorations] CAPPING events from decorations provider vscode.git 7891
2026-01-09 20:35:57.121 [warning] [Decorations] CAPPING events from decorations provider vscode.git 7891
2026-01-09 20:36:02.192 [warning] [Decorations] CAPPING events from decorations provider vscode.git 7892
2026-01-09 20:36:07.269 [warning] [Decorations] CAPPING events from decorations provider vscode.git 7892
2026-01-09 20:36:15.011 [warning] [Decorations] CAPPING events from decorations provider vscode.git 7890
2026-01-09 20:36:20.086 [warning] [Decorations] CAPPING events from decorations provider vscode.git 7890
2026-01-09 20:36:25.162 [warning] [Decorations] CAPPING events from decorations provider vscode.git 7890
2026-01-09 20:36:30.236 [warning] [Decorations] CAPPING events from decorations provider vscode.git 7890
2026-01-09 20:36:35.322 [warning] [Decorations] CAPPING events from decorations provider vscode.git 7891
2026-01-09 20:36:40.399 [warning] [Decorations] CAPPING events from decorations provider vscode.git 7891
2026-01-09 20:36:45.479 [warning] [Decorations] CAPPING events from decorations provider vscode.git 7891
2026-01-09 20:36:53.288 [warning] [Decorations] CAPPING events from decorations provider vscode.git 7890
2026-01-09 20:36:58.367 [warning] [Decorations] CAPPING events from decorations provider vscode.git 7890
2026-01-09 20:37:03.442 [warning] [Decorations] CAPPING events from decorations provider vscode.git 7891
2026-01-09 20:37:08.520 [warning] [Decorations] CAPPING events from decorations provider vscode.git 7890
2026-01-09 20:37:13.605 [warning] [Decorations] CAPPING events from decorations provider vscode.git 7890
2026-01-09 20:37:18.682 [warning] [Decorations] CAPPING events from decorations provider vscode.git 7890
2026-01-09 20:37:26.624 [warning] [Decorations] CAPPING events from decorations provider vscode.git 7890
2026-01-09 20:37:31.698 [warning] [Decorations] CAPPING events from decorations provider vscode.git 7890
2026-01-09 20:37:36.771 [warning] [Decorations] CAPPING events from decorations provider vscode.git 7890
2026-01-09 20:37:41.846 [warning] [Decorations] CAPPING events from decorations provider vscode.git 7890
2026-01-09 20:37:46.919 [warning] [Decorations] CAPPING events from decorations provider vscode.git 7890
2026-01-09 20:37:51.993 [warning] [Decorations] CAPPING events from decorations provider vscode.git 7890
2026-01-09 20:38:00.122 [warning] [Decorations] CAPPING events from decorations provider vscode.git 7890
2026-01-09 20:38:05.198 [warning] [Decorations] CAPPING events from decorations provider vscode.git 7890
2026-01-09 20:38:10.276 [warning] [Decorations] CAPPING events from decorations provider vscode.git 7890
2026-01-09 20:38:15.348 [warning] [Decorations] CAPPING events from decorations provider vscode.git 7890
2026-01-09 20:38:20.420 [warning] [Decorations] CAPPING events from decorations provider vscode.git 7890
2026-01-09 20:38:25.494 [warning] [Decorations] CAPPING events from decorations provider vscode.git 7890
2026-01-09 20:38:27.500 [warning] [Decorations] CAPPING events from decorations provider vscode.git 7890
2026-01-09 20:38:30.577 [warning] [Decorations] CAPPING events from decorations provider vscode.git 7890
2026-01-09 20:38:38.658 [warning] [Decorations] CAPPING events from decorations provider vscode.git 7890
2026-01-09 20:38:43.742 [warning] [Decorations] CAPPING events from decorations provider vscode.git 7890
2026-01-09 20:38:48.823 [warning] [Decorations] CAPPING events from decorations provider vscode.git 7890
2026-01-09 20:38:53.898 [warning] [Decorations] CAPPING events from decorations provider vscode.git 7890
2026-01-09 20:38:58.984 [warning] [Decorations] CAPPING events from decorations provider vscode.git 7890
2026-01-09 20:39:04.061 [warning] [Decorations] CAPPING events from decorations provider vscode.git 7890
2026-01-09 20:39:12.146 [warning] [Decorations] CAPPING events from decorations provider vscode.git 7890
2026-01-09 20:39:17.234 [warning] [Decorations] CAPPING events from decorations provider vscode.git 7890
2026-01-09 20:39:22.313 [warning] [Decorations] CAPPING events from decorations provider vscode.git 7890
2026-01-09 20:39:27.388 [warning] [Decorations] CAPPING events from decorations provider vscode.git 7890
2026-01-09 20:39:32.464 [warning] [Decorations] CAPPING events from decorations provider vscode.git 7890
2026-01-09 20:39:37.563 [warning] [Decorations] CAPPING events from decorations provider vscode.git 7890
2026-01-09 20:39:42.648 [warning] [Decorations] CAPPING events from decorations provider vscode.git 7890
2026-01-09 20:39:50.671 [warning] [Decorations] CAPPING events from decorations provider vscode.git 7890
2026-01-09 20:39:55.756 [warning] [Decorations] CAPPING events from decorations provider vscode.git 7890
2026-01-09 20:40:00.836 [warning] [Decorations] CAPPING events from decorations provider vscode.git 7890
2026-01-09 20:40:05.936 [warning] [Decorations] CAPPING events from decorations provider vscode.git 7890
2026-01-09 20:40:11.013 [warning] [Decorations] CAPPING events from decorations provider vscode.git 7890
2026-01-09 20:40:16.091 [warning] [Decorations] CAPPING events from decorations provider vscode.git 7890
2026-01-09 20:40:24.305 [warning] [Decorations] CAPPING events from decorations provider vscode.git 7890
2026-01-09 20:40:29.379 [warning] [Decorations] CAPPING events from decorations provider vscode.git 7890
2026-01-09 20:40:34.453 [warning] [Decorations] CAPPING events from decorations provider vscode.git 7890
2026-01-09 20:40:39.525 [warning] [Decorations] CAPPING events from decorations provider vscode.git 7890
2026-01-09 20:40:44.599 [warning] [Decorations] CAPPING events from decorations provider vscode.git 7890
2026-01-09 20:40:49.673 [warning] [Decorations] CAPPING events from decorations provider vscode.git 7890
2026-01-09 20:40:57.724 [warning] [Decorations] CAPPING events from decorations provider vscode.git 7890
2026-01-09 20:41:02.807 [warning] [Decorations] CAPPING events from decorations provider vscode.git 7890
2026-01-09 20:41:07.885 [warning] [Decorations] CAPPING events from decorations provider vscode.git 7890
2026-01-09 20:41:12.966 [warning] [Decorations] CAPPING events from decorations provider vscode.git 7890
2026-01-09 20:41:18.047 [warning] [Decorations] CAPPING events from decorations provider vscode.git 7890
2026-01-09 20:41:23.130 [warning] [Decorations] CAPPING events from decorations provider vscode.git 7890
2026-01-09 20:41:28.201 [warning] [Decorations] CAPPING events from decorations provider vscode.git 7890
2026-01-09 20:41:36.254 [warning] [Decorations] CAPPING events from decorations provider vscode.git 7890
2026-01-09 20:41:41.327 [warning] [Decorations] CAPPING events from decorations provider vscode.git 7890
2026-01-09 20:41:46.063 [warning] [Decorations] CAPPING events from decorations provider vscode.git 7890
2026-01-09 20:42:36.046 [warning] [Decorations] CAPPING events from decorations provider vscode.git 7890
2026-01-09 20:43:28.254 [warning] [Decorations] CAPPING events from decorations provider vscode.git 7890
2026-01-09 20:43:35.254 [warning] [Decorations] CAPPING events from decorations provider vscode.git 7890
2026-01-09 20:43:40.330 [warning] [Decorations] CAPPING events from decorations provider vscode.git 7890
2026-01-09 20:43:45.406 [warning] [Decorations] CAPPING events from decorations provider vscode.git 7890
2026-01-09 20:43:50.489 [warning] [Decorations] CAPPING events from decorations provider vscode.git 7890
2026-01-09 20:43:58.557 [warning] [Decorations] CAPPING events from decorations provider vscode.git 7890
2026-01-09 20:44:03.636 [warning] [Decorations] CAPPING events from decorations provider vscode.git 7890
2026-01-09 20:44:08.710 [warning] [Decorations] CAPPING events from decorations provider vscode.git 7890
2026-01-09 20:44:13.792 [warning] [Decorations] CAPPING events from decorations provider vscode.git 7890
2026-01-09 20:44:18.866 [warning] [Decorations] CAPPING events from decorations provider vscode.git 7890
2026-01-09 20:44:23.963 [warning] [Decorations] CAPPING events from decorations provider vscode.git 7890
2026-01-09 20:44:31.758 [warning] [Decorations] CAPPING events from decorations provider vscode.git 7890
2026-01-09 20:44:36.832 [warning] [Decorations] CAPPING events from decorations provider vscode.git 7890
2026-01-09 20:44:41.912 [warning] [Decorations] CAPPING events from decorations provider vscode.git 7890
2026-01-09 20:44:46.987 [warning] [Decorations] CAPPING events from decorations provider vscode.git 7890
2026-01-09 20:44:52.074 [warning] [Decorations] CAPPING events from decorations provider vscode.git 7890
2026-01-09 20:44:57.160 [warning] [Decorations] CAPPING events from decorations provider vscode.git 7890
2026-01-09 20:45:01.825 [warning] [Decorations] CAPPING events from decorations provider vscode.git 7890
2026-01-09 20:45:02.430 [warning] [Decorations] CAPPING events from decorations provider vscode.git 7890
2026-01-09 20:45:10.259 [warning] [Decorations] CAPPING events from decorations provider vscode.git 7890
2026-01-09 20:45:15.341 [warning] [Decorations] CAPPING events from decorations provider vscode.git 7890
2026-01-09 20:45:23.983 [warning] [Decorations] CAPPING events from decorations provider vscode.git 7890
2026-01-09 20:45:29.065 [warning] [Decorations] CAPPING events from decorations provider vscode.git 7890
2026-01-09 20:45:34.173 [warning] [Decorations] CAPPING events from decorations provider vscode.git 7891
2026-01-09 20:45:41.934 [warning] [Decorations] CAPPING events from decorations provider vscode.git 7891
2026-01-09 20:45:47.019 [warning] [Decorations] CAPPING events from decorations provider vscode.git 7892
2026-01-09 20:45:52.097 [warning] [Decorations] CAPPING events from decorations provider vscode.git 7892
2026-01-09 20:45:57.179 [warning] [Decorations] CAPPING events from decorations provider vscode.git 7892
2026-01-09 20:46:02.258 [warning] [Decorations] CAPPING events from decorations provider vscode.git 7892
2026-01-09 20:46:07.341 [warning] [Decorations] CAPPING events from decorations provider vscode.git 7893
2026-01-09 20:46:12.426 [warning] [Decorations] CAPPING events from decorations provider vscode.git 7894
2026-01-09 20:46:20.241 [warning] [Decorations] CAPPING events from decorations provider vscode.git 7894
2026-01-09 20:46:25.320 [warning] [Decorations] CAPPING events from decorations provider vscode.git 7894
2026-01-09 20:46:30.400 [warning] [Decorations] CAPPING events from decorations provider vscode.git 7895
2026-01-09 20:46:35.484 [warning] [Decorations] CAPPING events from decorations provider vscode.git 7894
2026-01-09 20:46:40.561 [warning] [Decorations] CAPPING events from decorations provider vscode.git 7894
2026-01-09 20:46:45.639 [warning] [Decorations] CAPPING events from decorations provider vscode.git 7894
2026-01-09 20:46:53.377 [warning] [Decorations] CAPPING events from decorations provider vscode.git 7894
2026-01-09 20:46:58.459 [warning] [Decorations] CAPPING events from decorations provider vscode.git 7895
2026-01-09 20:47:03.533 [warning] [Decorations] CAPPING events from decorations provider vscode.git 7895
2026-01-09 20:47:08.618 [warning] [Decorations] CAPPING events from decorations provider vscode.git 7896
2026-01-09 20:47:13.696 [warning] [Decorations] CAPPING events from decorations provider vscode.git 7897
2026-01-09 20:47:18.772 [warning] [Decorations] CAPPING events from decorations provider vscode.git 7897
2026-01-09 20:47:26.450 [warning] [Decorations] CAPPING events from decorations provider vscode.git 7898
2026-01-09 20:47:31.522 [warning] [Decorations] CAPPING events from decorations provider vscode.git 7897
2026-01-09 20:47:36.599 [warning] [Decorations] CAPPING events from decorations provider vscode.git 7897
2026-01-09 20:47:41.673 [warning] [Decorations] CAPPING events from decorations provider vscode.git 7897
2026-01-09 20:47:46.749 [warning] [Decorations] CAPPING events from decorations provider vscode.git 7897
2026-01-09 20:47:51.825 [warning] [Decorations] CAPPING events from decorations provider vscode.git 7897
2026-01-09 20:47:56.896 [warning] [Decorations] CAPPING events from decorations provider vscode.git 7897
2026-01-09 20:48:04.705 [warning] [Decorations] CAPPING events from decorations provider vscode.git 7897
2026-01-09 20:48:09.780 [warning] [Decorations] CAPPING events from decorations provider vscode.git 7897
2026-01-09 20:48:14.854 [warning] [Decorations] CAPPING events from decorations provider vscode.git 7897
2026-01-09 20:48:18.584 [warning] [Decorations] CAPPING events from decorations provider vscode.git 7897
2026-01-09 20:48:19.929 [warning] [Decorations] CAPPING events from decorations provider vscode.git 7897
2026-01-09 20:48:25.013 [warning] [Decorations] CAPPING events from decorations provider vscode.git 7897
2026-01-09 20:48:30.091 [warning] [Decorations] CAPPING events from decorations provider vscode.git 7897
2026-01-09 20:48:37.934 [warning] [Decorations] CAPPING events from decorations provider vscode.git 7897
2026-01-09 20:48:43.010 [warning] [Decorations] CAPPING events from decorations provider vscode.git 7897
2026-01-09 20:48:48.088 [warning] [Decorations] CAPPING events from decorations provider vscode.git 7897
2026-01-09 20:48:53.164 [warning] [Decorations] CAPPING events from decorations provider vscode.git 7897
2026-01-09 20:48:58.235 [warning] [Decorations] CAPPING events from decorations provider vscode.git 7897
2026-01-09 20:49:03.308 [warning] [Decorations] CAPPING events from decorations provider vscode.git 7897
2026-01-09 20:49:08.395 [warning] [Decorations] CAPPING events from decorations provider vscode.git 7897
2026-01-09 20:49:16.179 [warning] [Decorations] CAPPING events from decorations provider vscode.git 7897
2026-01-09 20:49:21.258 [warning] [Decorations] CAPPING events from decorations provider vscode.git 7897
2026-01-09 20:49:26.348 [warning] [Decorations] CAPPING events from decorations provider vscode.git 7897
2026-01-09 20:49:31.424 [warning] [Decorations] CAPPING events from decorations provider vscode.git 7897
2026-01-09 20:49:36.503 [warning] [Decorations] CAPPING events from decorations provider vscode.git 7897
2026-01-09 20:49:41.576 [warning] [Decorations] CAPPING events from decorations provider vscode.git 7897
2026-01-09 20:49:49.345 [warning] [Decorations] CAPPING events from decorations provider vscode.git 7897
2026-01-09 20:49:54.419 [warning] [Decorations] CAPPING events from decorations provider vscode.git 7897
2026-01-09 20:49:59.493 [warning] [Decorations] CAPPING events from decorations provider vscode.git 7897
2026-01-09 20:50:04.565 [warning] [Decorations] CAPPING events from decorations provider vscode.git 7897
2026-01-09 20:50:09.636 [warning] [Decorations] CAPPING events from decorations provider vscode.git 7897
2026-01-09 20:50:14.715 [warning] [Decorations] CAPPING events from decorations provider vscode.git 7897
2026-01-09 20:50:22.491 [warning] [Decorations] CAPPING events from decorations provider vscode.git 7897
2026-01-09 20:50:27.567 [warning] [Decorations] CAPPING events from decorations provider vscode.git 7897
2026-01-09 20:50:32.641 [warning] [Decorations] CAPPING events from decorations provider vscode.git 7897
2026-01-09 20:50:37.715 [warning] [Decorations] CAPPING events from decorations provider vscode.git 7897
2026-01-09 20:50:42.794 [warning] [Decorations] CAPPING events from decorations provider vscode.git 7897
2026-01-09 20:50:47.867 [warning] [Decorations] CAPPING events from decorations provider vscode.git 7897
2026-01-09 20:50:52.949 [warning] [Decorations] CAPPING events from decorations provider vscode.git 7897
2026-01-09 20:51:00.856 [warning] [Decorations] CAPPING events from decorations provider vscode.git 7897
2026-01-09 20:51:05.943 [warning] [Decorations] CAPPING events from decorations provider vscode.git 7897
2026-01-09 20:51:11.031 [warning] [Decorations] CAPPING events from decorations provider vscode.git 7897
2026-01-09 20:51:16.116 [warning] [Decorations] CAPPING events from decorations provider vscode.git 7897
2026-01-09 20:51:21.197 [warning] [Decorations] CAPPING events from decorations provider vscode.git 7897
2026-01-09 20:51:26.281 [warning] [Decorations] CAPPING events from decorations provider vscode.git 7897
2026-01-09 20:51:34.300 [warning] [Decorations] CAPPING events from decorations provider vscode.git 7897
2026-01-09 20:51:35.818 [warning] [Decorations] CAPPING events from decorations provider vscode.git 7897
2026-01-09 20:51:39.384 [warning] [Decorations] CAPPING events from decorations provider vscode.git 7897
2026-01-09 20:51:44.457 [warning] [Decorations] CAPPING events from decorations provider vscode.git 7897
2026-01-09 20:51:49.537 [warning] [Decorations] CAPPING events from decorations provider vscode.git 7897
2026-01-09 20:51:54.623 [warning] [Decorations] CAPPING events from decorations provider vscode.git 7897
2026-01-09 20:51:59.697 [warning] [Decorations] CAPPING events from decorations provider vscode.git 7897
2026-01-09 20:52:04.775 [warning] [Decorations] CAPPING events from decorations provider vscode.git 7897
2026-01-09 20:52:12.899 [warning] [Decorations] CAPPING events from decorations provider vscode.git 7897
2026-01-09 20:52:17.974 [warning] [Decorations] CAPPING events from decorations provider vscode.git 7897
2026-01-09 20:52:23.047 [warning] [Decorations] CAPPING events from decorations provider vscode.git 7897
2026-01-09 20:52:28.124 [warning] [Decorations] CAPPING events from decorations provider vscode.git 7897
2026-01-09 20:52:33.200 [warning] [Decorations] CAPPING events from decorations provider vscode.git 7897
2026-01-09 20:52:38.273 [warning] [Decorations] CAPPING events from decorations provider vscode.git 7897
2026-01-09 20:52:46.431 [warning] [Decorations] CAPPING events from decorations provider vscode.git 7897
2026-01-09 20:52:51.509 [warning] [Decorations] CAPPING events from decorations provider vscode.git 7897
2026-01-09 20:53:00.140 [warning] [Decorations] CAPPING events from decorations provider vscode.git 7897
2026-01-09 20:53:10.133 [warning] [Decorations] CAPPING events from decorations provider vscode.git 7897
2026-01-09 20:53:15.221 [warning] [Decorations] CAPPING events from decorations provider vscode.git 7897
2026-01-09 20:53:23.211 [warning] [Decorations] CAPPING events from decorations provider vscode.git 7898
2026-01-09 20:53:28.291 [warning] [Decorations] CAPPING events from decorations provider vscode.git 7899
2026-01-09 20:53:33.374 [warning] [Decorations] CAPPING events from decorations provider vscode.git 7900
2026-01-09 20:53:44.049 [warning] [Decorations] CAPPING events from decorations provider vscode.git 7901
2026-01-09 20:53:49.133 [warning] [Decorations] CAPPING events from decorations provider vscode.git 7900
2026-01-09 20:53:57.293 [warning] [Decorations] CAPPING events from decorations provider vscode.git 7900
2026-01-09 20:54:02.368 [warning] [Decorations] CAPPING events from decorations provider vscode.git 7900
2026-01-09 20:54:08.142 [warning] [Decorations] CAPPING events from decorations provider vscode.git 7900
2026-01-09 20:54:13.211 [warning] [Decorations] CAPPING events from decorations provider vscode.git 7900
2026-01-09 20:54:25.153 [warning] [Decorations] CAPPING events from decorations provider vscode.git 7905
2026-01-09 20:54:35.267 [warning] [Decorations] CAPPING events from decorations provider vscode.git 7905
2026-01-09 20:54:40.340 [warning] [Decorations] CAPPING events from decorations provider vscode.git 7905
2026-01-09 20:54:45.412 [warning] [Decorations] CAPPING events from decorations provider vscode.git 7905
2026-01-09 20:54:50.487 [warning] [Decorations] CAPPING events from decorations provider vscode.git 7906
2026-01-09 20:54:51.660 [warning] [Decorations] CAPPING events from decorations provider vscode.git 7905
2026-01-09 20:54:55.567 [warning] [Decorations] CAPPING events from decorations provider vscode.git 7906
2026-01-09 20:55:01.331 [warning] [Decorations] CAPPING events from decorations provider vscode.git 7906
2026-01-09 20:55:09.541 [warning] [Decorations] CAPPING events from decorations provider vscode.git 7906
2026-01-09 20:55:19.455 [warning] [Decorations] CAPPING events from decorations provider vscode.git 7906
2026-01-09 20:55:24.537 [warning] [Decorations] CAPPING events from decorations provider vscode.git 7907
2026-01-09 20:55:29.613 [warning] [Decorations] CAPPING events from decorations provider vscode.git 7907
2026-01-09 20:55:34.696 [warning] [Decorations] CAPPING events from decorations provider vscode.git 7908
2026-01-09 20:55:42.952 [warning] [Decorations] CAPPING events from decorations provider vscode.git 7909
2026-01-09 20:55:48.029 [warning] [Decorations] CAPPING events from decorations provider vscode.git 7909
2026-01-09 20:55:53.102 [warning] [Decorations] CAPPING events from decorations provider vscode.git 7909
2026-01-09 20:55:58.174 [warning] [Decorations] CAPPING events from decorations provider vscode.git 7910
2026-01-09 20:56:03.253 [warning] [Decorations] CAPPING events from decorations provider vscode.git 7910
2026-01-09 20:56:08.327 [warning] [Decorations] CAPPING events from decorations provider vscode.git 7910
2026-01-09 20:56:13.405 [warning] [Decorations] CAPPING events from decorations provider vscode.git 7910
2026-01-09 20:56:22.140 [warning] [Decorations] CAPPING events from decorations provider vscode.git 7910
2026-01-09 20:56:27.218 [warning] [Decorations] CAPPING events from decorations provider vscode.git 7910
2026-01-09 20:56:33.120 [warning] [Decorations] CAPPING events from decorations provider vscode.git 7910
2026-01-09 20:56:38.225 [warning] [Decorations] CAPPING events from decorations provider vscode.git 7910
2026-01-09 20:56:45.139 [warning] [Decorations] CAPPING events from decorations provider vscode.git 7911
2026-01-09 20:56:53.933 [warning] [Decorations] CAPPING events from decorations provider vscode.git 7912
2026-01-09 20:56:59.015 [warning] [Decorations] CAPPING events from decorations provider vscode.git 7913
2026-01-09 20:57:04.095 [warning] [Decorations] CAPPING events from decorations provider vscode.git 7913
2026-01-09 20:57:19.944 [warning] [Decorations] CAPPING events from decorations provider vscode.git 7915
2026-01-09 20:57:25.018 [warning] [Decorations] CAPPING events from decorations provider vscode.git 7914
2026-01-09 20:57:32.844 [warning] [Decorations] CAPPING events from decorations provider vscode.git 7914
2026-01-09 20:57:37.918 [warning] [Decorations] CAPPING events from decorations provider vscode.git 7914
2026-01-09 20:57:42.995 [warning] [Decorations] CAPPING events from decorations provider vscode.git 7914
2026-01-09 20:58:06.430 [warning] [Decorations] CAPPING events from decorations provider vscode.git 7914
2026-01-09 20:58:09.901 [warning] [Decorations] CAPPING events from decorations provider vscode.git 7914
2026-01-09 20:58:11.508 [warning] [Decorations] CAPPING events from decorations provider vscode.git 7914
2026-01-09 20:58:16.585 [warning] [Decorations] CAPPING events from decorations provider vscode.git 7914
2026-01-09 20:58:34.563 [warning] [Decorations] CAPPING events from decorations provider vscode.git 7917
2026-01-09 20:58:43.360 [warning] [Decorations] CAPPING events from decorations provider vscode.git 7918
2026-01-09 20:58:51.361 [warning] [Decorations] CAPPING events from decorations provider vscode.git 7918
2026-01-09 20:58:56.437 [warning] [Decorations] CAPPING events from decorations provider vscode.git 7918
2026-01-09 20:59:03.366 [warning] [Decorations] CAPPING events from decorations provider vscode.git 7919
2026-01-09 20:59:08.443 [warning] [Decorations] CAPPING events from decorations provider vscode.git 7919
2026-01-09 20:59:16.310 [warning] [Decorations] CAPPING events from decorations provider vscode.git 7919
2026-01-09 20:59:21.388 [warning] [Decorations] CAPPING events from decorations provider vscode.git 7919
2026-01-09 20:59:26.467 [warning] [Decorations] CAPPING events from decorations provider vscode.git 7919
2026-01-09 20:59:31.541 [warning] [Decorations] CAPPING events from decorations provider vscode.git 7919
2026-01-09 20:59:36.617 [warning] [Decorations] CAPPING events from decorations provider vscode.git 7919
2026-01-09 20:59:41.699 [warning] [Decorations] CAPPING events from decorations provider vscode.git 7919
2026-01-09 20:59:49.555 [warning] [Decorations] CAPPING events from decorations provider vscode.git 7919
2026-01-09 20:59:54.630 [warning] [Decorations] CAPPING events from decorations provider vscode.git 7919
2026-01-09 20:59:59.704 [warning] [Decorations] CAPPING events from decorations provider vscode.git 7919
2026-01-09 21:00:04.779 [warning] [Decorations] CAPPING events from decorations provider vscode.git 7919
2026-01-09 21:00:09.854 [warning] [Decorations] CAPPING events from decorations provider vscode.git 7919
2026-01-09 21:00:14.925 [warning] [Decorations] CAPPING events from decorations provider vscode.git 7919
2026-01-09 21:00:20.006 [warning] [Decorations] CAPPING events from decorations provider vscode.git 7919
2026-01-09 21:00:27.834 [warning] [Decorations] CAPPING events from decorations provider vscode.git 7919
2026-01-09 21:00:32.913 [warning] [Decorations] CAPPING events from decorations provider vscode.git 7919
2026-01-09 21:00:37.996 [warning] [Decorations] CAPPING events from decorations provider vscode.git 7919
2026-01-09 21:00:43.071 [warning] [Decorations] CAPPING events from decorations provider vscode.git 7919
2026-01-09 21:00:48.150 [warning] [Decorations] CAPPING events from decorations provider vscode.git 7919
2026-01-09 21:00:53.232 [warning] [Decorations] CAPPING events from decorations provider vscode.git 7919
2026-01-09 21:01:01.133 [warning] [Decorations] CAPPING events from decorations provider vscode.git 7919
2026-01-09 21:01:06.222 [warning] [Decorations] CAPPING events from decorations provider vscode.git 7919
2026-01-09 21:01:11.308 [warning] [Decorations] CAPPING events from decorations provider vscode.git 7919
2026-01-09 21:01:16.393 [warning] [Decorations] CAPPING events from decorations provider vscode.git 7919
2026-01-09 21:01:21.474 [warning] [Decorations] CAPPING events from decorations provider vscode.git 7919
2026-01-09 21:01:24.438 [warning] [Decorations] CAPPING events from decorations provider vscode.git 7919
2026-01-09 21:01:26.557 [warning] [Decorations] CAPPING events from decorations provider vscode.git 7919
2026-01-09 21:01:31.644 [warning] [Decorations] CAPPING events from decorations provider vscode.git 7919
2026-01-09 21:01:39.435 [warning] [Decorations] CAPPING events from decorations provider vscode.git 7919
2026-01-09 21:01:44.517 [warning] [Decorations] CAPPING events from decorations provider vscode.git 7919
2026-01-09 21:01:49.593 [warning] [Decorations] CAPPING events from decorations provider vscode.git 7919
2026-01-09 21:01:54.671 [warning] [Decorations] CAPPING events from decorations provider vscode.git 7919
2026-01-09 21:01:59.746 [warning] [Decorations] CAPPING events from decorations provider vscode.git 7919
2026-01-09 21:02:04.823 [warning] [Decorations] CAPPING events from decorations provider vscode.git 7919
2026-01-09 21:02:12.769 [warning] [Decorations] CAPPING events from decorations provider vscode.git 7919
2026-01-09 21:02:17.849 [warning] [Decorations] CAPPING events from decorations provider vscode.git 7919
2026-01-09 21:02:22.925 [warning] [Decorations] CAPPING events from decorations provider vscode.git 7919
2026-01-09 21:02:27.999 [warning] [Decorations] CAPPING events from decorations provider vscode.git 7919
2026-01-09 21:02:33.077 [warning] [Decorations] CAPPING events from decorations provider vscode.git 7919
2026-01-09 21:02:38.152 [warning] [Decorations] CAPPING events from decorations provider vscode.git 7919
2026-01-09 21:02:46.016 [warning] [Decorations] CAPPING events from decorations provider vscode.git 7919
2026-01-09 21:02:51.086 [warning] [Decorations] CAPPING events from decorations provider vscode.git 7919
2026-01-09 21:02:56.160 [warning] [Decorations] CAPPING events from decorations provider vscode.git 7919
2026-01-09 21:03:01.234 [warning] [Decorations] CAPPING events from decorations provider vscode.git 7919
2026-01-09 21:03:06.308 [warning] [Decorations] CAPPING events from decorations provider vscode.git 7919
2026-01-09 21:03:11.401 [warning] [Decorations] CAPPING events from decorations provider vscode.git 7919
2026-01-09 21:03:16.476 [warning] [Decorations] CAPPING events from decorations provider vscode.git 7919
2026-01-09 21:03:24.253 [warning] [Decorations] CAPPING events from decorations provider vscode.git 7919
2026-01-09 21:03:29.335 [warning] [Decorations] CAPPING events from decorations provider vscode.git 7919
2026-01-09 21:03:34.421 [warning] [Decorations] CAPPING events from decorations provider vscode.git 7919
2026-01-09 21:03:39.510 [warning] [Decorations] CAPPING events from decorations provider vscode.git 7919
2026-01-09 21:03:44.596 [warning] [Decorations] CAPPING events from decorations provider vscode.git 7919
2026-01-09 21:03:49.688 [warning] [Decorations] CAPPING events from decorations provider vscode.git 7919
2026-01-09 21:03:54.775 [warning] [Decorations] CAPPING events from decorations provider vscode.git 7919
2026-01-09 21:03:59.871 [warning] [Decorations] CAPPING events from decorations provider vscode.git 7919
2026-01-09 21:04:04.973 [warning] [Decorations] CAPPING events from decorations provider vscode.git 7919
2026-01-09 21:04:13.888 [warning] [Decorations] CAPPING events from decorations provider vscode.git 7919
2026-01-09 21:04:18.970 [warning] [Decorations] CAPPING events from decorations provider vscode.git 7919
2026-01-09 21:04:24.050 [warning] [Decorations] CAPPING events from decorations provider vscode.git 7919
2026-01-09 21:04:29.129 [warning] [Decorations] CAPPING events from decorations provider vscode.git 7919
2026-01-09 21:04:34.216 [warning] [Decorations] CAPPING events from decorations provider vscode.git 7919
2026-01-09 21:04:39.301 [warning] [Decorations] CAPPING events from decorations provider vscode.git 7919
2026-01-09 21:04:39.952 [warning] [Decorations] CAPPING events from decorations provider vscode.git 7919
2026-01-09 21:04:44.390 [warning] [Decorations] CAPPING events from decorations provider vscode.git 7919
2026-01-09 21:04:52.788 [warning] [Decorations] CAPPING events from decorations provider vscode.git 7919
2026-01-09 21:04:57.868 [warning] [Decorations] CAPPING events from decorations provider vscode.git 7919
2026-01-09 21:05:02.944 [warning] [Decorations] CAPPING events from decorations provider vscode.git 7919
2026-01-09 21:05:08.026 [warning] [Decorations] CAPPING events from decorations provider vscode.git 7919
2026-01-09 21:05:13.100 [warning] [Decorations] CAPPING events from decorations provider vscode.git 7919
2026-01-09 21:05:18.182 [warning] [Decorations] CAPPING events from decorations provider vscode.git 7919
2026-01-09 21:05:26.241 [warning] [Decorations] CAPPING events from decorations provider vscode.git 7919
2026-01-09 21:05:31.328 [warning] [Decorations] CAPPING events from decorations provider vscode.git 7919
2026-01-09 21:05:36.414 [warning] [Decorations] CAPPING events from decorations provider vscode.git 7919
2026-01-09 21:05:41.487 [warning] [Decorations] CAPPING events from decorations provider vscode.git 7919
2026-01-09 21:05:46.566 [warning] [Decorations] CAPPING events from decorations provider vscode.git 7919
2026-01-09 21:05:51.641 [warning] [Decorations] CAPPING events from decorations provider vscode.git 7919
2026-01-09 21:05:59.311 [warning] [Decorations] CAPPING events from decorations provider vscode.git 7919
2026-01-09 21:06:04.393 [warning] [Decorations] CAPPING events from decorations provider vscode.git 7919
2026-01-09 21:06:09.472 [warning] [Decorations] CAPPING events from decorations provider vscode.git 7919
2026-01-09 21:06:14.544 [warning] [Decorations] CAPPING events from decorations provider vscode.git 7919
2026-01-09 21:06:19.619 [warning] [Decorations] CAPPING events from decorations provider vscode.git 7919
2026-01-09 21:06:24.698 [warning] [Decorations] CAPPING events from decorations provider vscode.git 7919
2026-01-09 21:06:29.791 [warning] [Decorations] CAPPING events from decorations provider vscode.git 7919
2026-01-09 21:06:38.146 [warning] [Decorations] CAPPING events from decorations provider vscode.git 7919
2026-01-09 21:06:43.227 [warning] [Decorations] CAPPING events from decorations provider vscode.git 7919
2026-01-09 21:06:48.302 [warning] [Decorations] CAPPING events from decorations provider vscode.git 7919
2026-01-09 21:06:53.387 [warning] [Decorations] CAPPING events from decorations provider vscode.git 7919
2026-01-09 21:06:58.468 [warning] [Decorations] CAPPING events from decorations provider vscode.git 7919
2026-01-09 21:07:03.549 [warning] [Decorations] CAPPING events from decorations provider vscode.git 7919
2026-01-09 21:07:11.529 [warning] [Decorations] CAPPING events from decorations provider vscode.git 7919
2026-01-09 21:07:19.165 [warning] [Decorations] CAPPING events from decorations provider vscode.git 7919
2026-01-09 21:07:24.241 [warning] [Decorations] CAPPING events from decorations provider vscode.git 7919
2026-01-09 21:07:29.320 [warning] [Decorations] CAPPING events from decorations provider vscode.git 7919
2026-01-09 21:07:36.184 [warning] [Decorations] CAPPING events from decorations provider vscode.git 7919
2026-01-09 21:07:41.271 [warning] [Decorations] CAPPING events from decorations provider vscode.git 7919
2026-01-09 21:07:49.459 [warning] [Decorations] CAPPING events from decorations provider vscode.git 7919
2026-01-09 21:07:54.538 [warning] [Decorations] CAPPING events from decorations provider vscode.git 7919
2026-01-09 21:07:58.727 [warning] [Decorations] CAPPING events from decorations provider vscode.git 7919
2026-01-09 21:07:59.633 [warning] [Decorations] CAPPING events from decorations provider vscode.git 7919
2026-01-09 21:08:04.718 [warning] [Decorations] CAPPING events from decorations provider vscode.git 7919
2026-01-09 21:08:09.797 [warning] [Decorations] CAPPING events from decorations provider vscode.git 7919
2026-01-09 21:08:14.870 [warning] [Decorations] CAPPING events from decorations provider vscode.git 7919
2026-01-09 21:08:22.931 [warning] [Decorations] CAPPING events from decorations provider vscode.git 7920
2026-01-09 21:08:36.586 [warning] [Decorations] CAPPING events from decorations provider vscode.git 7923
2026-01-09 21:08:50.585 [warning] [Decorations] CAPPING events from decorations provider vscode.git 7924
2026-01-09 21:08:58.721 [warning] [Decorations] CAPPING events from decorations provider vscode.git 7924
2026-01-09 21:09:03.804 [warning] [Decorations] CAPPING events from decorations provider vscode.git 7924
2026-01-09 21:09:13.621 [warning] [Decorations] CAPPING events from decorations provider vscode.git 7925
2026-01-09 21:09:18.698 [warning] [Decorations] CAPPING events from decorations provider vscode.git 7926
2026-01-09 21:09:23.776 [warning] [Decorations] CAPPING events from decorations provider vscode.git 7926
2026-01-09 21:09:31.875 [warning] [Decorations] CAPPING events from decorations provider vscode.git 7926
2026-01-09 21:09:36.954 [warning] [Decorations] CAPPING events from decorations provider vscode.git 7927
2026-01-09 21:09:50.647 [warning] [Decorations] CAPPING events from decorations provider vscode.git 7929
2026-01-09 21:09:57.649 [warning] [Decorations] CAPPING events from decorations provider vscode.git 7930
2026-01-09 21:10:02.731 [warning] [Decorations] CAPPING events from decorations provider vscode.git 7929
2026-01-09 21:10:12.745 [warning] [Decorations] CAPPING events from decorations provider vscode.git 7929
2026-01-09 21:10:17.823 [warning] [Decorations] CAPPING events from decorations provider vscode.git 7929
2026-01-09 21:10:22.896 [warning] [Decorations] CAPPING events from decorations provider vscode.git 7929
2026-01-09 21:10:27.974 [warning] [Decorations] CAPPING events from decorations provider vscode.git 7929
2026-01-09 21:10:33.050 [warning] [Decorations] CAPPING events from decorations provider vscode.git 7930
2026-01-09 21:10:38.127 [warning] [Decorations] CAPPING events from decorations provider vscode.git 7931
2026-01-09 21:10:46.351 [warning] [Decorations] CAPPING events from decorations provider vscode.git 7931
2026-01-09 21:10:51.438 [warning] [Decorations] CAPPING events from decorations provider vscode.git 7931
2026-01-09 21:10:56.513 [warning] [Decorations] CAPPING events from decorations provider vscode.git 7931
2026-01-09 21:11:01.594 [warning] [Decorations] CAPPING events from decorations provider vscode.git 7931
2026-01-09 21:11:06.665 [warning] [Decorations] CAPPING events from decorations provider vscode.git 7932
2026-01-09 21:11:11.743 [warning] [Decorations] CAPPING events from decorations provider vscode.git 7931
2026-01-09 21:11:14.606 [warning] [Decorations] CAPPING events from decorations provider vscode.git 7931
2026-01-09 21:11:19.813 [warning] [Decorations] CAPPING events from decorations provider vscode.git 7931
2026-01-09 21:11:24.891 [warning] [Decorations] CAPPING events from decorations provider vscode.git 7931
2026-01-09 21:11:29.970 [warning] [Decorations] CAPPING events from decorations provider vscode.git 7931
2026-01-09 21:11:35.045 [warning] [Decorations] CAPPING events from decorations provider vscode.git 7931
2026-01-09 21:11:40.121 [warning] [Decorations] CAPPING events from decorations provider vscode.git 7931
2026-01-09 21:11:45.198 [warning] [Decorations] CAPPING events from decorations provider vscode.git 7931
2026-01-09 21:11:50.273 [warning] [Decorations] CAPPING events from decorations provider vscode.git 7931
2026-01-09 21:11:58.503 [warning] [Decorations] CAPPING events from decorations provider vscode.git 7931
2026-01-09 21:12:03.593 [warning] [Decorations] CAPPING events from decorations provider vscode.git 7931
2026-01-09 21:12:08.674 [warning] [Decorations] CAPPING events from decorations provider vscode.git 7931
2026-01-09 21:12:13.748 [warning] [Decorations] CAPPING events from decorations provider vscode.git 7931
2026-01-09 21:12:18.832 [warning] [Decorations] CAPPING events from decorations provider vscode.git 7931
2026-01-09 21:12:23.910 [warning] [Decorations] CAPPING events from decorations provider vscode.git 7931
2026-01-09 21:12:32.136 [warning] [Decorations] CAPPING events from decorations provider vscode.git 7931
2026-01-09 21:12:37.214 [warning] [Decorations] CAPPING events from decorations provider vscode.git 7931
2026-01-09 21:12:42.290 [warning] [Decorations] CAPPING events from decorations provider vscode.git 7931
2026-01-09 21:12:47.366 [warning] [Decorations] CAPPING events from decorations provider vscode.git 7931
2026-01-09 21:12:52.440 [warning] [Decorations] CAPPING events from decorations provider vscode.git 7931
2026-01-09 21:12:57.528 [warning] [Decorations] CAPPING events from decorations provider vscode.git 7931
2026-01-09 21:13:05.644 [warning] [Decorations] CAPPING events from decorations provider vscode.git 7931
2026-01-09 21:13:10.722 [warning] [Decorations] CAPPING events from decorations provider vscode.git 7931
2026-01-09 21:13:15.798 [warning] [Decorations] CAPPING events from decorations provider vscode.git 7931
2026-01-09 21:13:20.873 [warning] [Decorations] CAPPING events from decorations provider vscode.git 7931
2026-01-09 21:13:25.951 [warning] [Decorations] CAPPING events from decorations provider vscode.git 7931
2026-01-09 21:13:31.028 [warning] [Decorations] CAPPING events from decorations provider vscode.git 7931
2026-01-09 21:13:36.108 [warning] [Decorations] CAPPING events from decorations provider vscode.git 7931
2026-01-09 21:13:44.248 [warning] [Decorations] CAPPING events from decorations provider vscode.git 7931
2026-01-09 21:13:49.328 [warning] [Decorations] CAPPING events from decorations provider vscode.git 7931
2026-01-09 21:13:54.406 [warning] [Decorations] CAPPING events from decorations provider vscode.git 7931
2026-01-09 21:13:59.484 [warning] [Decorations] CAPPING events from decorations provider vscode.git 7931
2026-01-09 21:14:04.564 [warning] [Decorations] CAPPING events from decorations provider vscode.git 7931
2026-01-09 21:14:09.641 [warning] [Decorations] CAPPING events from decorations provider vscode.git 7931
2026-01-09 21:14:17.823 [warning] [Decorations] CAPPING events from decorations provider vscode.git 7931
2026-01-09 21:14:22.904 [warning] [Decorations] CAPPING events from decorations provider vscode.git 7931
2026-01-09 21:14:31.550 [warning] [Decorations] CAPPING events from decorations provider vscode.git 7931
2026-01-09 21:14:33.663 [warning] [Decorations] CAPPING events from decorations provider vscode.git 7931
2026-01-09 21:14:36.633 [warning] [Decorations] CAPPING events from decorations provider vscode.git 7931
2026-01-09 21:14:41.710 [warning] [Decorations] CAPPING events from decorations provider vscode.git 7931
2026-01-09 21:14:46.794 [warning] [Decorations] CAPPING events from decorations provider vscode.git 7931
2026-01-09 21:14:55.687 [warning] [Decorations] CAPPING events from decorations provider vscode.git 7931
2026-01-09 21:15:02.687 [warning] [Decorations] CAPPING events from decorations provider vscode.git 7931
2026-01-09 21:15:08.691 [warning] [Decorations] CAPPING events from decorations provider vscode.git 7931
2026-01-09 21:15:13.769 [warning] [Decorations] CAPPING events from decorations provider vscode.git 7931
2026-01-09 21:15:18.848 [warning] [Decorations] CAPPING events from decorations provider vscode.git 7931
2026-01-09 21:15:27.066 [warning] [Decorations] CAPPING events from decorations provider vscode.git 7931
2026-01-09 21:15:32.146 [warning] [Decorations] CAPPING events from decorations provider vscode.git 7931
2026-01-09 21:15:37.230 [warning] [Decorations] CAPPING events from decorations provider vscode.git 7931
2026-01-09 21:15:42.312 [warning] [Decorations] CAPPING events from decorations provider vscode.git 7931
2026-01-09 21:15:47.391 [warning] [Decorations] CAPPING events from decorations provider vscode.git 7931
2026-01-09 21:15:52.472 [warning] [Decorations] CAPPING events from decorations provider vscode.git 7931
2026-01-09 21:15:57.556 [warning] [Decorations] CAPPING events from decorations provider vscode.git 7931
2026-01-09 21:16:05.823 [warning] [Decorations] CAPPING events from decorations provider vscode.git 7931
2026-01-09 21:16:12.478 [warning] [Decorations] CAPPING events from decorations provider vscode.git 7931
2026-01-09 21:16:18.495 [warning] [Decorations] CAPPING events from decorations provider vscode.git 7931
2026-01-09 21:16:23.578 [warning] [Decorations] CAPPING events from decorations provider vscode.git 7931
2026-01-09 21:16:28.656 [warning] [Decorations] CAPPING events from decorations provider vscode.git 7931
2026-01-09 21:16:33.742 [warning] [Decorations] CAPPING events from decorations provider vscode.git 7931
2026-01-09 21:16:41.911 [warning] [Decorations] CAPPING events from decorations provider vscode.git 7931
2026-01-09 21:16:46.997 [warning] [Decorations] CAPPING events from decorations provider vscode.git 7931
2026-01-09 21:16:52.083 [warning] [Decorations] CAPPING events from decorations provider vscode.git 7931
2026-01-09 21:16:57.165 [warning] [Decorations] CAPPING events from decorations provider vscode.git 7931
2026-01-09 21:16:58.617 [info] Extension host terminating: received terminate message from renderer
2026-01-09 21:16:58.618 [info] Lock '/home/palantir/.antigravity-server/data/User/workspaceStorage/af088db0ca468070abeb4132d5cbcc80/vscode.lock': Marking the lockfile as scheduled to be released in 6000 ms.
