2026-01-09 15:21:17.588 [info] Extension host with pid 2154 started
2026-01-09 15:21:17.588 [error] Error: EEXIST: file already exists, open '/home/palantir/.antigravity-server/data/User/workspaceStorage/af088db0ca468070abeb4132d5cbcc80/vscode.lock'
2026-01-09 15:21:17.592 [error] SyntaxError: Unexpected end of JSON input
    at JSON.parse (<anonymous>)
    at qP (file:///home/palantir/.antigravity-server/bin/94f91bc110994badc7c086033db813077a5226af/out/vs/workbench/api/node/extensionHostProcess.js:250:6326)
    at async iG (file:///home/palantir/.antigravity-server/bin/94f91bc110994badc7c086033db813077a5226af/out/vs/workbench/api/node/extensionHostProcess.js:250:5960)
    at async gfe.g (file:///home/palantir/.antigravity-server/bin/94f91bc110994badc7c086033db813077a5226af/out/vs/workbench/api/node/extensionHostProcess.js:250:4816)
    at async gfe.h (file:///home/palantir/.antigravity-server/bin/94f91bc110994badc7c086033db813077a5226af/out/vs/workbench/api/node/extensionHostProcess.js:113:20929)
2026-01-09 15:21:17.592 [info] Lock '/home/palantir/.antigravity-server/data/User/workspaceStorage/af088db0ca468070abeb4132d5cbcc80/vscode.lock': Could not acquire lock, checking if the file is stale.
2026-01-09 15:21:17.598 [error] SyntaxError: Unexpected end of JSON input
    at JSON.parse (<anonymous>)
    at qP (file:///home/palantir/.antigravity-server/bin/94f91bc110994badc7c086033db813077a5226af/out/vs/workbench/api/node/extensionHostProcess.js:250:6326)
    at async bfe (file:///home/palantir/.antigravity-server/bin/94f91bc110994badc7c086033db813077a5226af/out/vs/workbench/api/node/extensionHostProcess.js:250:6587)
    at async gfe.g (file:///home/palantir/.antigravity-server/bin/94f91bc110994badc7c086033db813077a5226af/out/vs/workbench/api/node/extensionHostProcess.js:250:4816)
    at async gfe.h (file:///home/palantir/.antigravity-server/bin/94f91bc110994badc7c086033db813077a5226af/out/vs/workbench/api/node/extensionHostProcess.js:113:20929)
2026-01-09 15:21:17.598 [info] Lock '/home/palantir/.antigravity-server/data/User/workspaceStorage/af088db0ca468070abeb4132d5cbcc80/vscode.lock': Could not read pid of lock holder.
2026-01-09 15:21:17.598 [info] Lock '/home/palantir/.antigravity-server/data/User/workspaceStorage/af088db0ca468070abeb4132d5cbcc80/vscode.lock': Deleting a stale lock.
2026-01-09 15:21:17.615 [info] Lock '/home/palantir/.antigravity-server/data/User/workspaceStorage/af088db0ca468070abeb4132d5cbcc80/vscode.lock': Lock acquired.
2026-01-09 15:21:17.785 [info] ExtensionService#_doActivateExtension vscode.git-base, startup: false, activationEvent: '*', root cause: google.antigravity
2026-01-09 15:21:17.786 [info] ExtensionService#_doActivateExtension vscode.tunnel-forwarding, startup: false, activationEvent: 'onTunnel'
2026-01-09 15:21:17.786 [info] ExtensionService#_doActivateExtension vscode.emmet, startup: false, activationEvent: 'onLanguage'
2026-01-09 15:21:17.839 [info] ExtensionService#_doActivateExtension vscode.git, startup: false, activationEvent: '*', root cause: google.antigravity
2026-01-09 15:21:17.839 [info] ExtensionService#_doActivateExtension vscode.github, startup: false, activationEvent: '*'
2026-01-09 15:21:17.940 [info] ExtensionService#_doActivateExtension google.antigravity, startup: false, activationEvent: '*'
2026-01-09 15:21:19.044 [info] ExtensionService#_doActivateExtension vscode.terminal-suggest, startup: false, activationEvent: 'onTerminalShellIntegration:*'
2026-01-09 15:21:19.766 [warning] [Decorations] CAPPING events from decorations provider vscode.git 7186
2026-01-09 15:21:28.788 [info] ExtensionService#_doActivateExtension vscode.debug-auto-launch, startup: false, activationEvent: 'onStartupFinished'
2026-01-09 15:21:28.789 [info] ExtensionService#_doActivateExtension vscode.merge-conflict, startup: false, activationEvent: 'onStartupFinished'
2026-01-09 15:21:31.632 [info] Eager extensions activated
2026-01-09 15:21:31.793 [info] ExtensionService#_doActivateExtension vscode.configuration-editing, startup: false, activationEvent: 'onLanguage:json'
2026-01-09 15:21:31.793 [info] ExtensionService#_doActivateExtension vscode.extension-editing, startup: false, activationEvent: 'onLanguage:json'
2026-01-09 15:21:31.793 [info] ExtensionService#_doActivateExtension vscode.json-language-features, startup: false, activationEvent: 'onLanguage:json'
2026-01-09 15:21:31.793 [info] ExtensionService#_doActivateExtension vscode.npm, startup: false, activationEvent: 'onLanguage:json'
2026-01-09 15:24:28.760 [warning] [Decorations] CAPPING events from decorations provider vscode.git 7187
2026-01-09 15:27:40.325 [warning] [Decorations] CAPPING events from decorations provider vscode.git 7176
2026-01-09 15:30:50.848 [warning] [Decorations] CAPPING events from decorations provider vscode.git 7176
2026-01-09 15:33:27.454 [warning] [Decorations] CAPPING events from decorations provider vscode.git 7177
2026-01-09 15:34:03.539 [warning] [Decorations] CAPPING events from decorations provider vscode.git 7177
2026-01-09 15:37:16.817 [warning] [Decorations] CAPPING events from decorations provider vscode.git 7177
2026-01-09 15:40:30.287 [warning] [Decorations] CAPPING events from decorations provider vscode.git 7177
2026-01-09 15:43:42.291 [warning] [Decorations] CAPPING events from decorations provider vscode.git 7177
2026-01-09 15:46:52.560 [warning] [Decorations] CAPPING events from decorations provider vscode.git 7177
2026-01-09 15:47:55.161 [warning] [Decorations] CAPPING events from decorations provider vscode.git 7218
2026-01-09 15:48:22.654 [info] ExtensionService#_doActivateExtension vscode.markdown-language-features, startup: false, activationEvent: 'onLanguage:markdown'
2026-01-09 15:50:05.437 [warning] [Decorations] CAPPING events from decorations provider vscode.git 7237
2026-01-09 15:53:18.896 [warning] [Decorations] CAPPING events from decorations provider vscode.git 7751
2026-01-09 15:56:32.105 [warning] [Decorations] CAPPING events from decorations provider vscode.git 7749
2026-01-09 16:05:10.082 [warning] [Decorations] CAPPING events from decorations provider vscode.git 7749
2026-01-09 16:08:11.075 [warning] [Decorations] CAPPING events from decorations provider vscode.git 7750
2026-01-09 16:11:23.397 [warning] [Decorations] CAPPING events from decorations provider vscode.git 7751
2026-01-09 16:14:39.411 [warning] [Decorations] CAPPING events from decorations provider vscode.git 7754
2026-01-09 16:15:13.021 [info] Extension host terminating: received terminate message from renderer
2026-01-09 16:15:13.022 [info] Lock '/home/palantir/.antigravity-server/data/User/workspaceStorage/af088db0ca468070abeb4132d5cbcc80/vscode.lock': Marking the lockfile as scheduled to be released in 6000 ms.
