2026-01-09 16:35:04.480 [info] [main] Log level: Info
2026-01-09 16:35:04.480 [info] [main] Validating found git in: "git"
2026-01-09 16:35:04.480 [info] [main] Using git "2.43.0" from "git"
2026-01-09 16:35:04.480 [info] [Model][doInitialScan] Initial repository scan started
2026-01-09 16:35:04.480 [info] > git rev-parse --show-toplevel [3ms]
2026-01-09 16:35:04.480 [info] > git rev-parse --git-dir --git-common-dir --show-superproject-working-tree [14ms]
2026-01-09 16:35:04.480 [info] [Model][openRepository] Opened repository (path): /home/palantir
2026-01-09 16:35:04.480 [info] [Model][openRepository] Opened repository (real path): /home/palantir
2026-01-09 16:35:04.480 [info] [Model][openRepository] Opened repository (kind): repository
2026-01-09 16:35:04.491 [info] > git config --get commit.template [7ms]
2026-01-09 16:35:04.500 [info] > git for-each-ref --format=%(refname)%00%(upstream:short)%00%(objectname)%00%(upstream:track)%00%(upstream:remotename)%00%(upstream:remoteref) refs/heads/master refs/remotes/master [4ms]
2026-01-09 16:35:04.509 [info] > git for-each-ref --sort -committerdate --format %(refname)%00%(objectname)%00%(*objectname) [3ms]
2026-01-09 16:35:04.510 [info] > git rev-parse --show-toplevel [1ms]
2026-01-09 16:35:04.515 [info] > git rev-parse --show-toplevel [1ms]
2026-01-09 16:35:04.520 [info] > git rev-parse --show-toplevel [1ms]
2026-01-09 16:35:04.524 [info] > git rev-parse --show-toplevel [0ms]
2026-01-09 16:35:04.527 [info] > git rev-parse --show-toplevel [1ms]
2026-01-09 16:35:04.529 [info] > git rev-parse --show-toplevel [0ms]
2026-01-09 16:35:04.534 [info] > git rev-parse --show-toplevel [1ms]
2026-01-09 16:35:04.537 [info] > git rev-parse --show-toplevel [0ms]
2026-01-09 16:35:04.541 [info] > git rev-parse --show-toplevel [0ms]
2026-01-09 16:35:04.545 [info] > git rev-parse --show-toplevel [1ms]
2026-01-09 16:35:04.548 [info] > git rev-parse --show-toplevel [1ms]
2026-01-09 16:35:04.551 [info] > git rev-parse --show-toplevel [1ms]
2026-01-09 16:35:04.557 [info] > git rev-parse --git-dir --git-common-dir --show-superproject-working-tree [4ms]
2026-01-09 16:35:04.561 [info] [Model][openRepository] Opened repository (path): /home/palantir/.nvm
2026-01-09 16:35:04.561 [info] [Model][openRepository] Opened repository (real path): /home/palantir/.nvm
2026-01-09 16:35:04.561 [info] [Model][openRepository] Opened repository (kind): repository
2026-01-09 16:35:04.567 [info] > git config --get commit.template [3ms]
2026-01-09 16:35:04.567 [info] > git rev-parse --show-toplevel [2ms]
2026-01-09 16:35:04.573 [info] > git rev-parse --show-toplevel [1ms]
2026-01-09 16:35:04.574 [info] > git for-each-ref --format %(refname)%00%(objectname)%00%(*objectname) refs/tags [4ms]
2026-01-09 16:35:04.581 [info] > git for-each-ref --sort -committerdate --format %(refname)%00%(objectname)%00%(*objectname) [3ms]
2026-01-09 16:35:04.582 [info] > git rev-parse --show-toplevel [1ms]
2026-01-09 16:35:04.585 [info] > git rev-parse --show-toplevel [1ms]
2026-01-09 16:35:04.589 [info] > git rev-parse --show-toplevel [2ms]
2026-01-09 16:35:04.594 [info] > git rev-parse --git-dir --git-common-dir --show-superproject-working-tree [2ms]
2026-01-09 16:35:04.599 [info] [Model][openRepository] Opened repository (path): /home/palantir/hwpx
2026-01-09 16:35:04.599 [info] [Model][openRepository] Opened repository (real path): /home/palantir/hwpx
2026-01-09 16:35:04.599 [info] [Model][openRepository] Opened repository (kind): repository
2026-01-09 16:35:04.607 [info] > git rev-parse --show-toplevel [1ms]
2026-01-09 16:35:04.607 [info] > git config --get commit.template [5ms]
2026-01-09 16:35:04.614 [info] > git rev-parse --show-toplevel [4ms]
2026-01-09 16:35:04.619 [info] [Model][doInitialScan] Initial repository scan completed - repositories (3), closed repositories (0), parent repositories (0), unsafe repositories (0)
2026-01-09 16:35:04.621 [info] > git status -z -uall [45ms]
2026-01-09 16:35:04.621 [info] > git for-each-ref --format=%(refname)%00%(upstream:short)%00%(objectname)%00%(upstream:track)%00%(upstream:remotename)%00%(upstream:remoteref) refs/heads/hwpx refs/remotes/hwpx [8ms]
2026-01-09 16:35:04.658 [info] > git config --get commit.template [7ms]
2026-01-09 16:35:04.669 [info] > git for-each-ref --format %(refname)%00%(objectname)%00%(*objectname) refs/tags [2ms]
2026-01-09 16:35:04.674 [info] > git for-each-ref --sort -committerdate --format %(refname)%00%(objectname)%00%(*objectname) [11ms]
2026-01-09 16:35:04.676 [info] > git status -z -uall [15ms]
2026-01-09 16:35:04.676 [info] > git for-each-ref --sort -committerdate --format %(refname)%00%(objectname)%00%(*objectname) [2ms]
2026-01-09 16:35:04.690 [info] > git status -z -uall [18ms]
2026-01-09 16:35:04.690 [info] > git for-each-ref --format=%(refname)%00%(upstream:short)%00%(objectname)%00%(upstream:track)%00%(upstream:remotename)%00%(upstream:remoteref) refs/heads/hwpx refs/remotes/hwpx [6ms]
2026-01-09 16:35:04.696 [info] > git config --get --local branch.hwpx.vscode-merge-base [3ms]
2026-01-09 16:35:04.700 [info] > git config --get commit.template [11ms]
2026-01-09 16:35:04.708 [info] > git for-each-ref --format=%(refname)%00%(upstream:short)%00%(objectname)%00%(upstream:track)%00%(upstream:remotename)%00%(upstream:remoteref) refs/heads/origin/main refs/remotes/origin/main [8ms]
2026-01-09 16:35:04.717 [info] > git merge-base refs/heads/hwpx refs/remotes/origin/hwpx [6ms]
2026-01-09 16:35:04.721 [info] > git for-each-ref --format=%(refname)%00%(upstream:short)%00%(objectname)%00%(upstream:track)%00%(upstream:remotename)%00%(upstream:remoteref) refs/heads/hwpx refs/remotes/hwpx [5ms]
2026-01-09 16:35:04.722 [info] > git diff --name-status -z --diff-filter=ADMR 014888d6f6849d574a1167a6f77101d64926fcf1...refs/remotes/origin/hwpx [2ms]
2026-01-09 16:35:04.727 [info] > git status -z -uall [2ms]
2026-01-09 16:35:04.728 [info] > git for-each-ref --sort -committerdate --format %(refname)%00%(objectname)%00%(*objectname) [2ms]
2026-01-09 16:35:05.203 [info] > git rev-parse --show-toplevel [3ms]
2026-01-09 16:35:05.214 [info] > git status -z -uall [711ms]
2026-01-09 16:35:05.300 [info] > git for-each-ref --format=%(refname)%00%(upstream:short)%00%(objectname)%00%(upstream:track)%00%(upstream:remotename)%00%(upstream:remoteref) refs/heads/master refs/remotes/master [49ms]
2026-01-09 16:35:05.302 [info] > git fetch [741ms]
2026-01-09 16:35:05.303 [info] > git fetch [826ms]
2026-01-09 16:35:05.304 [info] > git fetch [705ms]
2026-01-09 16:35:05.304 [info] Missing or invalid credentials.
Skip silent fetch commands
Missing or invalid credentials.
Skip silent fetch commands
remote: Repository not found.
fatal: Authentication failed for 'https://github.com/park-kyungchan/hwpx-automation/'
2026-01-09 16:35:05.312 [info] > git config --get --local branch.master.vscode-merge-base [10ms]
2026-01-09 16:35:05.312 [warning] [Git][config] git config failed: Failed to execute git
2026-01-09 16:35:05.314 [info] > git config --get commit.template [15ms]
2026-01-09 16:35:05.315 [info] > git config --get commit.template [5ms]
2026-01-09 16:35:05.315 [info] > git config --get commit.template [7ms]
2026-01-09 16:35:05.315 [info] > git config --get commit.template [9ms]
2026-01-09 16:35:05.317 [info] > git reflog master --grep-reflog=branch: Created from *. [3ms]
2026-01-09 16:35:05.326 [info] > git for-each-ref --format=%(refname)%00%(upstream:short)%00%(objectname)%00%(upstream:track)%00%(upstream:remotename)%00%(upstream:remoteref) refs/heads/master refs/remotes/master [9ms]
2026-01-09 16:35:05.853 [info] > git for-each-ref --format=%(refname)%00%(upstream:short)%00%(objectname)%00%(upstream:track)%00%(upstream:remotename)%00%(upstream:remoteref) refs/heads/hwpx refs/remotes/hwpx [527ms]
2026-01-09 16:35:05.853 [info] > git for-each-ref --format=%(refname)%00%(upstream:short)%00%(objectname)%00%(upstream:track)%00%(upstream:remotename)%00%(upstream:remoteref) refs/heads/master refs/remotes/master [530ms]
2026-01-09 16:35:05.853 [info] > git for-each-ref --format %(refname)%00%(objectname)%00%(*objectname) refs/tags [532ms]
2026-01-09 16:35:05.858 [info] > git symbolic-ref --short refs/remotes/origin/HEAD [539ms]
2026-01-09 16:35:05.858 [info] fatal: ref refs/remotes/origin/HEAD is not a symbolic ref
2026-01-09 16:35:05.858 [warning] [Repository][getDefaultBranch] Failed to get default branch details: Failed to execute git.
2026-01-09 16:35:05.880 [info] > git status -z -uall [25ms]
2026-01-09 16:35:05.880 [info] > git check-ignore -v -z --stdin [16ms]
2026-01-09 16:35:05.881 [info] > git check-ignore -v -z --stdin [15ms]
2026-01-09 16:35:05.881 [info] > git merge-base refs/heads/master refs/remotes/origin/master [20ms]
2026-01-09 16:35:05.882 [info] > git for-each-ref --sort -committerdate --format %(refname)%00%(objectname)%00%(*objectname) [24ms]
2026-01-09 16:35:05.896 [info] > git status -z -uall [8ms]
2026-01-09 16:35:05.896 [info] > git for-each-ref --sort -committerdate --format %(refname)%00%(objectname)%00%(*objectname) [6ms]
2026-01-09 16:35:05.899 [info] > git for-each-ref --sort -committerdate --format %(refname)%00%(objectname)%00%(*objectname) [4ms]
2026-01-09 16:35:05.942 [info] > git status -z -uall [49ms]
2026-01-09 16:35:06.748 [info] > git rev-parse --show-toplevel [117ms]
2026-01-09 16:35:07.442 [info] > git check-ignore -v -z --stdin [8ms]
2026-01-09 16:35:07.442 [info] > git check-ignore -v -z --stdin [6ms]
2026-01-09 16:35:07.442 [info] > git check-ignore -v -z --stdin [4ms]
2026-01-09 16:35:08.088 [info] > git check-ignore -v -z --stdin [1ms]
2026-01-09 16:35:09.244 [info] > git check-ignore -v -z --stdin [1ms]
2026-01-09 16:35:12.345 [info] > git check-ignore -v -z --stdin [1ms]
2026-01-09 16:35:14.154 [info] > git config --get commit.template [8ms]
2026-01-09 16:35:14.183 [info] > git for-each-ref --format=%(refname)%00%(upstream:short)%00%(objectname)%00%(upstream:track)%00%(upstream:remotename)%00%(upstream:remoteref) refs/heads/master refs/remotes/master [26ms]
2026-01-09 16:35:14.223 [info] > git for-each-ref --sort -committerdate --format %(refname)%00%(objectname)%00%(*objectname) [3ms]
2026-01-09 16:35:14.284 [info] > git status -z -uall [71ms]
2026-01-09 16:35:20.089 [info] > git config --get commit.template [3ms]
2026-01-09 16:35:20.090 [info] > git for-each-ref --format=%(refname)%00%(upstream:short)%00%(objectname)%00%(upstream:track)%00%(upstream:remotename)%00%(upstream:remoteref) refs/heads/master refs/remotes/master [1ms]
2026-01-09 16:35:20.097 [info] > git for-each-ref --sort -committerdate --format %(refname)%00%(objectname)%00%(*objectname) [1ms]
2026-01-09 16:35:20.132 [info] > git status -z -uall [39ms]
2026-01-09 16:35:25.168 [info] > git config --get commit.template [1ms]
2026-01-09 16:35:25.173 [info] > git for-each-ref --format=%(refname)%00%(upstream:short)%00%(objectname)%00%(upstream:track)%00%(upstream:remotename)%00%(upstream:remoteref) refs/heads/master refs/remotes/master [2ms]
2026-01-09 16:35:25.178 [info] > git for-each-ref --sort -committerdate --format %(refname)%00%(objectname)%00%(*objectname) [1ms]
2026-01-09 16:35:25.227 [info] > git status -z -uall [52ms]
2026-01-09 16:35:32.941 [info] > git config --get commit.template [0ms]
2026-01-09 16:35:32.945 [info] > git for-each-ref --format=%(refname)%00%(upstream:short)%00%(objectname)%00%(upstream:track)%00%(upstream:remotename)%00%(upstream:remoteref) refs/heads/master refs/remotes/master [1ms]
2026-01-09 16:35:32.950 [info] > git for-each-ref --sort -committerdate --format %(refname)%00%(objectname)%00%(*objectname) [1ms]
2026-01-09 16:35:32.985 [info] > git status -z -uall [38ms]
2026-01-09 16:35:38.018 [info] > git config --get commit.template [3ms]
2026-01-09 16:35:38.019 [info] > git for-each-ref --format=%(refname)%00%(upstream:short)%00%(objectname)%00%(upstream:track)%00%(upstream:remotename)%00%(upstream:remoteref) refs/heads/master refs/remotes/master [2ms]
2026-01-09 16:35:38.025 [info] > git for-each-ref --sort -committerdate --format %(refname)%00%(objectname)%00%(*objectname) [1ms]
2026-01-09 16:35:38.057 [info] > git status -z -uall [36ms]
2026-01-09 16:35:43.087 [info] > git config --get commit.template [4ms]
2026-01-09 16:35:43.088 [info] > git for-each-ref --format=%(refname)%00%(upstream:short)%00%(objectname)%00%(upstream:track)%00%(upstream:remotename)%00%(upstream:remoteref) refs/heads/master refs/remotes/master [1ms]
2026-01-09 16:35:43.094 [info] > git for-each-ref --sort -committerdate --format %(refname)%00%(objectname)%00%(*objectname) [1ms]
2026-01-09 16:35:43.127 [info] > git status -z -uall [37ms]
2026-01-09 16:35:47.935 [info] > git check-ignore -v -z --stdin [1ms]
2026-01-09 16:35:48.161 [info] > git config --get commit.template [3ms]
2026-01-09 16:35:48.163 [info] > git for-each-ref --format=%(refname)%00%(upstream:short)%00%(objectname)%00%(upstream:track)%00%(upstream:remotename)%00%(upstream:remoteref) refs/heads/master refs/remotes/master [2ms]
2026-01-09 16:35:48.169 [info] > git for-each-ref --sort -committerdate --format %(refname)%00%(objectname)%00%(*objectname) [2ms]
2026-01-09 16:35:48.202 [info] > git status -z -uall [37ms]
2026-01-09 16:35:53.233 [info] > git config --get commit.template [1ms]
2026-01-09 16:35:53.237 [info] > git for-each-ref --format=%(refname)%00%(upstream:short)%00%(objectname)%00%(upstream:track)%00%(upstream:remotename)%00%(upstream:remoteref) refs/heads/master refs/remotes/master [1ms]
2026-01-09 16:35:53.242 [info] > git for-each-ref --sort -committerdate --format %(refname)%00%(objectname)%00%(*objectname) [1ms]
2026-01-09 16:35:53.274 [info] > git status -z -uall [35ms]
2026-01-09 16:35:58.308 [info] > git config --get commit.template [3ms]
2026-01-09 16:35:58.310 [info] > git for-each-ref --format=%(refname)%00%(upstream:short)%00%(objectname)%00%(upstream:track)%00%(upstream:remotename)%00%(upstream:remoteref) refs/heads/master refs/remotes/master [2ms]
2026-01-09 16:35:58.316 [info] > git for-each-ref --sort -committerdate --format %(refname)%00%(objectname)%00%(*objectname) [1ms]
2026-01-09 16:35:58.353 [info] > git status -z -uall [40ms]
2026-01-09 16:36:06.063 [info] > git config --get commit.template [4ms]
2026-01-09 16:36:06.064 [info] > git for-each-ref --format=%(refname)%00%(upstream:short)%00%(objectname)%00%(upstream:track)%00%(upstream:remotename)%00%(upstream:remoteref) refs/heads/master refs/remotes/master [1ms]
2026-01-09 16:36:06.069 [info] > git for-each-ref --sort -committerdate --format %(refname)%00%(objectname)%00%(*objectname) [1ms]
2026-01-09 16:36:06.103 [info] > git status -z -uall [37ms]
2026-01-09 16:36:11.130 [info] > git config --get commit.template [1ms]
2026-01-09 16:36:11.134 [info] > git for-each-ref --format=%(refname)%00%(upstream:short)%00%(objectname)%00%(upstream:track)%00%(upstream:remotename)%00%(upstream:remoteref) refs/heads/master refs/remotes/master [2ms]
2026-01-09 16:36:11.140 [info] > git for-each-ref --sort -committerdate --format %(refname)%00%(objectname)%00%(*objectname) [1ms]
2026-01-09 16:36:11.176 [info] > git status -z -uall [39ms]
2026-01-09 16:36:16.211 [info] > git config --get commit.template [4ms]
2026-01-09 16:36:16.212 [info] > git for-each-ref --format=%(refname)%00%(upstream:short)%00%(objectname)%00%(upstream:track)%00%(upstream:remotename)%00%(upstream:remoteref) refs/heads/master refs/remotes/master [1ms]
2026-01-09 16:36:16.219 [info] > git for-each-ref --sort -committerdate --format %(refname)%00%(objectname)%00%(*objectname) [1ms]
2026-01-09 16:36:16.251 [info] > git status -z -uall [36ms]
2026-01-09 16:36:21.281 [info] > git config --get commit.template [1ms]
2026-01-09 16:36:21.285 [info] > git for-each-ref --format=%(refname)%00%(upstream:short)%00%(objectname)%00%(upstream:track)%00%(upstream:remotename)%00%(upstream:remoteref) refs/heads/master refs/remotes/master [1ms]
2026-01-09 16:36:21.291 [info] > git for-each-ref --sort -committerdate --format %(refname)%00%(objectname)%00%(*objectname) [1ms]
2026-01-09 16:36:21.322 [info] > git status -z -uall [35ms]
2026-01-09 16:36:26.353 [info] > git config --get commit.template [4ms]
2026-01-09 16:36:26.353 [info] > git for-each-ref --format=%(refname)%00%(upstream:short)%00%(objectname)%00%(upstream:track)%00%(upstream:remotename)%00%(upstream:remoteref) refs/heads/master refs/remotes/master [1ms]
2026-01-09 16:36:26.360 [info] > git for-each-ref --sort -committerdate --format %(refname)%00%(objectname)%00%(*objectname) [1ms]
2026-01-09 16:36:26.391 [info] > git status -z -uall [34ms]
2026-01-09 16:36:31.419 [info] > git config --get commit.template [1ms]
2026-01-09 16:36:31.422 [info] > git for-each-ref --format=%(refname)%00%(upstream:short)%00%(objectname)%00%(upstream:track)%00%(upstream:remotename)%00%(upstream:remoteref) refs/heads/master refs/remotes/master [1ms]
2026-01-09 16:36:31.428 [info] > git for-each-ref --sort -committerdate --format %(refname)%00%(objectname)%00%(*objectname) [1ms]
2026-01-09 16:36:31.459 [info] > git status -z -uall [34ms]
2026-01-09 16:36:36.490 [info] > git config --get commit.template [3ms]
2026-01-09 16:36:36.491 [info] > git for-each-ref --format=%(refname)%00%(upstream:short)%00%(objectname)%00%(upstream:track)%00%(upstream:remotename)%00%(upstream:remoteref) refs/heads/master refs/remotes/master [2ms]
2026-01-09 16:36:36.498 [info] > git for-each-ref --sort -committerdate --format %(refname)%00%(objectname)%00%(*objectname) [1ms]
2026-01-09 16:36:36.533 [info] > git status -z -uall [40ms]
2026-01-09 16:36:43.920 [info] > git config --get commit.template [1ms]
2026-01-09 16:36:43.926 [info] > git for-each-ref --format=%(refname)%00%(upstream:short)%00%(objectname)%00%(upstream:track)%00%(upstream:remotename)%00%(upstream:remoteref) refs/heads/master refs/remotes/master [1ms]
2026-01-09 16:36:43.934 [info] > git for-each-ref --sort -committerdate --format %(refname)%00%(objectname)%00%(*objectname) [1ms]
2026-01-09 16:36:43.965 [info] > git status -z -uall [37ms]
2026-01-09 16:36:48.995 [info] > git config --get commit.template [1ms]
2026-01-09 16:36:48.999 [info] > git for-each-ref --format=%(refname)%00%(upstream:short)%00%(objectname)%00%(upstream:track)%00%(upstream:remotename)%00%(upstream:remoteref) refs/heads/master refs/remotes/master [1ms]
2026-01-09 16:36:49.006 [info] > git for-each-ref --sort -committerdate --format %(refname)%00%(objectname)%00%(*objectname) [1ms]
2026-01-09 16:36:49.038 [info] > git status -z -uall [35ms]
2026-01-09 16:36:54.071 [info] > git config --get commit.template [3ms]
2026-01-09 16:36:54.072 [info] > git for-each-ref --format=%(refname)%00%(upstream:short)%00%(objectname)%00%(upstream:track)%00%(upstream:remotename)%00%(upstream:remoteref) refs/heads/master refs/remotes/master [1ms]
2026-01-09 16:36:54.078 [info] > git for-each-ref --sort -committerdate --format %(refname)%00%(objectname)%00%(*objectname) [1ms]
2026-01-09 16:36:54.111 [info] > git status -z -uall [36ms]
2026-01-09 16:36:59.146 [info] > git config --get commit.template [5ms]
2026-01-09 16:36:59.147 [info] > git for-each-ref --format=%(refname)%00%(upstream:short)%00%(objectname)%00%(upstream:track)%00%(upstream:remotename)%00%(upstream:remoteref) refs/heads/master refs/remotes/master [1ms]
2026-01-09 16:36:59.153 [info] > git for-each-ref --sort -committerdate --format %(refname)%00%(objectname)%00%(*objectname) [1ms]
2026-01-09 16:36:59.186 [info] > git status -z -uall [36ms]
2026-01-09 16:37:05.776 [info] > git config --get commit.template [4ms]
2026-01-09 16:37:05.777 [info] > git for-each-ref --format=%(refname)%00%(upstream:short)%00%(objectname)%00%(upstream:track)%00%(upstream:remotename)%00%(upstream:remoteref) refs/heads/master refs/remotes/master [2ms]
2026-01-09 16:37:05.783 [info] > git for-each-ref --sort -committerdate --format %(refname)%00%(objectname)%00%(*objectname) [1ms]
2026-01-09 16:37:05.813 [info] > git status -z -uall [34ms]
2026-01-09 16:37:10.843 [info] > git config --get commit.template [1ms]
2026-01-09 16:37:10.848 [info] > git for-each-ref --format=%(refname)%00%(upstream:short)%00%(objectname)%00%(upstream:track)%00%(upstream:remotename)%00%(upstream:remoteref) refs/heads/master refs/remotes/master [2ms]
2026-01-09 16:37:10.854 [info] > git for-each-ref --sort -committerdate --format %(refname)%00%(objectname)%00%(*objectname) [1ms]
2026-01-09 16:37:10.887 [info] > git status -z -uall [36ms]
2026-01-09 16:37:18.595 [info] > git config --get commit.template [0ms]
2026-01-09 16:37:18.600 [info] > git for-each-ref --format=%(refname)%00%(upstream:short)%00%(objectname)%00%(upstream:track)%00%(upstream:remotename)%00%(upstream:remoteref) refs/heads/master refs/remotes/master [1ms]
2026-01-09 16:37:18.607 [info] > git for-each-ref --sort -committerdate --format %(refname)%00%(objectname)%00%(*objectname) [1ms]
2026-01-09 16:37:18.644 [info] > git status -z -uall [41ms]
