2026-01-08 13:25:43.345 [info] Extension host with pid 1678 started
2026-01-08 13:25:43.345 [error] Error: EEXIST: file already exists, open '/home/palantir/.antigravity-server/data/User/workspaceStorage/af088db0ca468070abeb4132d5cbcc80/vscode.lock'
2026-01-08 13:25:43.348 [error] SyntaxError: Unexpected end of JSON input
    at JSON.parse (<anonymous>)
    at qP (file:///home/palantir/.antigravity-server/bin/94f91bc110994badc7c086033db813077a5226af/out/vs/workbench/api/node/extensionHostProcess.js:250:6326)
    at async iG (file:///home/palantir/.antigravity-server/bin/94f91bc110994badc7c086033db813077a5226af/out/vs/workbench/api/node/extensionHostProcess.js:250:5960)
    at async gfe.g (file:///home/palantir/.antigravity-server/bin/94f91bc110994badc7c086033db813077a5226af/out/vs/workbench/api/node/extensionHostProcess.js:250:4816)
    at async gfe.h (file:///home/palantir/.antigravity-server/bin/94f91bc110994badc7c086033db813077a5226af/out/vs/workbench/api/node/extensionHostProcess.js:113:20929)
2026-01-08 13:25:43.348 [info] Lock '/home/palantir/.antigravity-server/data/User/workspaceStorage/af088db0ca468070abeb4132d5cbcc80/vscode.lock': Could not acquire lock, checking if the file is stale.
2026-01-08 13:25:43.349 [error] SyntaxError: Unexpected end of JSON input
    at JSON.parse (<anonymous>)
    at qP (file:///home/palantir/.antigravity-server/bin/94f91bc110994badc7c086033db813077a5226af/out/vs/workbench/api/node/extensionHostProcess.js:250:6326)
    at async bfe (file:///home/palantir/.antigravity-server/bin/94f91bc110994badc7c086033db813077a5226af/out/vs/workbench/api/node/extensionHostProcess.js:250:6587)
    at async gfe.g (file:///home/palantir/.antigravity-server/bin/94f91bc110994badc7c086033db813077a5226af/out/vs/workbench/api/node/extensionHostProcess.js:250:4816)
    at async gfe.h (file:///home/palantir/.antigravity-server/bin/94f91bc110994badc7c086033db813077a5226af/out/vs/workbench/api/node/extensionHostProcess.js:113:20929)
2026-01-08 13:25:43.349 [info] Lock '/home/palantir/.antigravity-server/data/User/workspaceStorage/af088db0ca468070abeb4132d5cbcc80/vscode.lock': Could not read pid of lock holder.
2026-01-08 13:25:43.349 [info] Lock '/home/palantir/.antigravity-server/data/User/workspaceStorage/af088db0ca468070abeb4132d5cbcc80/vscode.lock': Deleting a stale lock.
2026-01-08 13:25:43.360 [info] Lock '/home/palantir/.antigravity-server/data/User/workspaceStorage/af088db0ca468070abeb4132d5cbcc80/vscode.lock': Lock acquired.
2026-01-08 13:25:43.465 [info] ExtensionService#_doActivateExtension vscode.git-base, startup: false, activationEvent: '*', root cause: google.antigravity
2026-01-08 13:25:43.466 [info] ExtensionService#_doActivateExtension vscode.tunnel-forwarding, startup: false, activationEvent: 'onTunnel'
2026-01-08 13:25:43.466 [info] ExtensionService#_doActivateExtension vscode.emmet, startup: false, activationEvent: 'onLanguage'
2026-01-08 13:25:43.578 [info] ExtensionService#_doActivateExtension vscode.git, startup: false, activationEvent: '*', root cause: google.antigravity
2026-01-08 13:25:43.579 [info] ExtensionService#_doActivateExtension vscode.github, startup: false, activationEvent: '*'
2026-01-08 13:25:43.673 [info] ExtensionService#_doActivateExtension google.antigravity, startup: false, activationEvent: '*'
2026-01-08 13:25:44.454 [warning] [Decorations] CAPPING events from decorations provider vscode.git 7032
2026-01-08 13:25:45.031 [info] ExtensionService#_doActivateExtension vscode.terminal-suggest, startup: false, activationEvent: 'onTerminalShellIntegration:*'
2026-01-08 13:25:45.204 [warning] [Decorations] CAPPING events from decorations provider vscode.git 7032
2026-01-08 13:25:52.955 [warning] [Decorations] CAPPING events from decorations provider vscode.git 7032
2026-01-08 13:25:54.468 [info] ExtensionService#_doActivateExtension vscode.debug-auto-launch, startup: false, activationEvent: 'onStartupFinished'
2026-01-08 13:25:54.469 [info] ExtensionService#_doActivateExtension vscode.merge-conflict, startup: false, activationEvent: 'onStartupFinished'
2026-01-08 13:25:54.570 [info] Eager extensions activated
2026-01-08 13:25:54.683 [info] ExtensionService#_doActivateExtension vscode.configuration-editing, startup: false, activationEvent: 'onLanguage:json'
2026-01-08 13:25:54.684 [info] ExtensionService#_doActivateExtension vscode.extension-editing, startup: false, activationEvent: 'onLanguage:json'
2026-01-08 13:25:54.684 [info] ExtensionService#_doActivateExtension vscode.json-language-features, startup: false, activationEvent: 'onLanguage:json'
2026-01-08 13:25:54.684 [info] ExtensionService#_doActivateExtension vscode.npm, startup: false, activationEvent: 'onLanguage:json'
2026-01-08 13:25:58.025 [warning] [Decorations] CAPPING events from decorations provider vscode.git 7033
2026-01-08 13:26:03.090 [warning] [Decorations] CAPPING events from decorations provider vscode.git 7033
2026-01-08 13:26:08.162 [warning] [Decorations] CAPPING events from decorations provider vscode.git 7033
2026-01-08 13:26:13.227 [warning] [Decorations] CAPPING events from decorations provider vscode.git 7033
2026-01-08 13:26:18.297 [warning] [Decorations] CAPPING events from decorations provider vscode.git 7033
2026-01-08 13:26:23.363 [warning] [Decorations] CAPPING events from decorations provider vscode.git 7033
2026-01-08 13:26:32.965 [warning] [Decorations] CAPPING events from decorations provider vscode.git 7033
2026-01-08 13:26:38.035 [warning] [Decorations] CAPPING events from decorations provider vscode.git 7033
2026-01-08 13:26:43.105 [warning] [Decorations] CAPPING events from decorations provider vscode.git 7033
2026-01-08 13:26:48.173 [warning] [Decorations] CAPPING events from decorations provider vscode.git 7033
2026-01-08 13:26:53.241 [warning] [Decorations] CAPPING events from decorations provider vscode.git 7033
2026-01-08 13:26:58.305 [warning] [Decorations] CAPPING events from decorations provider vscode.git 7033
2026-01-08 13:27:03.375 [warning] [Decorations] CAPPING events from decorations provider vscode.git 7033
2026-01-08 13:27:08.445 [warning] [Decorations] CAPPING events from decorations provider vscode.git 7033
2026-01-08 13:27:13.520 [warning] [Decorations] CAPPING events from decorations provider vscode.git 7033
2026-01-08 13:27:18.588 [warning] [Decorations] CAPPING events from decorations provider vscode.git 7033
2026-01-08 13:27:25.219 [warning] [Decorations] CAPPING events from decorations provider vscode.git 7033
2026-01-08 13:27:30.284 [warning] [Decorations] CAPPING events from decorations provider vscode.git 7033
2026-01-08 13:27:35.351 [warning] [Decorations] CAPPING events from decorations provider vscode.git 7033
2026-01-08 13:27:40.415 [warning] [Decorations] CAPPING events from decorations provider vscode.git 7033
2026-01-08 13:27:46.216 [warning] [Decorations] CAPPING events from decorations provider vscode.git 7033
2026-01-08 13:27:51.281 [warning] [Decorations] CAPPING events from decorations provider vscode.git 7033
2026-01-08 13:27:56.346 [warning] [Decorations] CAPPING events from decorations provider vscode.git 7033
2026-01-08 13:28:01.414 [warning] [Decorations] CAPPING events from decorations provider vscode.git 7033
2026-01-08 13:28:06.478 [warning] [Decorations] CAPPING events from decorations provider vscode.git 7033
2026-01-08 13:28:14.224 [warning] [Decorations] CAPPING events from decorations provider vscode.git 7033
2026-01-08 13:28:19.295 [warning] [Decorations] CAPPING events from decorations provider vscode.git 7033
2026-01-08 13:28:24.363 [warning] [Decorations] CAPPING events from decorations provider vscode.git 7033
2026-01-08 13:28:29.429 [warning] [Decorations] CAPPING events from decorations provider vscode.git 7033
2026-01-08 13:28:34.498 [warning] [Decorations] CAPPING events from decorations provider vscode.git 7033
2026-01-08 13:28:39.561 [warning] [Decorations] CAPPING events from decorations provider vscode.git 7033
2026-01-08 13:28:44.623 [warning] [Decorations] CAPPING events from decorations provider vscode.git 7033
2026-01-08 13:28:45.825 [warning] [Decorations] CAPPING events from decorations provider vscode.git 7033
2026-01-08 13:28:49.701 [warning] [Decorations] CAPPING events from decorations provider vscode.git 7033
2026-01-08 13:28:54.769 [warning] [Decorations] CAPPING events from decorations provider vscode.git 7033
2026-01-08 13:28:59.837 [warning] [Decorations] CAPPING events from decorations provider vscode.git 7033
2026-01-08 13:29:04.902 [warning] [Decorations] CAPPING events from decorations provider vscode.git 7033
2026-01-08 13:29:10.493 [warning] [Decorations] CAPPING events from decorations provider vscode.git 7033
2026-01-08 13:29:15.558 [warning] [Decorations] CAPPING events from decorations provider vscode.git 7033
2026-01-08 13:29:20.623 [warning] [Decorations] CAPPING events from decorations provider vscode.git 7033
2026-01-08 13:29:25.689 [warning] [Decorations] CAPPING events from decorations provider vscode.git 7033
2026-01-08 13:29:30.752 [warning] [Decorations] CAPPING events from decorations provider vscode.git 7033
2026-01-08 13:29:35.822 [warning] [Decorations] CAPPING events from decorations provider vscode.git 7033
2026-01-08 13:29:40.889 [warning] [Decorations] CAPPING events from decorations provider vscode.git 7033
2026-01-08 13:29:45.955 [warning] [Decorations] CAPPING events from decorations provider vscode.git 7033
2026-01-08 13:29:51.028 [warning] [Decorations] CAPPING events from decorations provider vscode.git 7033
2026-01-08 13:29:56.096 [warning] [Decorations] CAPPING events from decorations provider vscode.git 7033
2026-01-08 13:30:01.165 [warning] [Decorations] CAPPING events from decorations provider vscode.git 7033
2026-01-08 13:30:06.235 [warning] [Decorations] CAPPING events from decorations provider vscode.git 7033
2026-01-08 13:30:11.310 [warning] [Decorations] CAPPING events from decorations provider vscode.git 7033
2026-01-08 13:30:16.381 [warning] [Decorations] CAPPING events from decorations provider vscode.git 7033
2026-01-08 13:30:21.449 [warning] [Decorations] CAPPING events from decorations provider vscode.git 7033
2026-01-08 13:30:29.576 [info] ExtensionService#_doActivateExtension vscode.markdown-language-features, startup: false, activationEvent: 'onLanguage:markdown'
2026-01-08 13:30:33.048 [warning] [Decorations] CAPPING events from decorations provider vscode.git 7039
2026-01-08 13:30:39.055 [warning] [Decorations] CAPPING events from decorations provider vscode.git 7039
2026-01-08 13:30:44.128 [warning] [Decorations] CAPPING events from decorations provider vscode.git 7042
2026-01-08 13:30:49.199 [warning] [Decorations] CAPPING events from decorations provider vscode.git 7042
2026-01-08 13:30:54.266 [warning] [Decorations] CAPPING events from decorations provider vscode.git 7043
2026-01-08 13:30:59.344 [warning] [Decorations] CAPPING events from decorations provider vscode.git 7045
2026-01-08 13:31:04.419 [warning] [Decorations] CAPPING events from decorations provider vscode.git 7045
2026-01-08 13:31:10.101 [warning] [Decorations] CAPPING events from decorations provider vscode.git 7046
2026-01-08 13:31:15.170 [warning] [Decorations] CAPPING events from decorations provider vscode.git 7045
2026-01-08 13:31:20.243 [warning] [Decorations] CAPPING events from decorations provider vscode.git 7045
2026-01-08 13:31:25.319 [warning] [Decorations] CAPPING events from decorations provider vscode.git 7045
2026-01-08 13:31:30.390 [warning] [Decorations] CAPPING events from decorations provider vscode.git 7045
2026-01-08 13:31:35.460 [warning] [Decorations] CAPPING events from decorations provider vscode.git 7045
2026-01-08 13:31:40.530 [warning] [Decorations] CAPPING events from decorations provider vscode.git 7045
2026-01-08 13:31:46.760 [warning] [Decorations] CAPPING events from decorations provider vscode.git 7045
2026-01-08 13:31:46.832 [warning] [Decorations] CAPPING events from decorations provider vscode.git 7045
2026-01-08 13:31:58.551 [warning] [Decorations] CAPPING events from decorations provider vscode.git 7045
2026-01-08 13:32:06.519 [warning] [Decorations] CAPPING events from decorations provider vscode.git 7045
2026-01-08 13:32:11.607 [warning] [Decorations] CAPPING events from decorations provider vscode.git 7045
2026-01-08 13:32:16.675 [warning] [Decorations] CAPPING events from decorations provider vscode.git 7045
2026-01-08 13:32:21.742 [warning] [Decorations] CAPPING events from decorations provider vscode.git 7045
2026-01-08 13:32:28.548 [warning] [Decorations] CAPPING events from decorations provider vscode.git 7046
2026-01-08 13:32:37.552 [warning] [Decorations] CAPPING events from decorations provider vscode.git 7046
2026-01-08 13:32:46.556 [warning] [Decorations] CAPPING events from decorations provider vscode.git 7047
2026-01-08 13:32:53.560 [warning] [Decorations] CAPPING events from decorations provider vscode.git 7049
2026-01-08 13:32:58.627 [warning] [Decorations] CAPPING events from decorations provider vscode.git 7052
2026-01-08 13:33:03.696 [warning] [Decorations] CAPPING events from decorations provider vscode.git 7052
2026-01-08 13:33:08.763 [warning] [Decorations] CAPPING events from decorations provider vscode.git 7053
2026-01-08 13:33:13.829 [warning] [Decorations] CAPPING events from decorations provider vscode.git 7053
2026-01-08 13:33:18.899 [warning] [Decorations] CAPPING events from decorations provider vscode.git 7053
2026-01-08 13:33:23.971 [warning] [Decorations] CAPPING events from decorations provider vscode.git 7053
2026-01-08 13:33:29.040 [warning] [Decorations] CAPPING events from decorations provider vscode.git 7053
2026-01-08 13:33:34.107 [warning] [Decorations] CAPPING events from decorations provider vscode.git 7053
2026-01-08 13:33:39.705 [warning] [Decorations] CAPPING events from decorations provider vscode.git 7053
2026-01-08 13:33:44.775 [warning] [Decorations] CAPPING events from decorations provider vscode.git 7053
2026-01-08 13:33:49.843 [warning] [Decorations] CAPPING events from decorations provider vscode.git 7053
2026-01-08 13:33:54.920 [warning] [Decorations] CAPPING events from decorations provider vscode.git 7053
2026-01-08 13:33:59.987 [warning] [Decorations] CAPPING events from decorations provider vscode.git 7053
2026-01-08 13:34:05.058 [warning] [Decorations] CAPPING events from decorations provider vscode.git 7053
2026-01-08 13:34:10.125 [warning] [Decorations] CAPPING events from decorations provider vscode.git 7053
2026-01-08 13:34:15.190 [warning] [Decorations] CAPPING events from decorations provider vscode.git 7053
2026-01-08 13:34:20.253 [warning] [Decorations] CAPPING events from decorations provider vscode.git 7053
2026-01-08 13:34:25.323 [warning] [Decorations] CAPPING events from decorations provider vscode.git 7053
2026-01-08 13:34:30.399 [warning] [Decorations] CAPPING events from decorations provider vscode.git 7053
2026-01-08 13:34:35.469 [warning] [Decorations] CAPPING events from decorations provider vscode.git 7053
2026-01-08 13:34:40.539 [warning] [Decorations] CAPPING events from decorations provider vscode.git 7053
2026-01-08 13:34:45.614 [warning] [Decorations] CAPPING events from decorations provider vscode.git 7053
2026-01-08 13:34:47.485 [warning] [Decorations] CAPPING events from decorations provider vscode.git 7053
2026-01-08 13:35:04.263 [warning] [Decorations] CAPPING events from decorations provider vscode.git 7054
2026-01-08 13:35:09.333 [warning] [Decorations] CAPPING events from decorations provider vscode.git 7055
2026-01-08 13:35:15.271 [warning] [Decorations] CAPPING events from decorations provider vscode.git 7055
2026-01-08 13:35:20.347 [warning] [Decorations] CAPPING events from decorations provider vscode.git 7055
2026-01-08 13:35:25.413 [warning] [Decorations] CAPPING events from decorations provider vscode.git 7055
2026-01-08 13:35:30.484 [warning] [Decorations] CAPPING events from decorations provider vscode.git 7056
2026-01-08 13:35:35.556 [warning] [Decorations] CAPPING events from decorations provider vscode.git 7055
2026-01-08 13:35:41.287 [warning] [Decorations] CAPPING events from decorations provider vscode.git 7055
2026-01-08 13:35:46.355 [warning] [Decorations] CAPPING events from decorations provider vscode.git 7055
2026-01-08 13:35:51.426 [warning] [Decorations] CAPPING events from decorations provider vscode.git 7055
2026-01-08 13:35:56.496 [warning] [Decorations] CAPPING events from decorations provider vscode.git 7055
2026-01-08 13:36:01.565 [warning] [Decorations] CAPPING events from decorations provider vscode.git 7055
2026-01-08 13:36:06.634 [warning] [Decorations] CAPPING events from decorations provider vscode.git 7055
2026-01-08 13:36:11.704 [warning] [Decorations] CAPPING events from decorations provider vscode.git 7055
2026-01-08 13:36:16.775 [warning] [Decorations] CAPPING events from decorations provider vscode.git 7055
2026-01-08 13:36:21.848 [warning] [Decorations] CAPPING events from decorations provider vscode.git 7055
2026-01-08 13:36:26.947 [warning] [Decorations] CAPPING events from decorations provider vscode.git 7055
2026-01-08 13:36:32.022 [warning] [Decorations] CAPPING events from decorations provider vscode.git 7055
2026-01-08 13:36:33.677 [info] Extension host terminating: received terminate message from renderer
2026-01-08 13:36:33.677 [info] Lock '/home/palantir/.antigravity-server/data/User/workspaceStorage/af088db0ca468070abeb4132d5cbcc80/vscode.lock': Marking the lockfile as scheduled to be released in 6000 ms.
